{"total": {"lines":{"total":7658,"covered":2048,"skipped":0,"pct":26.74},"statements":{"total":7844,"covered":2077,"skipped":0,"pct":26.47},"functions":{"total":1215,"covered":398,"skipped":0,"pct":32.75},"branches":{"total":3999,"covered":743,"skipped":0,"pct":18.57},"branchesTrue":{"total":0,"covered":0,"skipped":0,"pct":100}}
,"/home/ahiya/Ahiya/keens/src/agent/AgentSession.ts": {"lines":{"total":203,"covered":57,"skipped":0,"pct":28.07},"functions":{"total":35,"covered":18,"skipped":0,"pct":51.42},"statements":{"total":203,"covered":57,"skipped":0,"pct":28.07},"branches":{"total":101,"covered":18,"skipped":0,"pct":17.82}}
,"/home/ahiya/Ahiya/keens/src/agent/AgentTreeManager.ts": {"lines":{"total":116,"covered":21,"skipped":0,"pct":18.1},"functions":{"total":26,"covered":3,"skipped":0,"pct":11.53},"statements":{"total":119,"covered":21,"skipped":0,"pct":17.64},"branches":{"total":47,"covered":4,"skipped":0,"pct":8.51}}
,"/home/ahiya/Ahiya/keens/src/agent/ConversationAgent.ts": {"lines":{"total":342,"covered":52,"skipped":0,"pct":15.2},"functions":{"total":43,"covered":8,"skipped":0,"pct":18.6},"statements":{"total":343,"covered":52,"skipped":0,"pct":15.16},"branches":{"total":215,"covered":18,"skipped":0,"pct":8.37}}
,"/home/ahiya/Ahiya/keens/src/agent/KeenAgent.ts": {"lines":{"total":328,"covered":57,"skipped":0,"pct":17.37},"functions":{"total":38,"covered":5,"skipped":0,"pct":13.15},"statements":{"total":336,"covered":57,"skipped":0,"pct":16.96},"branches":{"total":293,"covered":39,"skipped":0,"pct":13.31}}
,"/home/ahiya/Ahiya/keens/src/agent/types.ts": {"lines":{"total":19,"covered":1,"skipped":0,"pct":5.26},"functions":{"total":7,"covered":0,"skipped":0,"pct":0},"statements":{"total":21,"covered":1,"skipped":0,"pct":4.76},"branches":{"total":12,"covered":0,"skipped":0,"pct":0}}
,"/home/ahiya/Ahiya/keens/src/agent/prompts/PromptBuilder.ts": {"lines":{"total":77,"covered":2,"skipped":0,"pct":2.59},"functions":{"total":9,"covered":1,"skipped":0,"pct":11.11},"statements":{"total":78,"covered":2,"skipped":0,"pct":2.56},"branches":{"total":23,"covered":0,"skipped":0,"pct":0}}
,"/home/ahiya/Ahiya/keens/src/agent/prompts/PromptManager.ts": {"lines":{"total":76,"covered":18,"skipped":0,"pct":23.68},"functions":{"total":14,"covered":3,"skipped":0,"pct":21.42},"statements":{"total":76,"covered":18,"skipped":0,"pct":23.68},"branches":{"total":19,"covered":3,"skipped":0,"pct":15.78}}
,"/home/ahiya/Ahiya/keens/src/agent/prompts/PromptRenderer.ts": {"lines":{"total":73,"covered":1,"skipped":0,"pct":1.36},"functions":{"total":16,"covered":0,"skipped":0,"pct":0},"statements":{"total":76,"covered":1,"skipped":0,"pct":1.31},"branches":{"total":48,"covered":0,"skipped":0,"pct":0}}
,"/home/ahiya/Ahiya/keens/src/agent/prompts/PromptTemplates.ts": {"lines":{"total":43,"covered":30,"skipped":0,"pct":69.76},"functions":{"total":17,"covered":7,"skipped":0,"pct":41.17},"statements":{"total":44,"covered":30,"skipped":0,"pct":68.18},"branches":{"total":3,"covered":0,"skipped":0,"pct":0}}
,"/home/ahiya/Ahiya/keens/src/agent/prompts/PromptValidator.ts": {"lines":{"total":106,"covered":1,"skipped":0,"pct":0.94},"functions":{"total":10,"covered":0,"skipped":0,"pct":0},"statements":{"total":109,"covered":1,"skipped":0,"pct":0.91},"branches":{"total":82,"covered":0,"skipped":0,"pct":0}}
,"/home/ahiya/Ahiya/keens/src/agent/streaming/StreamingManager.ts": {"lines":{"total":244,"covered":16,"skipped":0,"pct":6.55},"functions":{"total":43,"covered":3,"skipped":0,"pct":6.97},"statements":{"total":245,"covered":16,"skipped":0,"pct":6.53},"branches":{"total":131,"covered":0,"skipped":0,"pct":0}}
,"/home/ahiya/Ahiya/keens/src/agent/tools/ContinueWorkTool.ts": {"lines":{"total":25,"covered":5,"skipped":0,"pct":20},"functions":{"total":4,"covered":2,"skipped":0,"pct":50},"statements":{"total":25,"covered":5,"skipped":0,"pct":20},"branches":{"total":16,"covered":0,"skipped":0,"pct":0}}
,"/home/ahiya/Ahiya/keens/src/agent/tools/CoordinateAgentsTool.ts": {"lines":{"total":40,"covered":3,"skipped":0,"pct":7.5},"functions":{"total":8,"covered":0,"skipped":0,"pct":0},"statements":{"total":41,"covered":3,"skipped":0,"pct":7.31},"branches":{"total":16,"covered":0,"skipped":0,"pct":0}}
,"/home/ahiya/Ahiya/keens/src/agent/tools/DeleteFilesTool.ts": {"lines":{"total":93,"covered":9,"skipped":0,"pct":9.67},"functions":{"total":10,"covered":2,"skipped":0,"pct":20},"statements":{"total":94,"covered":9,"skipped":0,"pct":9.57},"branches":{"total":45,"covered":0,"skipped":0,"pct":0}}
,"/home/ahiya/Ahiya/keens/src/agent/tools/GetAgentStatusTool.ts": {"lines":{"total":100,"covered":2,"skipped":0,"pct":2},"functions":{"total":28,"covered":0,"skipped":0,"pct":0},"statements":{"total":105,"covered":2,"skipped":0,"pct":1.9},"branches":{"total":61,"covered":0,"skipped":0,"pct":0}}
,"/home/ahiya/Ahiya/keens/src/agent/tools/GetProjectTreeTool.ts": {"lines":{"total":57,"covered":8,"skipped":0,"pct":14.03},"functions":{"total":7,"covered":2,"skipped":0,"pct":28.57},"statements":{"total":61,"covered":8,"skipped":0,"pct":13.11},"branches":{"total":28,"covered":0,"skipped":0,"pct":0}}
,"/home/ahiya/Ahiya/keens/src/agent/tools/GitTool.ts": {"lines":{"total":92,"covered":8,"skipped":0,"pct":8.69},"functions":{"total":14,"covered":2,"skipped":0,"pct":14.28},"statements":{"total":99,"covered":8,"skipped":0,"pct":8.08},"branches":{"total":51,"covered":0,"skipped":0,"pct":0}}
,"/home/ahiya/Ahiya/keens/src/agent/tools/ReadFilesTool.ts": {"lines":{"total":29,"covered":5,"skipped":0,"pct":17.24},"functions":{"total":5,"covered":2,"skipped":0,"pct":40},"statements":{"total":29,"covered":5,"skipped":0,"pct":17.24},"branches":{"total":8,"covered":0,"skipped":0,"pct":0}}
,"/home/ahiya/Ahiya/keens/src/agent/tools/ReportCompleteTool.ts": {"lines":{"total":8,"covered":5,"skipped":0,"pct":62.5},"functions":{"total":3,"covered":2,"skipped":0,"pct":66.66},"statements":{"total":8,"covered":5,"skipped":0,"pct":62.5},"branches":{"total":0,"covered":0,"skipped":0,"pct":100}}
,"/home/ahiya/Ahiya/keens/src/agent/tools/ReportPhaseTool.ts": {"lines":{"total":8,"covered":5,"skipped":0,"pct":62.5},"functions":{"total":3,"covered":2,"skipped":0,"pct":66.66},"statements":{"total":8,"covered":5,"skipped":0,"pct":62.5},"branches":{"total":0,"covered":0,"skipped":0,"pct":100}}
,"/home/ahiya/Ahiya/keens/src/agent/tools/RunCommandTool.ts": {"lines":{"total":87,"covered":8,"skipped":0,"pct":9.19},"functions":{"total":11,"covered":2,"skipped":0,"pct":18.18},"statements":{"total":88,"covered":8,"skipped":0,"pct":9.09},"branches":{"total":54,"covered":0,"skipped":0,"pct":0}}
,"/home/ahiya/Ahiya/keens/src/agent/tools/SummonAgentTool.ts": {"lines":{"total":40,"covered":5,"skipped":0,"pct":12.5},"functions":{"total":7,"covered":0,"skipped":0,"pct":0},"statements":{"total":42,"covered":5,"skipped":0,"pct":11.9},"branches":{"total":21,"covered":0,"skipped":0,"pct":0}}
,"/home/ahiya/Ahiya/keens/src/agent/tools/ToolManager.ts": {"lines":{"total":147,"covered":54,"skipped":0,"pct":36.73},"functions":{"total":26,"covered":8,"skipped":0,"pct":30.76},"statements":{"total":147,"covered":54,"skipped":0,"pct":36.73},"branches":{"total":64,"covered":12,"skipped":0,"pct":18.75}}
,"/home/ahiya/Ahiya/keens/src/agent/tools/ValidateProjectTool.ts": {"lines":{"total":56,"covered":6,"skipped":0,"pct":10.71},"functions":{"total":9,"covered":3,"skipped":0,"pct":33.33},"statements":{"total":56,"covered":6,"skipped":0,"pct":10.71},"branches":{"total":42,"covered":0,"skipped":0,"pct":0}}
,"/home/ahiya/Ahiya/keens/src/agent/tools/WriteFilesTool.ts": {"lines":{"total":84,"covered":8,"skipped":0,"pct":9.52},"functions":{"total":6,"covered":2,"skipped":0,"pct":33.33},"statements":{"total":85,"covered":8,"skipped":0,"pct":9.41},"branches":{"total":40,"covered":0,"skipped":0,"pct":0}}
,"/home/ahiya/Ahiya/keens/src/agent/validation/CompilationValidator.ts": {"lines":{"total":158,"covered":0,"skipped":0,"pct":0},"functions":{"total":33,"covered":0,"skipped":0,"pct":0},"statements":{"total":176,"covered":0,"skipped":0,"pct":0},"branches":{"total":61,"covered":0,"skipped":0,"pct":0}}
,"/home/ahiya/Ahiya/keens/src/agent/validation/QualityGateManager.ts": {"lines":{"total":62,"covered":0,"skipped":0,"pct":0},"functions":{"total":26,"covered":0,"skipped":0,"pct":0},"statements":{"total":63,"covered":0,"skipped":0,"pct":0},"branches":{"total":25,"covered":0,"skipped":0,"pct":0}}
,"/home/ahiya/Ahiya/keens/src/agent/validation/ValidationEngine.ts": {"lines":{"total":215,"covered":15,"skipped":0,"pct":6.97},"functions":{"total":30,"covered":1,"skipped":0,"pct":3.33},"statements":{"total":228,"covered":15,"skipped":0,"pct":6.57},"branches":{"total":103,"covered":0,"skipped":0,"pct":0}}
,"/home/ahiya/Ahiya/keens/src/agent/validation/validators/CodeQualityValidator.ts": {"lines":{"total":175,"covered":9,"skipped":0,"pct":5.14},"functions":{"total":12,"covered":1,"skipped":0,"pct":8.33},"statements":{"total":185,"covered":9,"skipped":0,"pct":4.86},"branches":{"total":76,"covered":0,"skipped":0,"pct":0}}
,"/home/ahiya/Ahiya/keens/src/agent/validation/validators/CompletionBlocker.ts": {"lines":{"total":121,"covered":0,"skipped":0,"pct":0},"functions":{"total":12,"covered":0,"skipped":0,"pct":0},"statements":{"total":121,"covered":0,"skipped":0,"pct":0},"branches":{"total":32,"covered":0,"skipped":0,"pct":0}}
,"/home/ahiya/Ahiya/keens/src/agent/validation/validators/DocumentationValidator.ts": {"lines":{"total":221,"covered":4,"skipped":0,"pct":1.8},"functions":{"total":16,"covered":1,"skipped":0,"pct":6.25},"statements":{"total":227,"covered":4,"skipped":0,"pct":1.76},"branches":{"total":73,"covered":0,"skipped":0,"pct":0}}
,"/home/ahiya/Ahiya/keens/src/agent/validation/validators/PerformanceValidator.ts": {"lines":{"total":235,"covered":7,"skipped":0,"pct":2.97},"functions":{"total":18,"covered":1,"skipped":0,"pct":5.55},"statements":{"total":239,"covered":7,"skipped":0,"pct":2.92},"branches":{"total":84,"covered":0,"skipped":0,"pct":0}}
,"/home/ahiya/Ahiya/keens/src/agent/validation/validators/SecurityValidator.ts": {"lines":{"total":160,"covered":7,"skipped":0,"pct":4.37},"functions":{"total":19,"covered":1,"skipped":0,"pct":5.26},"statements":{"total":170,"covered":7,"skipped":0,"pct":4.11},"branches":{"total":58,"covered":0,"skipped":0,"pct":0}}
,"/home/ahiya/Ahiya/keens/src/agent/validation/validators/TestValidator.ts": {"lines":{"total":127,"covered":9,"skipped":0,"pct":7.08},"functions":{"total":10,"covered":1,"skipped":0,"pct":10},"statements":{"total":133,"covered":9,"skipped":0,"pct":6.76},"branches":{"total":76,"covered":0,"skipped":0,"pct":0}}
,"/home/ahiya/Ahiya/keens/src/api/server.ts": {"lines":{"total":129,"covered":100,"skipped":0,"pct":77.51},"functions":{"total":30,"covered":21,"skipped":0,"pct":70},"statements":{"total":129,"covered":100,"skipped":0,"pct":77.51},"branches":{"total":38,"covered":17,"skipped":0,"pct":44.73}}
,"/home/ahiya/Ahiya/keens/src/api/types.ts": {"lines":{"total":18,"covered":12,"skipped":0,"pct":66.66},"functions":{"total":5,"covered":3,"skipped":0,"pct":60},"statements":{"total":18,"covered":12,"skipped":0,"pct":66.66},"branches":{"total":0,"covered":0,"skipped":0,"pct":100}}
,"/home/ahiya/Ahiya/keens/src/api/middleware/authentication.ts": {"lines":{"total":75,"covered":27,"skipped":0,"pct":36},"functions":{"total":14,"covered":6,"skipped":0,"pct":42.85},"statements":{"total":77,"covered":27,"skipped":0,"pct":35.06},"branches":{"total":31,"covered":8,"skipped":0,"pct":25.8}}
,"/home/ahiya/Ahiya/keens/src/api/middleware/errorHandler.ts": {"lines":{"total":50,"covered":32,"skipped":0,"pct":64},"functions":{"total":7,"covered":5,"skipped":0,"pct":71.42},"statements":{"total":50,"covered":32,"skipped":0,"pct":64},"branches":{"total":31,"covered":18,"skipped":0,"pct":58.06}}
,"/home/ahiya/Ahiya/keens/src/api/middleware/rateLimiting.ts": {"lines":{"total":46,"covered":20,"skipped":0,"pct":43.47},"functions":{"total":10,"covered":3,"skipped":0,"pct":30},"statements":{"total":46,"covered":20,"skipped":0,"pct":43.47},"branches":{"total":22,"covered":4,"skipped":0,"pct":18.18}}
,"/home/ahiya/Ahiya/keens/src/api/routes/admin.ts": {"lines":{"total":99,"covered":19,"skipped":0,"pct":19.19},"functions":{"total":20,"covered":1,"skipped":0,"pct":5},"statements":{"total":102,"covered":19,"skipped":0,"pct":18.62},"branches":{"total":46,"covered":0,"skipped":0,"pct":0}}
,"/home/ahiya/Ahiya/keens/src/api/routes/agents.ts": {"lines":{"total":108,"covered":21,"skipped":0,"pct":19.44},"functions":{"total":11,"covered":1,"skipped":0,"pct":9.09},"statements":{"total":108,"covered":21,"skipped":0,"pct":19.44},"branches":{"total":85,"covered":0,"skipped":0,"pct":0}}
,"/home/ahiya/Ahiya/keens/src/api/routes/auth.ts": {"lines":{"total":81,"covered":37,"skipped":0,"pct":45.67},"functions":{"total":13,"covered":5,"skipped":0,"pct":38.46},"statements":{"total":82,"covered":37,"skipped":0,"pct":45.12},"branches":{"total":34,"covered":6,"skipped":0,"pct":17.64}}
,"/home/ahiya/Ahiya/keens/src/api/routes/credits.ts": {"lines":{"total":80,"covered":20,"skipped":0,"pct":25},"functions":{"total":15,"covered":1,"skipped":0,"pct":6.66},"statements":{"total":83,"covered":20,"skipped":0,"pct":24.09},"branches":{"total":99,"covered":0,"skipped":0,"pct":0}}
,"/home/ahiya/Ahiya/keens/src/api/routes/health.ts": {"lines":{"total":34,"covered":28,"skipped":0,"pct":82.35},"functions":{"total":4,"covered":4,"skipped":0,"pct":100},"statements":{"total":34,"covered":28,"skipped":0,"pct":82.35},"branches":{"total":6,"covered":1,"skipped":0,"pct":16.66}}
,"/home/ahiya/Ahiya/keens/src/api/services/AuditLogger.ts": {"lines":{"total":89,"covered":80,"skipped":0,"pct":89.88},"functions":{"total":21,"covered":21,"skipped":0,"pct":100},"statements":{"total":98,"covered":88,"skipped":0,"pct":89.79},"branches":{"total":57,"covered":52,"skipped":0,"pct":91.22}}
,"/home/ahiya/Ahiya/keens/src/api/services/AuthenticationService.ts": {"lines":{"total":122,"covered":107,"skipped":0,"pct":87.7},"functions":{"total":27,"covered":24,"skipped":0,"pct":88.88},"statements":{"total":123,"covered":108,"skipped":0,"pct":87.8},"branches":{"total":73,"covered":60,"skipped":0,"pct":82.19}}
,"/home/ahiya/Ahiya/keens/src/api/services/CreditGatewayService.ts": {"lines":{"total":134,"covered":126,"skipped":0,"pct":94.02},"functions":{"total":23,"covered":23,"skipped":0,"pct":100},"statements":{"total":137,"covered":128,"skipped":0,"pct":93.43},"branches":{"total":63,"covered":45,"skipped":0,"pct":71.42}}
,"/home/ahiya/Ahiya/keens/src/api/websocket/WebSocketManager.ts": {"lines":{"total":168,"covered":151,"skipped":0,"pct":89.88},"functions":{"total":32,"covered":28,"skipped":0,"pct":87.5},"statements":{"total":177,"covered":152,"skipped":0,"pct":85.87},"branches":{"total":64,"covered":42,"skipped":0,"pct":65.62}}
,"/home/ahiya/Ahiya/keens/src/cli/index.ts": {"lines":{"total":108,"covered":0,"skipped":0,"pct":0},"functions":{"total":12,"covered":0,"skipped":0,"pct":0},"statements":{"total":108,"covered":0,"skipped":0,"pct":0},"branches":{"total":18,"covered":0,"skipped":0,"pct":0}}
,"/home/ahiya/Ahiya/keens/src/cli/auth/CLIAuthManager.ts": {"lines":{"total":145,"covered":17,"skipped":0,"pct":11.72},"functions":{"total":22,"covered":1,"skipped":0,"pct":4.54},"statements":{"total":149,"covered":17,"skipped":0,"pct":11.4},"branches":{"total":65,"covered":0,"skipped":0,"pct":0}}
,"/home/ahiya/Ahiya/keens/src/cli/commands/BreatheCommand.ts": {"lines":{"total":187,"covered":9,"skipped":0,"pct":4.81},"functions":{"total":17,"covered":1,"skipped":0,"pct":5.88},"statements":{"total":190,"covered":9,"skipped":0,"pct":4.73},"branches":{"total":133,"covered":0,"skipped":0,"pct":0}}
,"/home/ahiya/Ahiya/keens/src/cli/commands/ConverseCommand.ts": {"lines":{"total":133,"covered":0,"skipped":0,"pct":0},"functions":{"total":15,"covered":0,"skipped":0,"pct":0},"statements":{"total":133,"covered":0,"skipped":0,"pct":0},"branches":{"total":38,"covered":0,"skipped":0,"pct":0}}
,"/home/ahiya/Ahiya/keens/src/cli/commands/EvolveCommand.ts": {"lines":{"total":65,"covered":0,"skipped":0,"pct":0},"functions":{"total":5,"covered":0,"skipped":0,"pct":0},"statements":{"total":65,"covered":0,"skipped":0,"pct":0},"branches":{"total":26,"covered":0,"skipped":0,"pct":0}}
,"/home/ahiya/Ahiya/keens/src/cli/commands/LoginCommand.ts": {"lines":{"total":73,"covered":0,"skipped":0,"pct":0},"functions":{"total":8,"covered":0,"skipped":0,"pct":0},"statements":{"total":73,"covered":0,"skipped":0,"pct":0},"branches":{"total":35,"covered":0,"skipped":0,"pct":0}}
,"/home/ahiya/Ahiya/keens/src/cli/commands/LogoutCommand.ts": {"lines":{"total":33,"covered":0,"skipped":0,"pct":0},"functions":{"total":2,"covered":0,"skipped":0,"pct":0},"statements":{"total":33,"covered":0,"skipped":0,"pct":0},"branches":{"total":10,"covered":0,"skipped":0,"pct":0}}
,"/home/ahiya/Ahiya/keens/src/cli/commands/ManifestCommand.ts": {"lines":{"total":189,"covered":8,"skipped":0,"pct":4.23},"functions":{"total":14,"covered":1,"skipped":0,"pct":7.14},"statements":{"total":189,"covered":8,"skipped":0,"pct":4.23},"branches":{"total":42,"covered":0,"skipped":0,"pct":0}}
,"/home/ahiya/Ahiya/keens/src/cli/commands/StatusCommand.ts": {"lines":{"total":59,"covered":0,"skipped":0,"pct":0},"functions":{"total":3,"covered":0,"skipped":0,"pct":0},"statements":{"total":59,"covered":0,"skipped":0,"pct":0},"branches":{"total":25,"covered":0,"skipped":0,"pct":0}}
,"/home/ahiya/Ahiya/keens/src/cli/commands/VersionCommand.ts": {"lines":{"total":25,"covered":0,"skipped":0,"pct":0},"functions":{"total":3,"covered":0,"skipped":0,"pct":0},"statements":{"total":25,"covered":0,"skipped":0,"pct":0},"branches":{"total":6,"covered":0,"skipped":0,"pct":0}}
,"/home/ahiya/Ahiya/keens/src/cli/utils/progress.ts": {"lines":{"total":44,"covered":5,"skipped":0,"pct":11.36},"functions":{"total":14,"covered":0,"skipped":0,"pct":0},"statements":{"total":46,"covered":5,"skipped":0,"pct":10.86},"branches":{"total":9,"covered":0,"skipped":0,"pct":0}}
,"/home/ahiya/Ahiya/keens/src/cli/utils/validation.ts": {"lines":{"total":58,"covered":10,"skipped":0,"pct":17.24},"functions":{"total":7,"covered":0,"skipped":0,"pct":0},"statements":{"total":58,"covered":10,"skipped":0,"pct":17.24},"branches":{"total":24,"covered":0,"skipped":0,"pct":0}}
,"/home/ahiya/Ahiya/keens/src/config/AnthropicConfig.ts": {"lines":{"total":67,"covered":51,"skipped":0,"pct":76.11},"functions":{"total":14,"covered":11,"skipped":0,"pct":78.57},"statements":{"total":67,"covered":51,"skipped":0,"pct":76.11},"branches":{"total":58,"covered":31,"skipped":0,"pct":53.44}}
,"/home/ahiya/Ahiya/keens/src/config/EnvLoader.ts": {"lines":{"total":92,"covered":28,"skipped":0,"pct":30.43},"functions":{"total":8,"covered":3,"skipped":0,"pct":37.5},"statements":{"total":94,"covered":29,"skipped":0,"pct":30.85},"branches":{"total":43,"covered":8,"skipped":0,"pct":18.6}}
,"/home/ahiya/Ahiya/keens/src/config/database.ts": {"lines":{"total":40,"covered":27,"skipped":0,"pct":67.5},"functions":{"total":6,"covered":5,"skipped":0,"pct":83.33},"statements":{"total":42,"covered":29,"skipped":0,"pct":69.04},"branches":{"total":30,"covered":15,"skipped":0,"pct":50}}
,"/home/ahiya/Ahiya/keens/src/config/index.ts": {"lines":{"total":26,"covered":23,"skipped":0,"pct":88.46},"functions":{"total":17,"covered":1,"skipped":0,"pct":5.88},"statements":{"total":27,"covered":24,"skipped":0,"pct":88.88},"branches":{"total":0,"covered":0,"skipped":0,"pct":100}}
,"/home/ahiya/Ahiya/keens/src/database/DatabaseManager.ts": {"lines":{"total":69,"covered":43,"skipped":0,"pct":62.31},"functions":{"total":17,"covered":10,"skipped":0,"pct":58.82},"statements":{"total":74,"covered":45,"skipped":0,"pct":60.81},"branches":{"total":29,"covered":15,"skipped":0,"pct":51.72}}
,"/home/ahiya/Ahiya/keens/src/database/DatabaseService.ts": {"lines":{"total":26,"covered":26,"skipped":0,"pct":100},"functions":{"total":7,"covered":7,"skipped":0,"pct":100},"statements":{"total":26,"covered":26,"skipped":0,"pct":100},"branches":{"total":1,"covered":1,"skipped":0,"pct":100}}
,"/home/ahiya/Ahiya/keens/src/database/SupabaseManager.ts": {"lines":{"total":77,"covered":23,"skipped":0,"pct":29.87},"functions":{"total":18,"covered":6,"skipped":0,"pct":33.33},"statements":{"total":77,"covered":23,"skipped":0,"pct":29.87},"branches":{"total":25,"covered":1,"skipped":0,"pct":4}}
,"/home/ahiya/Ahiya/keens/src/database/index.ts": {"lines":{"total":29,"covered":29,"skipped":0,"pct":100},"functions":{"total":24,"covered":1,"skipped":0,"pct":4.16},"statements":{"total":35,"covered":35,"skipped":0,"pct":100},"branches":{"total":0,"covered":0,"skipped":0,"pct":100}}
,"/home/ahiya/Ahiya/keens/src/database/dao/AnalyticsDAO.ts": {"lines":{"total":106,"covered":52,"skipped":0,"pct":49.05},"functions":{"total":10,"covered":10,"skipped":0,"pct":100},"statements":{"total":106,"covered":52,"skipped":0,"pct":49.05},"branches":{"total":122,"covered":72,"skipped":0,"pct":59.01}}
,"/home/ahiya/Ahiya/keens/src/database/dao/CreditDAO.ts": {"lines":{"total":73,"covered":58,"skipped":0,"pct":79.45},"functions":{"total":17,"covered":14,"skipped":0,"pct":82.35},"statements":{"total":73,"covered":58,"skipped":0,"pct":79.45},"branches":{"total":66,"covered":39,"skipped":0,"pct":59.09}}
,"/home/ahiya/Ahiya/keens/src/database/dao/SessionDAO.ts": {"lines":{"total":166,"covered":44,"skipped":0,"pct":26.5},"functions":{"total":27,"covered":5,"skipped":0,"pct":18.51},"statements":{"total":168,"covered":44,"skipped":0,"pct":26.19},"branches":{"total":150,"covered":18,"skipped":0,"pct":12}}
,"/home/ahiya/Ahiya/keens/src/database/dao/UserDAO.ts": {"lines":{"total":163,"covered":41,"skipped":0,"pct":25.15},"functions":{"total":16,"covered":7,"skipped":0,"pct":43.75},"statements":{"total":163,"covered":41,"skipped":0,"pct":25.15},"branches":{"total":99,"covered":24,"skipped":0,"pct":24.24}}
,"/home/ahiya/Ahiya/keens/src/database/dao/ValidationDAO.ts": {"lines":{"total":65,"covered":51,"skipped":0,"pct":78.46},"functions":{"total":18,"covered":16,"skipped":0,"pct":88.88},"statements":{"total":77,"covered":55,"skipped":0,"pct":71.42},"branches":{"total":93,"covered":37,"skipped":0,"pct":39.78}}
,"/home/ahiya/Ahiya/keens/src/database/dao/WebSocketDAO.ts": {"lines":{"total":49,"covered":48,"skipped":0,"pct":97.95},"functions":{"total":14,"covered":14,"skipped":0,"pct":100},"statements":{"total":49,"covered":48,"skipped":0,"pct":97.95},"branches":{"total":33,"covered":29,"skipped":0,"pct":87.87}}
,"/home/ahiya/Ahiya/keens/src/utils/Logger.ts": {"lines":{"total":181,"covered":139,"skipped":0,"pct":76.79},"functions":{"total":47,"covered":33,"skipped":0,"pct":70.21},"statements":{"total":182,"covered":139,"skipped":0,"pct":76.37},"branches":{"total":125,"covered":76,"skipped":0,"pct":60.8}}
,"/home/ahiya/Ahiya/keens/src/utils/ProgressReporter.ts": {"lines":{"total":110,"covered":98,"skipped":0,"pct":89.09},"functions":{"total":26,"covered":23,"skipped":0,"pct":88.46},"statements":{"total":112,"covered":99,"skipped":0,"pct":88.39},"branches":{"total":37,"covered":30,"skipped":0,"pct":81.08}}
}
