TN:
SF:src/agent/AgentSession.ts
FN:86,(anonymous_1)
FN:100,(anonymous_2)
FN:132,(anonymous_3)
FN:215,(anonymous_4)
FN:327,(anonymous_5)
FN:347,(anonymous_6)
FN:351,(anonymous_7)
FN:355,(anonymous_8)
FN:361,(anonymous_9)
FN:365,(anonymous_10)
FN:369,(anonymous_11)
FN:373,(anonymous_12)
FN:396,(anonymous_13)
FN:423,(anonymous_14)
FN:456,(anonymous_15)
FN:463,(anonymous_16)
FN:470,(anonymous_17)
FN:506,(anonymous_18)
FN:576,(anonymous_19)
FN:600,(anonymous_20)
FN:637,(anonymous_21)
FN:673,(anonymous_22)
FN:720,(anonymous_23)
FN:753,(anonymous_24)
FN:760,(anonymous_25)
FN:767,(anonymous_26)
FN:774,(anonymous_27)
FN:781,(anonymous_28)
FN:788,(anonymous_29)
FN:795,(anonymous_30)
FN:802,(anonymous_31)
FN:809,(anonymous_32)
FN:816,(anonymous_33)
FN:933,(anonymous_34)
FN:985,(anonymous_35)
FNF:35
FNH:19
FNDA:26,(anonymous_1)
FNDA:22,(anonymous_2)
FNDA:0,(anonymous_3)
FNDA:0,(anonymous_4)
FNDA:3,(anonymous_5)
FNDA:0,(anonymous_6)
FNDA:0,(anonymous_7)
FNDA:0,(anonymous_8)
FNDA:0,(anonymous_9)
FNDA:0,(anonymous_10)
FNDA:0,(anonymous_11)
FNDA:0,(anonymous_12)
FNDA:1,(anonymous_13)
FNDA:5,(anonymous_14)
FNDA:3,(anonymous_15)
FNDA:1,(anonymous_16)
FNDA:2,(anonymous_17)
FNDA:0,(anonymous_18)
FNDA:0,(anonymous_19)
FNDA:0,(anonymous_20)
FNDA:0,(anonymous_21)
FNDA:2,(anonymous_22)
FNDA:0,(anonymous_23)
FNDA:2,(anonymous_24)
FNDA:2,(anonymous_25)
FNDA:1,(anonymous_26)
FNDA:1,(anonymous_27)
FNDA:1,(anonymous_28)
FNDA:3,(anonymous_29)
FNDA:1,(anonymous_30)
FNDA:4,(anonymous_31)
FNDA:2,(anonymous_32)
FNDA:0,(anonymous_33)
FNDA:0,(anonymous_34)
FNDA:1,(anonymous_35)
DA:7,10
DA:8,10
DA:10,10
DA:11,10
DA:17,10
DA:18,10
DA:54,10
DA:56,26
DA:58,26
DA:59,26
DA:61,26
DA:66,26
DA:67,26
DA:68,26
DA:69,26
DA:70,26
DA:71,26
DA:72,26
DA:75,26
DA:76,26
DA:77,26
DA:78,26
DA:87,26
DA:88,26
DA:89,26
DA:92,26
DA:93,22
DA:101,22
DA:102,22
DA:103,0
DA:106,0
DA:109,22
DA:110,22
DA:111,22
DA:113,22
DA:114,0
DA:121,0
DA:124,0
DA:125,0
DA:133,0
DA:134,0
DA:138,0
DA:139,0
DA:148,0
DA:149,0
DA:150,0
DA:165,0
DA:171,0
DA:173,0
DA:174,0
DA:181,0
DA:186,0
DA:193,0
DA:227,0
DA:229,0
DA:231,0
DA:250,0
DA:251,0
DA:252,0
DA:253,0
DA:254,0
DA:257,0
DA:267,0
DA:270,0
DA:275,0
DA:280,0
DA:281,0
DA:286,0
DA:293,0
DA:300,0
DA:328,3
DA:329,3
DA:346,0
DA:347,0
DA:350,0
DA:351,0
DA:354,0
DA:355,0
DA:359,0
DA:360,0
DA:361,0
DA:364,0
DA:365,0
DA:368,0
DA:369,0
DA:372,0
DA:373,0
DA:376,0
DA:397,1
DA:399,1
DA:400,1
DA:401,1
DA:404,1
DA:405,1
DA:408,1
DA:414,1
DA:415,0
DA:422,1
DA:423,1
DA:424,5
DA:425,0
DA:426,0
DA:432,1
DA:433,1
DA:438,1
DA:443,1
DA:444,0
DA:450,1
DA:457,3
DA:464,1
DA:471,2
DA:485,2
DA:487,2
DA:488,2
DA:491,2
DA:492,0
DA:493,0
DA:494,0
DA:507,0
DA:517,0
DA:520,0
DA:526,0
DA:527,0
DA:540,0
DA:546,0
DA:547,0
DA:550,0
DA:558,0
DA:559,0
DA:563,0
DA:564,0
DA:582,0
DA:594,0
DA:601,0
DA:602,0
DA:604,0
DA:617,0
DA:619,0
DA:620,0
DA:624,0
DA:625,0
DA:644,0
DA:645,0
DA:647,0
DA:648,0
DA:650,0
DA:651,0
DA:653,0
DA:654,0
DA:656,0
DA:657,0
DA:661,0
DA:676,2
DA:682,2
DA:685,0
DA:687,0
DA:695,0
DA:701,0
DA:702,0
DA:709,0
DA:726,0
DA:728,0
DA:740,0
DA:754,2
DA:761,2
DA:768,1
DA:775,1
DA:782,1
DA:789,3
DA:796,1
DA:803,4
DA:810,2
DA:817,0
DA:881,0
DA:882,0
DA:883,0
DA:885,0
DA:886,0
DA:887,0
DA:889,0
DA:890,0
DA:891,0
DA:897,0
DA:898,0
DA:905,0
DA:906,0
DA:914,0
DA:916,0
DA:918,0
DA:919,0
DA:926,0
DA:934,0
DA:935,0
DA:938,0
DA:939,0
DA:947,0
DA:948,0
DA:949,0
DA:957,0
DA:958,0
DA:959,0
DA:967,0
DA:968,0
DA:969,0
DA:976,0
DA:978,0
DA:1018,1
DA:1020,1
LF:208
LH:71
BRDA:92,0,0,22
BRDA:102,1,0,0
BRDA:113,2,0,0
BRDA:133,3,0,0
BRDA:138,4,0,0
BRDA:141,5,0,0
BRDA:141,5,1,0
BRDA:148,6,0,0
BRDA:148,7,0,0
BRDA:148,7,1,0
BRDA:148,7,2,0
BRDA:152,8,0,0
BRDA:152,8,1,0
BRDA:153,9,0,0
BRDA:153,9,1,0
BRDA:173,10,0,0
BRDA:199,11,0,0
BRDA:199,11,1,0
BRDA:227,12,0,0
BRDA:227,12,1,0
BRDA:283,13,0,0
BRDA:283,13,1,0
BRDA:328,14,0,3
BRDA:414,15,0,0
BRDA:424,16,0,0
BRDA:443,17,0,0
BRDA:477,18,0,2
BRDA:477,18,1,0
BRDA:487,19,0,2
BRDA:491,20,0,0
BRDA:493,21,0,0
BRDA:493,22,0,0
BRDA:493,22,1,0
BRDA:496,23,0,0
BRDA:496,23,1,0
BRDA:509,24,0,0
BRDA:509,24,1,0
BRDA:520,25,0,0
BRDA:521,26,0,0
BRDA:521,26,1,0
BRDA:521,26,2,0
BRDA:521,26,3,0
BRDA:528,27,0,0
BRDA:528,27,1,0
BRDA:535,28,0,0
BRDA:535,28,1,0
BRDA:546,29,0,0
BRDA:558,30,0,0
BRDA:563,31,0,0
BRDA:563,32,0,0
BRDA:563,32,1,0
BRDA:566,33,0,0
BRDA:566,33,1,0
BRDA:594,34,0,0
BRDA:594,34,1,0
BRDA:608,35,0,0
BRDA:608,35,1,0
BRDA:619,36,0,0
BRDA:624,37,0,0
BRDA:627,38,0,0
BRDA:627,38,1,0
BRDA:644,39,0,0
BRDA:647,40,0,0
BRDA:650,41,0,0
BRDA:653,42,0,0
BRDA:656,43,0,0
BRDA:676,44,0,2
BRDA:677,45,0,2
BRDA:677,45,1,2
BRDA:677,45,2,2
BRDA:677,45,3,0
BRDA:701,46,0,0
BRDA:729,47,0,0
BRDA:729,47,1,0
BRDA:789,48,0,3
BRDA:789,48,1,2
BRDA:810,49,0,2
BRDA:810,49,1,2
BRDA:831,50,0,0
BRDA:831,50,1,0
BRDA:881,51,0,0
BRDA:881,51,1,0
BRDA:889,52,0,0
BRDA:897,53,0,0
BRDA:905,54,0,0
BRDA:908,55,0,0
BRDA:908,55,1,0
BRDA:918,56,0,0
BRDA:918,57,0,0
BRDA:918,57,1,0
BRDA:921,58,0,0
BRDA:921,58,1,0
BRDA:938,59,0,0
BRDA:941,60,0,0
BRDA:941,60,1,0
BRDA:947,61,0,0
BRDA:951,62,0,0
BRDA:951,62,1,0
BRDA:951,63,0,0
BRDA:951,63,1,0
BRDA:957,64,0,0
BRDA:967,65,0,0
BRDA:971,66,0,0
BRDA:971,66,1,0
BRDA:1047,67,0,1
BRDA:1047,67,1,1
BRDA:1049,68,0,1
BRDA:1049,68,1,1
BRDA:1050,69,0,1
BRDA:1050,69,1,1
BRF:110
BRH:18
end_of_record
TN:
SF:src/agent/AgentTreeManager.ts
FN:30,(anonymous_1)
FN:48,(anonymous_2)
FN:77,(anonymous_3)
FN:85,(anonymous_4)
FN:89,(anonymous_5)
FN:108,(anonymous_6)
FN:119,(anonymous_7)
FN:198,(anonymous_8)
FN:258,(anonymous_9)
FN:282,(anonymous_10)
FN:284,(anonymous_11)
FN:289,(anonymous_12)
FN:290,(anonymous_13)
FN:291,(anonymous_14)
FN:292,(anonymous_15)
FN:301,(anonymous_16)
FN:308,(anonymous_17)
FN:315,(anonymous_18)
FN:326,(anonymous_19)
FN:405,(anonymous_20)
FN:437,(anonymous_21)
FN:488,(anonymous_22)
FN:501,(anonymous_23)
FN:503,(anonymous_24)
FN:509,(anonymous_25)
FN:530,(anonymous_26)
FNF:26
FNH:3
FNDA:4,(anonymous_1)
FNDA:4,(anonymous_2)
FNDA:0,(anonymous_3)
FNDA:0,(anonymous_4)
FNDA:0,(anonymous_5)
FNDA:0,(anonymous_6)
FNDA:0,(anonymous_7)
FNDA:0,(anonymous_8)
FNDA:0,(anonymous_9)
FNDA:0,(anonymous_10)
FNDA:0,(anonymous_11)
FNDA:0,(anonymous_12)
FNDA:0,(anonymous_13)
FNDA:0,(anonymous_14)
FNDA:0,(anonymous_15)
FNDA:0,(anonymous_16)
FNDA:0,(anonymous_17)
FNDA:0,(anonymous_18)
FNDA:0,(anonymous_19)
FNDA:0,(anonymous_20)
FNDA:0,(anonymous_21)
FNDA:4,(anonymous_22)
FNDA:0,(anonymous_23)
FNDA:0,(anonymous_24)
FNDA:0,(anonymous_25)
FNDA:0,(anonymous_26)
DA:7,9
DA:17,9
DA:18,9
DA:19,9
DA:21,9
DA:22,4
DA:23,4
DA:35,4
DA:36,4
DA:37,4
DA:38,4
DA:40,4
DA:41,0
DA:53,4
DA:64,4
DA:65,4
DA:67,4
DA:78,0
DA:79,0
DA:80,0
DA:84,0
DA:86,0
DA:87,0
DA:89,0
DA:91,0
DA:96,0
DA:102,0
DA:113,0
DA:114,0
DA:115,0
DA:119,0
DA:120,0
DA:121,0
DA:124,0
DA:125,0
DA:131,0
DA:144,0
DA:145,0
DA:146,0
DA:149,0
DA:155,0
DA:156,0
DA:157,0
DA:175,0
DA:184,0
DA:192,0
DA:203,0
DA:204,0
DA:205,0
DA:209,0
DA:210,0
DA:211,0
DA:214,0
DA:215,0
DA:216,0
DA:217,0
DA:227,0
DA:228,0
DA:229,0
DA:240,0
DA:247,0
DA:259,0
DA:260,0
DA:261,0
DA:265,0
DA:268,0
DA:269,0
DA:271,0
DA:283,0
DA:284,0
DA:286,0
DA:289,0
DA:290,0
DA:291,0
DA:292,0
DA:302,0
DA:309,0
DA:310,0
DA:311,0
DA:315,0
DA:316,0
DA:317,0
DA:320,0
DA:327,0
DA:399,0
DA:409,0
DA:411,0
DA:421,0
DA:426,0
DA:430,0
DA:443,0
DA:445,0
DA:456,0
DA:470,0
DA:476,0
DA:481,0
DA:489,4
DA:490,3
DA:491,3
DA:492,3
DA:493,3
DA:502,0
DA:503,0
DA:505,0
DA:506,0
DA:509,0
DA:513,0
DA:514,0
DA:516,0
DA:518,0
DA:525,0
DA:530,0
DA:531,0
DA:535,0
DA:536,0
DA:538,0
LF:116
LH:21
BRDA:37,0,0,4
BRDA:37,0,1,1
BRDA:40,1,0,0
BRDA:50,2,0,0
BRDA:79,3,0,0
BRDA:87,4,0,0
BRDA:87,4,1,0
BRDA:114,5,0,0
BRDA:121,6,0,0
BRDA:121,6,1,0
BRDA:124,7,0,0
BRDA:155,8,0,0
BRDA:155,9,0,0
BRDA:155,9,1,0
BRDA:176,10,0,0
BRDA:176,10,1,0
BRDA:204,11,0,0
BRDA:209,12,0,0
BRDA:209,12,1,0
BRDA:214,13,0,0
BRDA:216,14,0,0
BRDA:227,15,0,0
BRDA:227,16,0,0
BRDA:227,16,1,0
BRDA:241,17,0,0
BRDA:241,17,1,0
BRDA:260,18,0,0
BRDA:287,19,0,0
BRDA:287,19,1,0
BRDA:310,20,0,0
BRDA:310,21,0,0
BRDA:310,21,1,0
BRDA:317,22,0,0
BRDA:317,22,1,0
BRDA:399,23,0,0
BRDA:399,23,1,0
BRDA:427,24,0,0
BRDA:427,24,1,0
BRDA:477,25,0,0
BRDA:477,25,1,0
BRDA:489,26,0,3
BRDA:492,27,0,3
BRDA:505,28,0,0
BRDA:511,29,0,0
BRDA:514,30,0,0
BRDA:518,31,0,0
BRDA:518,31,1,0
BRF:47
BRH:4
end_of_record
TN:
SF:src/agent/ConversationAgent.ts
FN:111,(anonymous_1)
FN:166,(anonymous_2)
FN:169,(anonymous_3)
FN:188,(anonymous_4)
FN:220,(anonymous_5)
FN:275,(anonymous_6)
FN:339,(anonymous_7)
FN:357,(anonymous_8)
FN:361,(anonymous_9)
FN:365,(anonymous_10)
FN:369,(anonymous_11)
FN:398,(anonymous_12)
FN:454,(anonymous_13)
FN:526,(anonymous_14)
FN:562,(anonymous_15)
FN:573,(anonymous_16)
FN:631,(anonymous_17)
FN:766,(anonymous_18)
FN:797,(anonymous_19)
FN:862,(anonymous_20)
FN:929,(anonymous_21)
FN:936,(anonymous_22)
FN:959,(anonymous_23)
FN:977,(anonymous_24)
FN:1001,(anonymous_25)
FN:1017,(anonymous_26)
FN:1020,(anonymous_27)
FN:1026,(anonymous_28)
FN:1145,(anonymous_29)
FN:1163,(anonymous_30)
FN:1165,(anonymous_31)
FN:1181,(anonymous_32)
FN:1265,(anonymous_33)
FN:1268,(anonymous_34)
FN:1291,(anonymous_35)
FN:1292,(anonymous_36)
FN:1302,(anonymous_37)
FN:1309,(anonymous_38)
FN:1316,(anonymous_39)
FN:1334,(anonymous_40)
FN:1357,(anonymous_41)
FN:1403,(anonymous_42)
FN:1454,(anonymous_43)
FN:1463,(anonymous_44)
FNF:44
FNH:9
FNDA:5,(anonymous_1)
FNDA:0,(anonymous_2)
FNDA:0,(anonymous_3)
FNDA:5,(anonymous_4)
FNDA:0,(anonymous_5)
FNDA:0,(anonymous_6)
FNDA:0,(anonymous_7)
FNDA:0,(anonymous_8)
FNDA:0,(anonymous_9)
FNDA:0,(anonymous_10)
FNDA:0,(anonymous_11)
FNDA:0,(anonymous_12)
FNDA:0,(anonymous_13)
FNDA:0,(anonymous_14)
FNDA:5,(anonymous_15)
FNDA:0,(anonymous_16)
FNDA:0,(anonymous_17)
FNDA:0,(anonymous_18)
FNDA:0,(anonymous_19)
FNDA:0,(anonymous_20)
FNDA:0,(anonymous_21)
FNDA:0,(anonymous_22)
FNDA:4,(anonymous_23)
FNDA:0,(anonymous_24)
FNDA:0,(anonymous_25)
FNDA:0,(anonymous_26)
FNDA:0,(anonymous_27)
FNDA:0,(anonymous_28)
FNDA:0,(anonymous_29)
FNDA:3,(anonymous_30)
FNDA:0,(anonymous_31)
FNDA:1,(anonymous_32)
FNDA:0,(anonymous_33)
FNDA:0,(anonymous_34)
FNDA:0,(anonymous_35)
FNDA:0,(anonymous_36)
FNDA:0,(anonymous_37)
FNDA:0,(anonymous_38)
FNDA:1,(anonymous_39)
FNDA:0,(anonymous_40)
FNDA:0,(anonymous_41)
FNDA:0,(anonymous_42)
FNDA:5,(anonymous_43)
FNDA:10,(anonymous_44)
DA:7,2
DA:9,2
DA:10,2
DA:14,2
DA:15,2
DA:16,2
DA:21,2
DA:22,2
DA:71,2
DA:76,5
DA:80,5
DA:81,5
DA:86,5
DA:87,5
DA:90,5
DA:91,5
DA:92,5
DA:102,5
DA:105,5
DA:112,5
DA:113,5
DA:115,5
DA:124,5
DA:125,5
DA:129,5
DA:138,5
DA:139,5
DA:140,0
DA:143,5
DA:144,5
DA:147,5
DA:160,5
DA:167,0
DA:170,0
DA:175,5
DA:182,5
DA:189,5
DA:190,5
DA:191,0
DA:194,0
DA:197,5
DA:198,5
DA:199,5
DA:201,5
DA:202,0
DA:209,0
DA:212,0
DA:213,0
DA:221,0
DA:222,0
DA:225,0
DA:230,0
DA:231,0
DA:244,0
DA:250,0
DA:252,0
DA:253,0
DA:260,0
DA:265,0
DA:269,0
DA:287,0
DA:299,0
DA:300,0
DA:301,0
DA:303,0
DA:306,0
DA:316,0
DA:319,0
DA:324,0
DA:329,0
DA:340,0
DA:341,0
DA:356,0
DA:357,0
DA:360,0
DA:361,0
DA:364,0
DA:365,0
DA:368,0
DA:369,0
DA:374,0
DA:376,0
DA:378,0
DA:380,0
DA:399,0
DA:401,0
DA:402,0
DA:403,0
DA:406,0
DA:407,0
DA:408,0
DA:411,0
DA:412,0
DA:417,0
DA:423,0
DA:424,0
DA:431,0
DA:436,0
DA:441,0
DA:442,0
DA:448,0
DA:467,0
DA:476,0
DA:479,0
DA:485,0
DA:486,0
DA:498,0
DA:504,0
DA:505,0
DA:512,0
DA:520,0
DA:527,0
DA:533,0
DA:536,0
DA:537,0
DA:548,0
DA:549,0
DA:556,0
DA:563,5
DA:574,0
DA:576,0
DA:578,0
DA:586,0
DA:589,0
DA:590,0
DA:595,0
DA:598,0
DA:603,0
DA:605,0
DA:607,0
DA:613,0
DA:634,0
DA:636,0
DA:639,0
DA:640,0
DA:647,0
DA:648,0
DA:649,0
DA:650,0
DA:651,0
DA:652,0
DA:655,0
DA:656,0
DA:658,0
DA:659,0
DA:661,0
DA:667,0
DA:672,0
DA:673,0
DA:677,0
DA:678,0
DA:679,0
DA:680,0
DA:682,0
DA:683,0
DA:684,0
DA:685,0
DA:686,0
DA:687,0
DA:688,0
DA:689,0
DA:693,0
DA:694,0
DA:699,0
DA:700,0
DA:705,0
DA:708,0
DA:714,0
DA:715,0
DA:716,0
DA:719,0
DA:720,0
DA:724,0
DA:728,0
DA:733,0
DA:734,0
DA:741,0
DA:743,0
DA:748,0
DA:749,0
DA:750,0
DA:751,0
DA:762,0
DA:766,0
DA:778,0
DA:785,0
DA:790,0
DA:801,0
DA:803,0
DA:804,0
DA:805,0
DA:811,0
DA:812,0
DA:823,0
DA:825,0
DA:828,0
DA:834,0
DA:839,0
DA:842,0
DA:849,0
DA:856,0
DA:863,0
DA:865,0
DA:877,0
DA:878,0
DA:879,0
DA:882,0
DA:883,0
DA:884,0
DA:886,0
DA:887,0
DA:888,0
DA:890,0
DA:891,0
DA:893,0
DA:894,0
DA:896,0
DA:897,0
DA:900,0
DA:914,0
DA:918,0
DA:930,0
DA:933,0
DA:934,0
DA:936,0
DA:941,0
DA:945,0
DA:960,4
DA:966,4
DA:969,0
DA:970,0
DA:977,0
DA:986,0
DA:987,0
DA:989,0
DA:994,0
DA:1002,0
DA:1003,0
DA:1006,0
DA:1018,0
DA:1020,0
DA:1030,0
DA:1031,0
DA:1032,0
DA:1035,0
DA:1036,0
DA:1037,0
DA:1038,0
DA:1041,0
DA:1053,0
DA:1066,0
DA:1067,0
DA:1072,0
DA:1073,0
DA:1078,0
DA:1089,0
DA:1094,0
DA:1098,0
DA:1099,0
DA:1100,0
DA:1101,0
DA:1102,0
DA:1105,0
DA:1112,0
DA:1125,0
DA:1139,0
DA:1146,0
DA:1148,0
DA:1150,0
DA:1151,0
DA:1153,0
DA:1154,0
DA:1156,0
DA:1165,3
DA:1166,0
DA:1167,0
DA:1175,3
DA:1183,1
DA:1185,1
DA:1186,1
DA:1189,0
DA:1190,0
DA:1191,0
DA:1193,0
DA:1210,0
DA:1211,0
DA:1212,0
DA:1213,0
DA:1216,0
DA:1235,0
DA:1236,0
DA:1242,0
DA:1256,0
DA:1264,0
DA:1265,0
DA:1267,0
DA:1268,0
DA:1273,0
DA:1282,0
DA:1284,0
DA:1290,0
DA:1291,0
DA:1292,0
DA:1295,0
DA:1303,0
DA:1304,0
DA:1307,0
DA:1308,0
DA:1309,0
DA:1317,1
DA:1318,1
DA:1319,1
DA:1322,1
DA:1323,0
DA:1343,0
DA:1359,0
DA:1361,0
DA:1367,0
DA:1368,0
DA:1383,0
DA:1384,0
DA:1391,0
DA:1404,0
DA:1408,0
DA:1412,0
DA:1417,0
DA:1421,0
DA:1455,5
DA:1456,5
DA:1457,5
DA:1464,10
DA:1465,0
DA:1466,0
DA:1467,0
LF:334
LH:55
BRDA:124,0,0,5
BRDA:139,1,0,0
BRDA:139,2,0,5
BRDA:139,2,1,5
BRDA:152,3,0,5
BRDA:152,3,1,0
BRDA:164,4,0,5
BRDA:164,4,1,5
BRDA:165,5,0,5
BRDA:165,5,1,5
BRDA:178,6,0,5
BRDA:178,6,1,5
BRDA:190,7,0,0
BRDA:201,8,0,0
BRDA:221,9,0,0
BRDA:225,10,0,0
BRDA:226,11,0,0
BRDA:226,11,1,0
BRDA:226,11,2,0
BRDA:252,12,0,0
BRDA:340,13,0,0
BRDA:374,14,0,0
BRDA:374,14,1,0
BRDA:376,15,0,0
BRDA:376,15,1,0
BRDA:378,16,0,0
BRDA:378,16,1,0
BRDA:401,17,0,0
BRDA:423,18,0,0
BRDA:441,19,0,0
BRDA:457,20,0,0
BRDA:468,21,0,0
BRDA:468,21,1,0
BRDA:474,22,0,0
BRDA:474,22,1,0
BRDA:479,23,0,0
BRDA:480,24,0,0
BRDA:480,24,1,0
BRDA:480,24,2,0
BRDA:480,24,3,0
BRDA:492,25,0,0
BRDA:492,25,1,0
BRDA:493,26,0,0
BRDA:493,26,1,0
BRDA:494,27,0,0
BRDA:494,27,1,0
BRDA:504,28,0,0
BRDA:507,29,0,0
BRDA:507,29,1,0
BRDA:527,30,0,0
BRDA:528,31,0,0
BRDA:528,31,1,0
BRDA:528,31,2,0
BRDA:528,31,3,0
BRDA:548,32,0,0
BRDA:564,33,0,5
BRDA:564,33,1,5
BRDA:564,33,2,5
BRDA:589,34,0,0
BRDA:672,35,0,0
BRDA:672,36,0,0
BRDA:672,36,1,0
BRDA:683,37,0,0
BRDA:683,37,1,0
BRDA:683,38,0,0
BRDA:683,38,1,0
BRDA:685,39,0,0
BRDA:685,39,1,0
BRDA:685,40,0,0
BRDA:685,40,1,0
BRDA:687,41,0,0
BRDA:687,41,1,0
BRDA:689,42,0,0
BRDA:689,42,1,0
BRDA:690,43,0,0
BRDA:690,43,1,0
BRDA:696,44,0,0
BRDA:696,44,1,0
BRDA:699,45,0,0
BRDA:714,46,0,0
BRDA:719,47,0,0
BRDA:733,48,0,0
BRDA:743,49,0,0
BRDA:743,49,1,0
BRDA:743,49,2,0
BRDA:749,50,0,0
BRDA:763,51,0,0
BRDA:763,51,1,0
BRDA:765,52,0,0
BRDA:765,52,1,0
BRDA:769,53,0,0
BRDA:769,53,1,0
BRDA:775,54,0,0
BRDA:775,54,1,0
BRDA:781,55,0,0
BRDA:781,55,1,0
BRDA:877,56,0,0
BRDA:877,56,1,0
BRDA:882,57,0,0
BRDA:886,58,0,0
BRDA:890,59,0,0
BRDA:893,60,0,0
BRDA:896,61,0,0
BRDA:907,62,0,0
BRDA:907,62,1,0
BRDA:909,63,0,0
BRDA:909,63,1,0
BRDA:915,64,0,0
BRDA:915,64,1,0
BRDA:941,65,0,0
BRDA:941,65,1,0
BRDA:960,66,0,4
BRDA:961,67,0,4
BRDA:961,67,1,4
BRDA:961,67,2,4
BRDA:961,67,3,0
BRDA:978,68,0,0
BRDA:978,68,1,0
BRDA:1002,69,0,0
BRDA:1008,70,0,0
BRDA:1008,70,1,0
BRDA:1009,71,0,0
BRDA:1009,71,1,0
BRDA:1010,72,0,0
BRDA:1010,72,1,0
BRDA:1037,73,0,0
BRDA:1046,74,0,0
BRDA:1046,74,1,0
BRDA:1066,75,0,0
BRDA:1066,75,1,0
BRDA:1079,76,0,0
BRDA:1079,76,1,0
BRDA:1098,77,0,0
BRDA:1100,78,0,0
BRDA:1100,78,1,0
BRDA:1101,79,0,0
BRDA:1101,79,1,0
BRDA:1102,80,0,0
BRDA:1102,80,1,0
BRDA:1146,81,0,0
BRDA:1146,81,1,0
BRDA:1146,81,2,0
BRDA:1146,81,3,0
BRDA:1150,82,0,0
BRDA:1150,82,1,0
BRDA:1151,83,0,0
BRDA:1151,83,1,0
BRDA:1153,84,0,0
BRDA:1153,84,1,0
BRDA:1154,85,0,0
BRDA:1154,85,1,0
BRDA:1166,86,0,0
BRDA:1185,87,0,1
BRDA:1212,88,0,0
BRDA:1227,89,0,0
BRDA:1227,89,1,0
BRDA:1235,90,0,0
BRDA:1237,91,0,0
BRDA:1237,91,1,0
BRDA:1238,92,0,0
BRDA:1238,92,1,0
BRDA:1239,93,0,0
BRDA:1239,93,1,0
BRDA:1244,94,0,0
BRDA:1244,94,1,0
BRDA:1245,95,0,0
BRDA:1245,95,1,0
BRDA:1246,96,0,0
BRDA:1246,96,1,0
BRDA:1274,97,0,0
BRDA:1274,97,1,0
BRDA:1276,98,0,0
BRDA:1276,98,1,0
BRDA:1277,99,0,0
BRDA:1277,99,1,0
BRDA:1295,100,0,0
BRDA:1295,100,1,0
BRDA:1303,101,0,0
BRDA:1322,102,0,0
BRDA:1361,103,0,0
BRDA:1362,104,0,0
BRDA:1362,104,1,0
BRDA:1362,104,2,0
BRDA:1362,104,3,0
BRDA:1383,105,0,0
BRDA:1404,106,0,0
BRDA:1404,106,1,0
BRDA:1405,107,0,0
BRDA:1405,107,1,0
BRDA:1405,108,0,0
BRDA:1405,108,1,0
BRDA:1408,109,0,0
BRDA:1408,109,1,0
BRDA:1412,110,0,0
BRDA:1412,110,1,0
BRDA:1417,111,0,0
BRDA:1417,111,1,0
BRDA:1464,112,0,0
BRDA:1464,113,0,10
BRDA:1464,113,1,10
BRDA:1466,114,0,0
BRDA:1466,115,0,0
BRDA:1466,115,1,0
BRF:203
BRH:20
end_of_record
TN:
SF:src/agent/KeenAgent.ts
FN:60,(anonymous_1)
FN:154,(anonymous_2)
FN:157,(anonymous_3)
FN:206,(anonymous_4)
FN:258,(anonymous_5)
FN:292,(anonymous_6)
FN:343,(anonymous_7)
FN:378,(anonymous_8)
FN:418,(anonymous_9)
FN:565,(anonymous_10)
FN:587,(anonymous_11)
FN:673,(anonymous_12)
FN:711,(anonymous_13)
FN:737,(anonymous_14)
FN:898,(anonymous_15)
FN:936,(anonymous_16)
FN:949,(anonymous_17)
FN:1113,(anonymous_18)
FN:1133,(anonymous_19)
FN:1149,(anonymous_20)
FN:1162,(anonymous_21)
FN:1200,(anonymous_22)
FN:1264,(anonymous_23)
FN:1275,(anonymous_24)
FN:1287,(anonymous_25)
FN:1299,(anonymous_26)
FN:1303,(anonymous_27)
FN:1307,(anonymous_28)
FN:1311,(anonymous_29)
FN:1315,(anonymous_30)
FN:1319,(anonymous_31)
FN:1323,(anonymous_32)
FN:1327,(anonymous_33)
FN:1331,(anonymous_34)
FN:1335,(anonymous_35)
FN:1339,(anonymous_36)
FN:1343,(anonymous_37)
FN:1348,(anonymous_38)
FNF:38
FNH:5
FNDA:4,(anonymous_1)
FNDA:0,(anonymous_2)
FNDA:0,(anonymous_3)
FNDA:4,(anonymous_4)
FNDA:0,(anonymous_5)
FNDA:0,(anonymous_6)
FNDA:0,(anonymous_7)
FNDA:0,(anonymous_8)
FNDA:0,(anonymous_9)
FNDA:0,(anonymous_10)
FNDA:0,(anonymous_11)
FNDA:0,(anonymous_12)
FNDA:0,(anonymous_13)
FNDA:0,(anonymous_14)
FNDA:0,(anonymous_15)
FNDA:0,(anonymous_16)
FNDA:0,(anonymous_17)
FNDA:0,(anonymous_18)
FNDA:0,(anonymous_19)
FNDA:0,(anonymous_20)
FNDA:0,(anonymous_21)
FNDA:0,(anonymous_22)
FNDA:4,(anonymous_23)
FNDA:4,(anonymous_24)
FNDA:17,(anonymous_25)
FNDA:0,(anonymous_26)
FNDA:0,(anonymous_27)
FNDA:0,(anonymous_28)
FNDA:0,(anonymous_29)
FNDA:0,(anonymous_30)
FNDA:0,(anonymous_31)
FNDA:0,(anonymous_32)
FNDA:0,(anonymous_33)
FNDA:0,(anonymous_34)
FNDA:0,(anonymous_35)
FNDA:0,(anonymous_36)
FNDA:0,(anonymous_37)
FNDA:0,(anonymous_38)
DA:8,9
DA:10,9
DA:11,9
DA:12,9
DA:16,9
DA:23,9
DA:24,9
DA:25,9
DA:27,9
DA:30,9
DA:32,9
DA:39,4
DA:56,4
DA:57,4
DA:58,4
DA:70,4
DA:71,4
DA:72,4
DA:75,4
DA:76,4
DA:77,4
DA:78,4
DA:79,4
DA:80,4
DA:82,4
DA:102,4
DA:103,0
DA:107,4
DA:110,4
DA:119,4
DA:120,4
DA:121,1
DA:124,3
DA:125,3
DA:127,3
DA:135,3
DA:148,3
DA:155,0
DA:158,0
DA:163,3
DA:171,3
DA:172,3
DA:181,3
DA:197,3
DA:207,4
DA:208,4
DA:215,4
DA:217,4
DA:223,4
DA:228,0
DA:235,4
DA:243,0
DA:246,0
DA:251,0
DA:259,0
DA:260,0
DA:263,0
DA:264,0
DA:267,0
DA:268,0
DA:271,0
DA:273,0
DA:278,0
DA:281,0
DA:293,0
DA:294,0
DA:297,0
DA:298,0
DA:322,0
DA:324,0
DA:331,0
DA:334,0
DA:349,0
DA:350,0
DA:353,0
DA:354,0
DA:356,0
DA:357,0
DA:358,0
DA:359,0
DA:361,0
DA:367,0
DA:369,0
DA:385,0
DA:386,0
DA:389,0
DA:390,0
DA:403,0
DA:409,0
DA:419,0
DA:421,0
DA:422,0
DA:435,0
DA:436,0
DA:439,0
DA:440,0
DA:442,0
DA:444,0
DA:445,0
DA:446,0
DA:447,0
DA:448,0
DA:451,0
DA:452,0
DA:454,0
DA:457,0
DA:458,0
DA:460,0
DA:461,0
DA:464,0
DA:475,0
DA:476,0
DA:477,0
DA:479,0
DA:481,0
DA:486,0
DA:491,0
DA:494,0
DA:499,0
DA:502,0
DA:505,0
DA:506,0
DA:507,0
DA:508,0
DA:509,0
DA:514,0
DA:515,0
DA:524,0
DA:532,0
DA:534,0
DA:540,0
DA:541,0
DA:554,0
DA:555,0
DA:564,0
DA:565,0
DA:566,0
DA:567,0
DA:574,0
DA:582,0
DA:583,0
DA:587,0
DA:592,0
DA:598,0
DA:603,0
DA:612,0
DA:618,0
DA:619,0
DA:632,0
DA:642,0
DA:653,0
DA:655,0
DA:674,0
DA:690,0
DA:701,0
DA:702,0
DA:704,0
DA:712,0
DA:714,0
DA:715,0
DA:718,0
DA:719,0
DA:723,0
DA:724,0
DA:726,0
DA:729,0
DA:731,0
DA:741,0
DA:742,0
DA:744,0
DA:746,0
DA:749,0
DA:750,0
DA:751,0
DA:752,0
DA:757,0
DA:770,0
DA:771,0
DA:772,0
DA:773,0
DA:774,0
DA:775,0
DA:776,0
DA:781,0
DA:793,0
DA:794,0
DA:799,0
DA:800,0
DA:806,0
DA:817,0
DA:822,0
DA:826,0
DA:827,0
DA:828,0
DA:829,0
DA:830,0
DA:833,0
DA:840,0
DA:853,0
DA:865,0
DA:867,0
DA:873,0
DA:874,0
DA:879,0
DA:880,0
DA:885,0
DA:886,0
DA:891,0
DA:899,0
DA:901,0
DA:902,0
DA:903,0
DA:904,0
DA:905,0
DA:906,0
DA:911,0
DA:915,0
DA:918,0
DA:919,0
DA:920,0
DA:925,0
DA:944,0
DA:946,0
DA:949,0
DA:953,0
DA:954,0
DA:955,0
DA:962,0
DA:964,0
DA:969,0
DA:971,0
DA:972,0
DA:977,0
DA:980,0
DA:981,0
DA:982,0
DA:986,0
DA:988,0
DA:989,0
DA:990,0
DA:995,0
DA:1002,0
DA:1003,0
DA:1020,0
DA:1021,0
DA:1022,0
DA:1025,0
DA:1035,0
DA:1041,0
DA:1042,0
DA:1045,0
DA:1053,0
DA:1054,0
DA:1055,0
DA:1056,0
DA:1061,0
DA:1065,0
DA:1068,0
DA:1069,0
DA:1073,0
DA:1076,0
DA:1080,0
DA:1084,0
DA:1090,0
DA:1099,0
DA:1104,0
DA:1114,0
DA:1124,0
DA:1125,0
DA:1126,0
DA:1134,0
DA:1136,0
DA:1137,0
DA:1139,0
DA:1140,0
DA:1141,0
DA:1142,0
DA:1143,0
DA:1145,0
DA:1148,0
DA:1150,0
DA:1151,0
DA:1152,0
DA:1154,0
DA:1163,0
DA:1165,0
DA:1166,0
DA:1169,0
DA:1170,0
DA:1171,0
DA:1172,0
DA:1174,0
DA:1176,0
DA:1177,0
DA:1178,0
DA:1179,0
DA:1180,0
DA:1181,0
DA:1182,0
DA:1183,0
DA:1188,0
DA:1189,0
DA:1206,0
DA:1207,0
DA:1209,0
DA:1265,4
DA:1276,4
DA:1277,4
DA:1278,4
DA:1281,4
DA:1288,17
DA:1290,17
DA:1291,15
DA:1292,15
DA:1293,12
DA:1300,0
DA:1304,0
DA:1308,0
DA:1312,0
DA:1316,0
DA:1320,0
DA:1324,0
DA:1328,0
DA:1332,0
DA:1336,0
DA:1340,0
DA:1344,0
DA:1349,0
LF:328
LH:57
BRDA:76,0,0,4
BRDA:76,0,1,4
BRDA:77,1,0,4
BRDA:77,1,1,4
BRDA:78,2,0,4
BRDA:78,2,1,4
BRDA:79,3,0,4
BRDA:79,3,1,4
BRDA:80,4,0,4
BRDA:80,4,1,4
BRDA:102,5,0,0
BRDA:112,6,0,4
BRDA:112,6,1,3
BRDA:120,7,0,1
BRDA:120,8,0,4
BRDA:120,8,1,4
BRDA:140,9,0,3
BRDA:140,9,1,0
BRDA:149,10,0,3
BRDA:149,10,1,0
BRDA:152,11,0,3
BRDA:152,11,1,0
BRDA:153,12,0,3
BRDA:153,12,1,0
BRDA:164,13,0,3
BRDA:164,13,1,0
BRDA:166,14,0,3
BRDA:166,14,1,0
BRDA:184,15,0,3
BRDA:184,15,1,0
BRDA:187,16,0,3
BRDA:187,16,1,0
BRDA:188,17,0,3
BRDA:188,17,1,0
BRDA:189,18,0,3
BRDA:189,18,1,0
BRDA:211,19,0,4
BRDA:211,19,1,1
BRDA:215,20,0,4
BRDA:215,20,1,0
BRDA:220,21,0,4
BRDA:220,21,1,0
BRDA:259,22,0,0
BRDA:267,23,0,0
BRDA:279,24,0,0
BRDA:279,24,1,0
BRDA:293,25,0,0
BRDA:293,26,0,0
BRDA:293,26,1,0
BRDA:293,26,2,0
BRDA:303,27,0,0
BRDA:303,27,1,0
BRDA:306,28,0,0
BRDA:306,28,1,0
BRDA:332,29,0,0
BRDA:332,29,1,0
BRDA:349,30,0,0
BRDA:349,31,0,0
BRDA:349,31,1,0
BRDA:349,31,2,0
BRDA:356,32,0,0
BRDA:357,33,0,0
BRDA:358,34,0,0
BRDA:359,35,0,0
BRDA:370,36,0,0
BRDA:370,36,1,0
BRDA:385,37,0,0
BRDA:385,38,0,0
BRDA:385,38,1,0
BRDA:385,38,2,0
BRDA:396,39,0,0
BRDA:396,39,1,0
BRDA:397,40,0,0
BRDA:397,40,1,0
BRDA:398,41,0,0
BRDA:398,41,1,0
BRDA:410,42,0,0
BRDA:410,42,1,0
BRDA:427,43,0,0
BRDA:427,43,1,0
BRDA:446,44,0,0
BRDA:446,44,1,0
BRDA:460,45,0,0
BRDA:481,46,0,0
BRDA:482,47,0,0
BRDA:482,47,1,0
BRDA:482,47,2,0
BRDA:505,48,0,0
BRDA:507,49,0,0
BRDA:507,50,0,0
BRDA:507,50,1,0
BRDA:508,51,0,0
BRDA:514,52,0,0
BRDA:532,53,0,0
BRDA:540,54,0,0
BRDA:540,55,0,0
BRDA:540,55,1,0
BRDA:540,55,2,0
BRDA:564,56,0,0
BRDA:564,57,0,0
BRDA:564,57,1,0
BRDA:566,58,0,0
BRDA:566,58,1,0
BRDA:618,59,0,0
BRDA:618,60,0,0
BRDA:618,60,1,0
BRDA:618,60,2,0
BRDA:659,61,0,0
BRDA:659,61,1,0
BRDA:675,62,0,0
BRDA:675,62,1,0
BRDA:676,63,0,0
BRDA:676,63,1,0
BRDA:691,64,0,0
BRDA:691,64,1,0
BRDA:701,65,0,0
BRDA:701,65,1,0
BRDA:714,66,0,0
BRDA:718,67,0,0
BRDA:719,68,0,0
BRDA:719,68,1,0
BRDA:723,69,0,0
BRDA:723,69,1,0
BRDA:750,70,0,0
BRDA:762,71,0,0
BRDA:762,71,1,0
BRDA:772,72,0,0
BRDA:772,73,0,0
BRDA:772,73,1,0
BRDA:773,74,0,0
BRDA:773,74,1,0
BRDA:773,75,0,0
BRDA:773,75,1,0
BRDA:775,76,0,0
BRDA:775,77,0,0
BRDA:775,77,1,0
BRDA:793,78,0,0
BRDA:793,78,1,0
BRDA:807,79,0,0
BRDA:807,79,1,0
BRDA:826,80,0,0
BRDA:828,81,0,0
BRDA:828,81,1,0
BRDA:829,82,0,0
BRDA:829,82,1,0
BRDA:830,83,0,0
BRDA:830,83,1,0
BRDA:873,84,0,0
BRDA:879,85,0,0
BRDA:885,86,0,0
BRDA:885,87,0,0
BRDA:885,87,1,0
BRDA:899,88,0,0
BRDA:899,89,0,0
BRDA:899,89,1,0
BRDA:902,90,0,0
BRDA:902,90,1,0
BRDA:902,91,0,0
BRDA:902,91,1,0
BRDA:904,92,0,0
BRDA:904,92,1,0
BRDA:904,93,0,0
BRDA:904,93,1,0
BRDA:905,94,0,0
BRDA:911,95,0,0
BRDA:911,95,1,0
BRDA:912,96,0,0
BRDA:912,96,1,0
BRDA:916,97,0,0
BRDA:916,97,1,0
BRDA:918,98,0,0
BRDA:920,99,0,0
BRDA:921,100,0,0
BRDA:921,100,1,0
BRDA:921,100,2,0
BRDA:948,101,0,0
BRDA:948,101,1,0
BRDA:949,102,0,0
BRDA:949,102,1,0
BRDA:953,103,0,0
BRDA:953,104,0,0
BRDA:953,104,1,0
BRDA:962,105,0,0
BRDA:962,105,1,0
BRDA:962,106,0,0
BRDA:962,106,1,0
BRDA:966,107,0,0
BRDA:966,107,1,0
BRDA:969,108,0,0
BRDA:969,108,1,0
BRDA:972,109,0,0
BRDA:973,110,0,0
BRDA:973,110,1,0
BRDA:973,110,2,0
BRDA:981,111,0,0
BRDA:981,112,0,0
BRDA:981,112,1,0
BRDA:986,113,0,0
BRDA:989,114,0,0
BRDA:989,115,0,0
BRDA:989,115,1,0
BRDA:1009,116,0,0
BRDA:1009,116,1,0
BRDA:1010,117,0,0
BRDA:1010,117,1,0
BRDA:1021,118,0,0
BRDA:1021,119,0,0
BRDA:1021,119,1,0
BRDA:1030,120,0,0
BRDA:1030,120,1,0
BRDA:1030,121,0,0
BRDA:1030,121,1,0
BRDA:1041,122,0,0
BRDA:1053,123,0,0
BRDA:1054,124,0,0
BRDA:1054,124,1,0
BRDA:1055,125,0,0
BRDA:1068,126,0,0
BRDA:1125,127,0,0
BRDA:1134,128,0,0
BRDA:1134,129,0,0
BRDA:1134,129,1,0
BRDA:1137,130,0,0
BRDA:1139,131,0,0
BRDA:1142,132,0,0
BRDA:1142,133,0,0
BRDA:1142,133,1,0
BRDA:1151,134,0,0
BRDA:1151,135,0,0
BRDA:1151,135,1,0
BRDA:1163,136,0,0
BRDA:1163,137,0,0
BRDA:1163,137,1,0
BRDA:1165,138,0,0
BRDA:1165,138,1,0
BRDA:1165,139,0,0
BRDA:1165,139,1,0
BRDA:1169,140,0,0
BRDA:1169,140,1,0
BRDA:1169,141,0,0
BRDA:1169,141,1,0
BRDA:1171,142,0,0
BRDA:1171,142,1,0
BRDA:1176,143,0,0
BRDA:1176,143,1,0
BRDA:1176,144,0,0
BRDA:1176,144,1,0
BRDA:1179,145,0,0
BRDA:1179,145,1,0
BRDA:1179,146,0,0
BRDA:1179,146,1,0
BRDA:1181,147,0,0
BRDA:1181,147,1,0
BRDA:1181,148,0,0
BRDA:1181,148,1,0
BRDA:1185,149,0,0
BRDA:1185,149,1,0
BRDA:1185,150,0,0
BRDA:1185,150,1,0
BRDA:1188,151,0,0
BRDA:1191,152,0,0
BRDA:1191,152,1,0
BRDA:1191,153,0,0
BRDA:1191,153,1,0
BRDA:1212,154,0,0
BRDA:1212,154,1,0
BRDA:1212,154,2,0
BRDA:1213,155,0,0
BRDA:1213,155,1,0
BRDA:1213,155,2,0
BRDA:1214,156,0,0
BRDA:1214,156,1,0
BRDA:1215,157,0,0
BRDA:1215,157,1,0
BRDA:1216,158,0,0
BRDA:1216,158,1,0
BRDA:1220,159,0,0
BRDA:1220,159,1,0
BRDA:1242,160,0,0
BRDA:1242,160,1,0
BRDA:1266,161,0,4
BRDA:1266,161,1,4
BRDA:1266,161,2,3
BRDA:1278,162,0,0
BRDA:1278,162,1,4
BRDA:1290,163,0,15
BRDA:1290,164,0,17
BRDA:1290,164,1,2
BRDA:1292,165,0,12
BRDA:1292,166,0,15
BRDA:1292,166,1,12
BRDA:1340,167,0,0
BRDA:1340,167,1,0
BRF:293
BRH:39
end_of_record
TN:
SF:src/agent/types.ts
FN:322,(anonymous_0)
FN:327,(anonymous_1)
FN:328,(anonymous_2)
FN:332,(anonymous_3)
FN:345,(anonymous_4)
FN:352,(anonymous_5)
FN:365,(anonymous_6)
FNF:7
FNH:0
FNDA:0,(anonymous_0)
FNDA:0,(anonymous_1)
FNDA:0,(anonymous_2)
FNDA:0,(anonymous_3)
FNDA:0,(anonymous_4)
FNDA:0,(anonymous_5)
FNDA:0,(anonymous_6)
DA:318,9
DA:323,0
DA:326,0
DA:327,0
DA:329,0
DA:330,0
DA:332,0
DA:334,0
DA:335,0
DA:336,0
DA:339,0
DA:346,0
DA:353,0
DA:354,0
DA:355,0
DA:358,0
DA:359,0
DA:366,0
DA:367,0
LF:19
LH:1
BRDA:322,0,0,0
BRDA:323,1,0,0
BRDA:323,1,1,0
BRDA:346,2,0,0
BRDA:346,2,1,0
BRDA:353,3,0,0
BRDA:354,4,0,0
BRDA:354,5,0,0
BRDA:354,5,1,0
BRDA:366,6,0,0
BRDA:367,7,0,0
BRDA:367,7,1,0
BRF:12
BRH:0
end_of_record
TN:
SF:src/agent/prompts/PromptBuilder.ts
FN:17,(anonymous_0)
FN:24,(anonymous_1)
FN:89,(anonymous_2)
FN:129,(anonymous_3)
FN:162,(anonymous_4)
FN:175,(anonymous_5)
FN:203,(anonymous_6)
FN:214,(anonymous_7)
FN:221,(anonymous_8)
FNF:9
FNH:1
FNDA:1,(anonymous_0)
FNDA:0,(anonymous_1)
FNDA:0,(anonymous_2)
FNDA:0,(anonymous_3)
FNDA:0,(anonymous_4)
FNDA:0,(anonymous_5)
FNDA:0,(anonymous_6)
FNDA:0,(anonymous_7)
FNDA:0,(anonymous_8)
DA:14,9
DA:18,1
DA:25,0
DA:28,0
DA:31,0
DA:34,0
DA:35,0
DA:39,0
DA:41,0
DA:42,0
DA:45,0
DA:46,0
DA:49,0
DA:50,0
DA:54,0
DA:55,0
DA:59,0
DA:62,0
DA:65,0
DA:66,0
DA:70,0
DA:71,0
DA:72,0
DA:76,0
DA:77,0
DA:81,0
DA:83,0
DA:90,0
DA:93,0
DA:96,0
DA:97,0
DA:101,0
DA:102,0
DA:106,0
DA:109,0
DA:112,0
DA:115,0
DA:118,0
DA:121,0
DA:123,0
DA:130,0
DA:133,0
DA:136,0
DA:142,0
DA:143,0
DA:144,0
DA:148,0
DA:149,0
DA:150,0
DA:151,0
DA:152,0
DA:153,0
DA:154,0
DA:156,0
DA:166,0
DA:169,0
DA:172,0
DA:175,0
DA:176,0
DA:179,0
DA:180,0
DA:184,0
DA:187,0
DA:190,0
DA:191,0
DA:195,0
DA:197,0
DA:204,0
DA:205,0
DA:208,0
DA:215,0
DA:222,0
DA:224,0
DA:238,0
DA:248,0
DA:261,0
DA:271,0
LF:77
LH:2
BRDA:34,0,0,0
BRDA:41,1,0,0
BRDA:45,2,0,0
BRDA:45,3,0,0
BRDA:45,3,1,0
BRDA:49,4,0,0
BRDA:54,5,0,0
BRDA:65,6,0,0
BRDA:70,7,0,0
BRDA:76,8,0,0
BRDA:76,9,0,0
BRDA:76,9,1,0
BRDA:96,10,0,0
BRDA:101,11,0,0
BRDA:143,12,0,0
BRDA:179,13,0,0
BRDA:190,14,0,0
BRDA:204,15,0,0
BRDA:222,16,0,0
BRDA:222,16,1,0
BRDA:222,16,2,0
BRDA:222,16,3,0
BRDA:222,16,4,0
BRF:23
BRH:0
end_of_record
TN:
SF:src/agent/prompts/PromptManager.ts
FN:36,(anonymous_0)
FN:49,(anonymous_1)
FN:71,(anonymous_2)
FN:87,(anonymous_3)
FN:119,(anonymous_4)
FN:153,(anonymous_5)
FN:193,(anonymous_6)
FN:200,(anonymous_7)
FN:208,(anonymous_8)
FN:216,(anonymous_9)
FN:223,(anonymous_10)
FN:247,(anonymous_11)
FN:263,getPromptManager
FN:273,resetPromptManager
FNF:14
FNH:3
FNDA:1,(anonymous_0)
FNDA:0,(anonymous_1)
FNDA:0,(anonymous_2)
FNDA:0,(anonymous_3)
FNDA:0,(anonymous_4)
FNDA:0,(anonymous_5)
FNDA:0,(anonymous_6)
FNDA:0,(anonymous_7)
FNDA:0,(anonymous_8)
FNDA:0,(anonymous_9)
FNDA:0,(anonymous_10)
FNDA:1,(anonymous_11)
FNDA:4,getPromptManager
FNDA:0,resetPromptManager
DA:13,9
DA:14,9
DA:15,9
DA:16,9
DA:29,9
DA:37,1
DA:38,1
DA:39,1
DA:40,1
DA:41,1
DA:43,1
DA:50,0
DA:56,0
DA:58,0
DA:61,0
DA:62,0
DA:63,0
DA:67,0
DA:69,0
DA:71,0
DA:75,0
DA:77,0
DA:80,0
DA:88,0
DA:92,0
DA:93,0
DA:94,0
DA:96,0
DA:97,0
DA:100,0
DA:102,0
DA:107,0
DA:109,0
DA:112,0
DA:120,0
DA:125,0
DA:126,0
DA:127,0
DA:129,0
DA:130,0
DA:133,0
DA:135,0
DA:141,0
DA:143,0
DA:146,0
DA:157,0
DA:162,0
DA:163,0
DA:164,0
DA:166,0
DA:167,0
DA:170,0
DA:176,0
DA:181,0
DA:183,0
DA:186,0
DA:194,0
DA:201,0
DA:202,0
DA:209,0
DA:210,0
DA:217,0
DA:230,0
DA:231,0
DA:232,0
DA:233,0
DA:235,0
DA:248,1
DA:249,0
DA:258,9
DA:263,9
DA:264,4
DA:265,1
DA:267,4
DA:273,9
DA:274,0
LF:76
LH:18
BRDA:36,0,0,0
BRDA:37,1,0,1
BRDA:37,1,1,1
BRDA:62,2,0,0
BRDA:78,3,0,0
BRDA:78,3,1,0
BRDA:96,4,0,0
BRDA:110,5,0,0
BRDA:110,5,1,0
BRDA:129,6,0,0
BRDA:144,7,0,0
BRDA:144,7,1,0
BRDA:166,8,0,0
BRDA:184,9,0,0
BRDA:184,9,1,0
BRDA:232,10,0,0
BRDA:232,10,1,0
BRDA:248,11,0,0
BRDA:264,12,0,1
BRF:19
BRH:3
end_of_record
TN:
SF:src/agent/prompts/PromptRenderer.ts
FN:18,(anonymous_0)
FN:39,(anonymous_1)
FN:58,(anonymous_2)
FN:77,(anonymous_3)
FN:92,(anonymous_4)
FN:111,(anonymous_5)
FN:147,(anonymous_6)
FN:161,(anonymous_7)
FN:184,(anonymous_8)
FN:192,(anonymous_9)
FN:212,(anonymous_10)
FN:274,(anonymous_11)
FN:275,(anonymous_12)
FN:284,(anonymous_13)
FN:292,(anonymous_14)
FN:293,(anonymous_15)
FNF:16
FNH:0
FNDA:0,(anonymous_0)
FNDA:0,(anonymous_1)
FNDA:0,(anonymous_2)
FNDA:0,(anonymous_3)
FNDA:0,(anonymous_4)
FNDA:0,(anonymous_5)
FNDA:0,(anonymous_6)
FNDA:0,(anonymous_7)
FNDA:0,(anonymous_8)
FNDA:0,(anonymous_9)
FNDA:0,(anonymous_10)
FNDA:0,(anonymous_11)
FNDA:0,(anonymous_12)
FNDA:0,(anonymous_13)
FNDA:0,(anonymous_14)
FNDA:0,(anonymous_15)
DA:14,9
DA:22,0
DA:25,0
DA:26,0
DA:27,0
DA:33,0
DA:43,0
DA:45,0
DA:46,0
DA:47,0
DA:52,0
DA:62,0
DA:64,0
DA:65,0
DA:66,0
DA:71,0
DA:84,0
DA:86,0
DA:87,0
DA:89,0
DA:91,0
DA:92,0
DA:93,0
DA:96,0
DA:97,0
DA:100,0
DA:105,0
DA:112,0
DA:115,0
DA:116,0
DA:117,0
DA:118,0
DA:119,0
DA:120,0
DA:121,0
DA:124,0
DA:125,0
DA:126,0
DA:127,0
DA:133,0
DA:134,0
DA:135,0
DA:137,0
DA:140,0
DA:145,0
DA:146,0
DA:147,0
DA:149,0
DA:153,0
DA:155,0
DA:162,0
DA:178,0
DA:186,0
DA:193,0
DA:196,0
DA:199,0
DA:200,0
DA:201,0
DA:202,0
DA:206,0
DA:213,0
DA:215,0
DA:229,0
DA:239,0
DA:252,0
DA:262,0
DA:275,0
DA:276,0
DA:277,0
DA:291,0
DA:292,0
DA:293,0
DA:295,0
LF:73
LH:1
BRDA:26,0,0,0
BRDA:46,1,0,0
BRDA:65,2,0,0
BRDA:87,3,0,0
BRDA:91,4,0,0
BRDA:96,5,0,0
BRDA:96,6,0,0
BRDA:96,6,1,0
BRDA:115,7,0,0
BRDA:115,7,1,0
BRDA:116,8,0,0
BRDA:116,8,1,0
BRDA:117,9,0,0
BRDA:117,9,1,0
BRDA:118,10,0,0
BRDA:118,10,1,0
BRDA:119,11,0,0
BRDA:119,11,1,0
BRDA:120,12,0,0
BRDA:120,12,1,0
BRDA:121,13,0,0
BRDA:121,13,1,0
BRDA:124,14,0,0
BRDA:125,15,0,0
BRDA:125,15,1,0
BRDA:126,16,0,0
BRDA:126,16,1,0
BRDA:128,17,0,0
BRDA:128,17,1,0
BRDA:133,18,0,0
BRDA:133,18,1,0
BRDA:141,19,0,0
BRDA:141,19,1,0
BRDA:145,20,0,0
BRDA:178,21,0,0
BRDA:178,21,1,0
BRDA:201,22,0,0
BRDA:201,23,0,0
BRDA:201,23,1,0
BRDA:213,24,0,0
BRDA:213,24,1,0
BRDA:213,24,2,0
BRDA:213,24,3,0
BRDA:213,24,4,0
BRDA:276,25,0,0
BRDA:276,25,1,0
BRDA:276,26,0,0
BRDA:276,26,1,0
BRF:48
BRH:0
end_of_record
TN:
SF:src/agent/prompts/PromptTemplates.ts
FN:20,(anonymous_0)
FN:27,(anonymous_1)
FN:237,(anonymous_2)
FN:289,(anonymous_3)
FN:304,(anonymous_4)
FN:363,(anonymous_5)
FN:425,(anonymous_6)
FN:432,(anonymous_7)
FN:439,(anonymous_8)
FN:452,(anonymous_9)
FN:459,(anonymous_10)
FN:460,(anonymous_11)
FN:466,(anonymous_12)
FN:473,(anonymous_13)
FN:480,(anonymous_14)
FN:487,(anonymous_15)
FN:494,(anonymous_16)
FNF:17
FNH:7
FNDA:1,(anonymous_0)
FNDA:1,(anonymous_1)
FNDA:1,(anonymous_2)
FNDA:7,(anonymous_3)
FNDA:1,(anonymous_4)
FNDA:1,(anonymous_5)
FNDA:25,(anonymous_6)
FNDA:0,(anonymous_7)
FNDA:0,(anonymous_8)
FNDA:0,(anonymous_9)
FNDA:0,(anonymous_10)
FNDA:0,(anonymous_11)
FNDA:0,(anonymous_12)
FNDA:0,(anonymous_13)
FNDA:0,(anonymous_14)
FNDA:0,(anonymous_15)
FNDA:0,(anonymous_16)
DA:15,9
DA:16,1
DA:17,1
DA:18,1
DA:21,1
DA:29,1
DA:43,1
DA:56,1
DA:67,1
DA:84,1
DA:100,1
DA:140,1
DA:156,1
DA:200,1
DA:211,1
DA:225,1
DA:228,1
DA:231,1
DA:238,1
DA:289,1
DA:290,7
DA:305,1
DA:315,1
DA:331,1
DA:346,1
DA:364,1
DA:376,1
DA:389,1
DA:407,1
DA:426,25
DA:433,0
DA:440,0
DA:441,0
DA:442,0
DA:445,0
DA:446,0
DA:453,0
DA:460,0
DA:467,0
DA:474,0
DA:481,0
DA:488,0
DA:495,0
LF:43
LH:30
BRDA:441,0,0,0
BRDA:446,1,0,0
BRDA:446,1,1,0
BRF:3
BRH:0
end_of_record
TN:
SF:src/agent/prompts/PromptValidator.ts
FN:18,(anonymous_0)
FN:64,(anonymous_1)
FN:136,(anonymous_2)
FN:158,(anonymous_3)
FN:230,(anonymous_4)
FN:261,(anonymous_5)
FN:287,(anonymous_6)
FN:295,(anonymous_7)
FN:300,(anonymous_8)
FN:305,(anonymous_9)
FNF:10
FNH:0
FNDA:0,(anonymous_0)
FNDA:0,(anonymous_1)
FNDA:0,(anonymous_2)
FNDA:0,(anonymous_3)
FNDA:0,(anonymous_4)
FNDA:0,(anonymous_5)
FNDA:0,(anonymous_6)
FNDA:0,(anonymous_7)
FNDA:0,(anonymous_8)
FNDA:0,(anonymous_9)
DA:14,9
DA:22,0
DA:23,0
DA:24,0
DA:25,0
DA:28,0
DA:30,0
DA:31,0
DA:32,0
DA:33,0
DA:38,0
DA:41,0
DA:44,0
DA:51,0
DA:65,0
DA:66,0
DA:67,0
DA:70,0
DA:71,0
DA:74,0
DA:75,0
DA:78,0
DA:79,0
DA:83,0
DA:84,0
DA:85,0
DA:89,0
DA:90,0
DA:91,0
DA:95,0
DA:96,0
DA:99,0
DA:100,0
DA:104,0
DA:105,0
DA:108,0
DA:109,0
DA:113,0
DA:114,0
DA:117,0
DA:118,0
DA:121,0
DA:123,0
DA:137,0
DA:139,0
DA:142,0
DA:145,0
DA:148,0
DA:151,0
DA:165,0
DA:166,0
DA:167,0
DA:170,0
DA:171,0
DA:176,0
DA:177,0
DA:178,0
DA:181,0
DA:182,0
DA:187,0
DA:188,0
DA:189,0
DA:192,0
DA:193,0
DA:198,0
DA:199,0
DA:200,0
DA:203,0
DA:204,0
DA:209,0
DA:210,0
DA:211,0
DA:216,0
DA:217,0
DA:218,0
DA:221,0
DA:222,0
DA:236,0
DA:237,0
DA:240,0
DA:241,0
DA:244,0
DA:245,0
DA:249,0
DA:250,0
DA:253,0
DA:254,0
DA:267,0
DA:270,0
DA:273,0
DA:276,0
DA:279,0
DA:281,0
DA:288,0
DA:290,0
DA:291,0
DA:293,0
DA:294,0
DA:295,0
DA:298,0
DA:299,0
DA:300,0
DA:303,0
DA:304,0
DA:305,0
DA:308,0
LF:106
LH:1
BRDA:31,0,0,0
BRDA:31,1,0,0
BRDA:31,1,1,0
BRDA:70,2,0,0
BRDA:70,3,0,0
BRDA:70,3,1,0
BRDA:74,4,0,0
BRDA:78,5,0,0
BRDA:84,6,0,0
BRDA:90,7,0,0
BRDA:95,8,0,0
BRDA:95,9,0,0
BRDA:95,9,1,0
BRDA:99,10,0,0
BRDA:99,11,0,0
BRDA:99,11,1,0
BRDA:99,11,2,0
BRDA:104,12,0,0
BRDA:104,13,0,0
BRDA:104,13,1,0
BRDA:108,14,0,0
BRDA:108,15,0,0
BRDA:108,15,1,0
BRDA:113,16,0,0
BRDA:113,17,0,0
BRDA:113,17,1,0
BRDA:117,18,0,0
BRDA:117,19,0,0
BRDA:117,19,1,0
BRDA:137,20,0,0
BRDA:137,20,1,0
BRDA:137,20,2,0
BRDA:137,20,3,0
BRDA:137,20,4,0
BRDA:165,21,0,0
BRDA:166,22,0,0
BRDA:166,23,0,0
BRDA:166,23,1,0
BRDA:170,24,0,0
BRDA:170,25,0,0
BRDA:170,25,1,0
BRDA:176,26,0,0
BRDA:177,27,0,0
BRDA:181,28,0,0
BRDA:187,29,0,0
BRDA:188,30,0,0
BRDA:192,31,0,0
BRDA:198,32,0,0
BRDA:199,33,0,0
BRDA:203,34,0,0
BRDA:209,35,0,0
BRDA:210,36,0,0
BRDA:210,37,0,0
BRDA:210,37,1,0
BRDA:217,38,0,0
BRDA:217,39,0,0
BRDA:217,39,1,0
BRDA:217,39,2,0
BRDA:221,40,0,0
BRDA:221,41,0,0
BRDA:221,41,1,0
BRDA:221,41,2,0
BRDA:236,42,0,0
BRDA:236,43,0,0
BRDA:236,43,1,0
BRDA:240,44,0,0
BRDA:240,45,0,0
BRDA:240,45,1,0
BRDA:244,46,0,0
BRDA:244,47,0,0
BRDA:244,47,1,0
BRDA:249,48,0,0
BRDA:249,49,0,0
BRDA:249,49,1,0
BRDA:253,50,0,0
BRDA:253,51,0,0
BRDA:253,51,1,0
BRDA:291,52,0,0
BRDA:291,52,1,0
BRDA:293,53,0,0
BRDA:298,54,0,0
BRDA:303,55,0,0
BRF:82
BRH:0
end_of_record
TN:
SF:src/agent/streaming/StreamingManager.ts
FN:93,(anonymous_1)
FN:110,(anonymous_2)
FN:123,(anonymous_3)
FN:124,(anonymous_4)
FN:128,(anonymous_5)
FN:132,(anonymous_6)
FN:136,(anonymous_7)
FN:140,(anonymous_8)
FN:144,(anonymous_9)
FN:149,(anonymous_10)
FN:158,(anonymous_11)
FN:178,(anonymous_12)
FN:268,(anonymous_13)
FN:273,(anonymous_14)
FN:283,(anonymous_15)
FN:307,(anonymous_16)
FN:311,(anonymous_17)
FN:319,(anonymous_18)
FN:331,(anonymous_19)
FN:343,(anonymous_20)
FN:351,(anonymous_21)
FN:357,(anonymous_22)
FN:374,(anonymous_23)
FN:383,(anonymous_24)
FN:387,(anonymous_25)
FN:402,(anonymous_26)
FN:410,(anonymous_27)
FN:411,(anonymous_28)
FN:428,(anonymous_29)
FN:435,(anonymous_30)
FN:442,(anonymous_31)
FN:445,(anonymous_32)
FN:457,(anonymous_33)
FN:477,(anonymous_34)
FN:491,(anonymous_35)
FN:508,(anonymous_36)
FN:517,(anonymous_37)
FN:521,(anonymous_38)
FN:525,(anonymous_39)
FN:530,(anonymous_40)
FN:543,(anonymous_41)
FN:553,(anonymous_42)
FN:686,(anonymous_43)
FNF:43
FNH:3
FNDA:8,(anonymous_1)
FNDA:8,(anonymous_2)
FNDA:8,(anonymous_3)
FNDA:0,(anonymous_4)
FNDA:0,(anonymous_5)
FNDA:0,(anonymous_6)
FNDA:0,(anonymous_7)
FNDA:0,(anonymous_8)
FNDA:0,(anonymous_9)
FNDA:0,(anonymous_10)
FNDA:0,(anonymous_11)
FNDA:0,(anonymous_12)
FNDA:0,(anonymous_13)
FNDA:0,(anonymous_14)
FNDA:0,(anonymous_15)
FNDA:0,(anonymous_16)
FNDA:0,(anonymous_17)
FNDA:0,(anonymous_18)
FNDA:0,(anonymous_19)
FNDA:0,(anonymous_20)
FNDA:0,(anonymous_21)
FNDA:0,(anonymous_22)
FNDA:0,(anonymous_23)
FNDA:0,(anonymous_24)
FNDA:0,(anonymous_25)
FNDA:0,(anonymous_26)
FNDA:0,(anonymous_27)
FNDA:0,(anonymous_28)
FNDA:0,(anonymous_29)
FNDA:0,(anonymous_30)
FNDA:0,(anonymous_31)
FNDA:0,(anonymous_32)
FNDA:0,(anonymous_33)
FNDA:0,(anonymous_34)
FNDA:0,(anonymous_35)
FNDA:0,(anonymous_36)
FNDA:0,(anonymous_37)
FNDA:0,(anonymous_38)
FNDA:0,(anonymous_39)
FNDA:0,(anonymous_40)
FNDA:0,(anonymous_41)
FNDA:0,(anonymous_42)
FNDA:0,(anonymous_43)
DA:6,9
DA:7,9
DA:84,9
DA:87,8
DA:91,8
DA:94,8
DA:95,8
DA:106,8
DA:107,8
DA:111,8
DA:124,8
DA:125,0
DA:128,8
DA:129,0
DA:132,8
DA:133,0
DA:136,8
DA:137,0
DA:140,8
DA:141,0
DA:144,8
DA:145,0
DA:150,0
DA:151,0
DA:152,0
DA:153,0
DA:154,0
DA:157,0
DA:158,0
DA:159,0
DA:166,0
DA:168,0
DA:170,0
DA:171,0
DA:179,0
DA:180,0
DA:181,0
DA:185,0
DA:188,0
DA:189,0
DA:196,0
DA:197,0
DA:199,0
DA:200,0
DA:203,0
DA:204,0
DA:207,0
DA:208,0
DA:211,0
DA:212,0
DA:215,0
DA:216,0
DA:219,0
DA:220,0
DA:223,0
DA:224,0
DA:227,0
DA:228,0
DA:231,0
DA:232,0
DA:235,0
DA:236,0
DA:239,0
DA:240,0
DA:243,0
DA:244,0
DA:247,0
DA:248,0
DA:251,0
DA:252,0
DA:257,0
DA:260,0
DA:264,0
DA:269,0
DA:270,0
DA:274,0
DA:276,0
DA:277,0
DA:278,0
DA:279,0
DA:284,0
DA:285,0
DA:286,0
DA:288,0
DA:289,0
DA:291,0
DA:293,0
DA:297,0
DA:298,0
DA:299,0
DA:301,0
DA:302,0
DA:308,0
DA:312,0
DA:314,0
DA:315,0
DA:320,0
DA:321,0
DA:322,0
DA:323,0
DA:325,0
DA:326,0
DA:332,0
DA:335,0
DA:337,0
DA:338,0
DA:344,0
DA:346,0
DA:347,0
DA:352,0
DA:353,0
DA:358,0
DA:359,0
DA:365,0
DA:366,0
DA:368,0
DA:369,0
DA:375,0
DA:376,0
DA:384,0
DA:388,0
DA:389,0
DA:390,0
DA:392,0
DA:393,0
DA:395,0
DA:397,0
DA:398,0
DA:403,0
DA:405,0
DA:406,0
DA:411,0
DA:412,0
DA:413,0
DA:414,0
DA:415,0
DA:417,0
DA:420,0
DA:421,0
DA:423,0
DA:424,0
DA:429,0
DA:430,0
DA:431,0
DA:436,0
DA:437,0
DA:438,0
DA:443,0
DA:445,0
DA:446,0
DA:447,0
DA:449,0
DA:450,0
DA:451,0
DA:462,0
DA:469,0
DA:471,0
DA:472,0
DA:473,0
DA:478,0
DA:479,0
DA:480,0
DA:482,0
DA:483,0
DA:485,0
DA:486,0
DA:487,0
DA:492,0
DA:493,0
DA:494,0
DA:497,0
DA:498,0
DA:499,0
DA:502,0
DA:503,0
DA:504,0
DA:509,0
DA:510,0
DA:511,0
DA:512,0
DA:513,0
DA:518,0
DA:522,0
DA:526,0
DA:527,0
DA:535,0
DA:544,0
DA:557,0
DA:559,0
DA:571,0
DA:573,0
DA:574,0
DA:575,0
DA:581,0
DA:584,0
DA:586,0
DA:587,0
DA:588,0
DA:590,0
DA:593,0
DA:594,0
DA:596,0
DA:599,0
DA:600,0
DA:601,0
DA:602,0
DA:604,0
DA:607,0
DA:610,0
DA:611,0
DA:613,0
DA:614,0
DA:616,0
DA:620,0
DA:625,0
DA:629,0
DA:630,0
DA:632,0
DA:635,0
DA:639,0
DA:640,0
DA:642,0
DA:646,0
DA:649,0
DA:650,0
DA:652,0
DA:653,0
DA:654,0
DA:657,0
DA:659,0
DA:664,0
DA:666,0
DA:667,0
DA:671,0
DA:675,0
DA:678,0
DA:679,0
DA:681,0
DA:685,0
DA:686,0
DA:688,0
DA:692,0
DA:694,0
DA:697,0
LF:244
LH:16
BRDA:93,0,0,0
BRDA:157,1,0,0
BRDA:170,2,0,0
BRDA:179,3,0,0
BRDA:180,4,0,0
BRDA:188,5,0,0
BRDA:197,6,0,0
BRDA:197,6,1,0
BRDA:197,6,2,0
BRDA:197,6,3,0
BRDA:197,6,4,0
BRDA:197,6,5,0
BRDA:197,6,6,0
BRDA:197,6,7,0
BRDA:197,6,8,0
BRDA:197,6,9,0
BRDA:197,6,10,0
BRDA:197,6,11,0
BRDA:197,6,12,0
BRDA:197,6,13,0
BRDA:251,7,0,0
BRDA:274,8,0,0
BRDA:274,8,1,0
BRDA:276,9,0,0
BRDA:276,9,1,0
BRDA:278,10,0,0
BRDA:284,11,0,0
BRDA:284,11,1,0
BRDA:284,12,0,0
BRDA:284,12,1,0
BRDA:288,13,0,0
BRDA:288,13,1,0
BRDA:293,14,0,0
BRDA:294,15,0,0
BRDA:294,15,1,0
BRDA:301,16,0,0
BRDA:314,17,0,0
BRDA:320,18,0,0
BRDA:325,19,0,0
BRDA:332,20,0,0
BRDA:337,21,0,0
BRDA:346,22,0,0
BRDA:352,23,0,0
BRDA:358,24,0,0
BRDA:360,25,0,0
BRDA:360,25,1,0
BRDA:361,26,0,0
BRDA:361,26,1,0
BRDA:362,27,0,0
BRDA:362,27,1,0
BRDA:368,28,0,0
BRDA:375,29,0,0
BRDA:377,30,0,0
BRDA:377,30,1,0
BRDA:378,31,0,0
BRDA:378,31,1,0
BRDA:379,32,0,0
BRDA:379,32,1,0
BRDA:397,33,0,0
BRDA:405,34,0,0
BRDA:412,35,0,0
BRDA:413,36,0,0
BRDA:425,37,0,0
BRDA:425,37,1,0
BRDA:429,38,0,0
BRDA:429,39,0,0
BRDA:429,39,1,0
BRDA:436,40,0,0
BRDA:443,41,0,0
BRDA:446,42,0,0
BRDA:449,43,0,0
BRDA:466,44,0,0
BRDA:466,44,1,0
BRDA:471,45,0,0
BRDA:471,46,0,0
BRDA:471,46,1,0
BRDA:485,47,0,0
BRDA:492,48,0,0
BRDA:497,49,0,0
BRDA:502,50,0,0
BRDA:509,51,0,0
BRDA:545,52,0,0
BRDA:545,52,1,0
BRDA:545,52,2,0
BRDA:545,52,3,0
BRDA:584,53,0,0
BRDA:584,53,1,0
BRDA:584,53,2,0
BRDA:584,53,3,0
BRDA:584,53,4,0
BRDA:584,53,5,0
BRDA:586,54,0,0
BRDA:593,55,0,0
BRDA:593,55,1,0
BRDA:594,56,0,0
BRDA:599,57,0,0
BRDA:599,57,1,0
BRDA:601,58,0,0
BRDA:610,59,0,0
BRDA:610,59,1,0
BRDA:611,60,0,0
BRDA:611,61,0,0
BRDA:611,61,1,0
BRDA:613,62,0,0
BRDA:613,62,1,0
BRDA:613,63,0,0
BRDA:613,63,1,0
BRDA:615,64,0,0
BRDA:615,64,1,0
BRDA:616,65,0,0
BRDA:616,65,1,0
BRDA:617,66,0,0
BRDA:617,66,1,0
BRDA:621,67,0,0
BRDA:621,67,1,0
BRDA:625,68,0,0
BRDA:625,68,1,0
BRDA:626,69,0,0
BRDA:626,69,1,0
BRDA:629,70,0,0
BRDA:635,71,0,0
BRDA:636,72,0,0
BRDA:636,72,1,0
BRDA:639,73,0,0
BRDA:649,74,0,0
BRDA:649,74,1,0
BRDA:650,75,0,0
BRDA:652,76,0,0
BRDA:664,77,0,0
BRDA:666,78,0,0
BRDA:678,79,0,0
BRF:131
BRH:0
end_of_record
TN:
SF:src/agent/tools/ContinueWorkTool.ts
FN:13,(anonymous_0)
FN:17,(anonymous_1)
FN:52,(anonymous_2)
FN:106,(anonymous_3)
FNF:4
FNH:2
FNDA:1,(anonymous_0)
FNDA:1,(anonymous_1)
FNDA:0,(anonymous_2)
FNDA:0,(anonymous_3)
DA:8,9
DA:10,9
DA:11,12
DA:14,1
DA:18,1
DA:60,0
DA:62,0
DA:63,0
DA:67,0
DA:68,0
DA:79,0
DA:88,0
DA:108,0
DA:109,0
DA:111,0
DA:112,0
DA:115,0
DA:116,0
DA:119,0
DA:120,0
DA:123,0
DA:124,0
DA:127,0
DA:128,0
DA:131,0
LF:25
LH:5
BRDA:57,0,0,0
BRDA:58,1,0,0
BRDA:59,2,0,0
BRDA:62,3,0,0
BRDA:62,4,0,0
BRDA:62,4,1,0
BRDA:67,5,0,0
BRDA:111,6,0,0
BRDA:115,7,0,0
BRDA:119,8,0,0
BRDA:119,9,0,0
BRDA:119,9,1,0
BRDA:123,10,0,0
BRDA:123,11,0,0
BRDA:123,11,1,0
BRDA:127,12,0,0
BRF:16
BRH:0
end_of_record
TN:
SF:src/agent/tools/CoordinateAgentsTool.ts
FN:19,(anonymous_0)
FN:23,(anonymous_1)
FN:52,(anonymous_2)
FN:90,(anonymous_3)
FN:116,(anonymous_4)
FN:121,(anonymous_5)
FN:135,(anonymous_6)
FN:153,(anonymous_7)
FNF:8
FNH:0
FNDA:0,(anonymous_0)
FNDA:0,(anonymous_1)
FNDA:0,(anonymous_2)
FNDA:0,(anonymous_3)
FNDA:0,(anonymous_4)
FNDA:0,(anonymous_5)
FNDA:0,(anonymous_6)
FNDA:0,(anonymous_7)
DA:14,9
DA:16,9
DA:17,3
DA:20,0
DA:24,0
DA:53,0
DA:55,0
DA:56,0
DA:57,0
DA:60,0
DA:62,0
DA:65,0
DA:68,0
DA:71,0
DA:74,0
DA:78,0
DA:82,0
DA:91,0
DA:92,0
DA:95,0
DA:101,0
DA:102,0
DA:108,0
DA:117,0
DA:118,0
DA:121,0
DA:123,0
DA:124,0
DA:127,0
DA:136,0
DA:138,0
DA:139,0
DA:140,0
DA:141,0
DA:145,0
DA:155,0
DA:160,0
DA:161,0
DA:162,0
DA:167,0
LF:40
LH:3
BRDA:56,0,0,0
BRDA:60,1,0,0
BRDA:60,1,1,0
BRDA:60,1,2,0
BRDA:60,1,3,0
BRDA:60,1,4,0
BRDA:68,2,0,0
BRDA:68,2,1,0
BRDA:71,3,0,0
BRDA:71,3,1,0
BRDA:101,4,0,0
BRDA:123,5,0,0
BRDA:140,6,0,0
BRDA:140,7,0,0
BRDA:140,7,1,0
BRDA:161,8,0,0
BRF:16
BRH:0
end_of_record
TN:
SF:src/agent/tools/DeleteFilesTool.ts
FN:68,(anonymous_1)
FN:72,(anonymous_2)
FN:103,(anonymous_3)
FN:196,(anonymous_4)
FN:272,(anonymous_5)
FN:292,(anonymous_6)
FN:302,(anonymous_7)
FN:319,(anonymous_8)
FN:330,(anonymous_9)
FN:346,(anonymous_10)
FNF:10
FNH:2
FNDA:1,(anonymous_1)
FNDA:1,(anonymous_2)
FNDA:0,(anonymous_3)
FNDA:0,(anonymous_4)
FNDA:0,(anonymous_5)
FNDA:0,(anonymous_6)
FNDA:0,(anonymous_7)
FNDA:0,(anonymous_8)
FNDA:0,(anonymous_9)
FNDA:0,(anonymous_10)
DA:7,9
DA:8,9
DA:10,9
DA:28,9
DA:29,12
DA:30,12
DA:50,12
DA:69,1
DA:73,1
DA:110,0
DA:112,0
DA:113,0
DA:116,0
DA:117,0
DA:118,0
DA:119,0
DA:121,0
DA:122,0
DA:129,0
DA:130,0
DA:131,0
DA:138,0
DA:140,0
DA:141,0
DA:142,0
DA:147,0
DA:148,0
DA:153,0
DA:154,0
DA:159,0
DA:160,0
DA:164,0
DA:166,0
DA:174,0
DA:187,0
DA:188,0
DA:192,0
DA:198,0
DA:201,0
DA:204,0
DA:205,0
DA:206,0
DA:207,0
DA:209,0
DA:210,0
DA:215,0
DA:224,0
DA:226,0
DA:227,0
DA:234,0
DA:236,0
DA:237,0
DA:238,0
DA:239,0
DA:243,0
DA:245,0
DA:254,0
DA:255,0
DA:256,0
DA:257,0
DA:263,0
DA:273,0
DA:274,0
DA:277,0
DA:280,0
DA:281,0
DA:282,0
DA:287,0
DA:288,0
DA:292,0
DA:293,0
DA:296,0
DA:297,0
DA:303,0
DA:320,0
DA:321,0
DA:325,0
DA:326,0
DA:328,0
DA:330,0
DA:331,0
DA:332,0
DA:334,0
DA:335,0
DA:338,0
DA:339,0
DA:340,0
DA:342,0
DA:346,0
DA:350,0
DA:351,0
DA:359,0
DA:364,0
LF:93
LH:9
BRDA:106,0,0,0
BRDA:107,1,0,0
BRDA:108,2,0,0
BRDA:109,3,0,0
BRDA:112,4,0,0
BRDA:112,5,0,0
BRDA:112,5,1,0
BRDA:122,6,0,0
BRDA:122,6,1,0
BRDA:140,7,0,0
BRDA:140,7,1,0
BRDA:142,8,0,0
BRDA:142,8,1,0
BRDA:166,9,0,0
BRDA:166,9,1,0
BRDA:209,10,0,0
BRDA:209,10,1,0
BRDA:226,11,0,0
BRDA:230,12,0,0
BRDA:230,12,1,0
BRDA:236,13,0,0
BRDA:236,14,0,0
BRDA:236,14,1,0
BRDA:237,15,0,0
BRDA:237,15,1,0
BRDA:254,16,0,0
BRDA:254,17,0,0
BRDA:254,17,1,0
BRDA:273,18,0,0
BRDA:273,19,0,0
BRDA:273,19,1,0
BRDA:281,20,0,0
BRDA:281,21,0,0
BRDA:281,21,1,0
BRDA:287,22,0,0
BRDA:293,23,0,0
BRDA:293,23,1,0
BRDA:296,24,0,0
BRDA:319,25,0,0
BRDA:338,26,0,0
BRDA:339,27,0,0
BRDA:346,28,0,0
BRDA:346,28,1,0
BRDA:346,28,2,0
BRDA:350,29,0,0
BRF:45
BRH:0
end_of_record
TN:
SF:src/agent/tools/GetAgentStatusTool.ts
FN:11,(anonymous_1)
FN:15,(anonymous_2)
FN:70,(anonymous_3)
FN:125,(anonymous_4)
FN:134,(anonymous_5)
FN:167,(anonymous_6)
FN:180,(anonymous_7)
FN:184,(anonymous_8)
FN:188,(anonymous_9)
FN:192,(anonymous_10)
FN:196,(anonymous_11)
FN:205,(anonymous_12)
FN:206,(anonymous_13)
FN:238,(anonymous_14)
FN:246,(anonymous_15)
FN:253,(anonymous_16)
FN:259,(anonymous_17)
FN:265,(anonymous_18)
FN:281,(anonymous_19)
FN:284,(anonymous_20)
FN:289,(anonymous_21)
FN:295,(anonymous_22)
FN:299,(anonymous_23)
FN:312,(anonymous_24)
FN:337,(anonymous_25)
FN:345,(anonymous_26)
FN:350,(anonymous_27)
FN:358,(anonymous_28)
FNF:28
FNH:0
FNDA:0,(anonymous_1)
FNDA:0,(anonymous_2)
FNDA:0,(anonymous_3)
FNDA:0,(anonymous_4)
FNDA:0,(anonymous_5)
FNDA:0,(anonymous_6)
FNDA:0,(anonymous_7)
FNDA:0,(anonymous_8)
FNDA:0,(anonymous_9)
FNDA:0,(anonymous_10)
FNDA:0,(anonymous_11)
FNDA:0,(anonymous_12)
FNDA:0,(anonymous_13)
FNDA:0,(anonymous_14)
FNDA:0,(anonymous_15)
FNDA:0,(anonymous_16)
FNDA:0,(anonymous_17)
FNDA:0,(anonymous_18)
FNDA:0,(anonymous_19)
FNDA:0,(anonymous_20)
FNDA:0,(anonymous_21)
FNDA:0,(anonymous_22)
FNDA:0,(anonymous_23)
FNDA:0,(anonymous_24)
FNDA:0,(anonymous_25)
FNDA:0,(anonymous_26)
FNDA:0,(anonymous_27)
FNDA:0,(anonymous_28)
DA:8,9
DA:10,9
DA:12,0
DA:16,0
DA:85,0
DA:87,0
DA:88,0
DA:89,0
DA:93,0
DA:94,0
DA:97,0
DA:100,0
DA:103,0
DA:107,0
DA:111,0
DA:113,0
DA:114,0
DA:115,0
DA:118,0
DA:119,0
DA:123,0
DA:124,0
DA:125,0
DA:126,0
DA:130,0
DA:134,0
DA:155,0
DA:156,0
DA:177,0
DA:179,0
DA:180,0
DA:183,0
DA:184,0
DA:187,0
DA:188,0
DA:191,0
DA:192,0
DA:195,0
DA:196,0
DA:199,0
DA:206,0
DA:207,0
DA:209,0
DA:212,0
DA:215,0
DA:218,0
DA:221,0
DA:224,0
DA:227,0
DA:230,0
DA:242,0
DA:243,0
DA:246,0
DA:247,0
DA:253,0
DA:254,0
DA:255,0
DA:259,0
DA:260,0
DA:261,0
DA:265,0
DA:266,0
DA:267,0
DA:270,0
DA:281,0
DA:284,0
DA:289,0
DA:295,0
DA:299,0
DA:317,0
DA:318,0
DA:319,0
DA:320,0
DA:321,0
DA:322,0
DA:323,0
DA:325,0
DA:326,0
DA:327,0
DA:328,0
DA:329,0
DA:330,0
DA:338,0
DA:339,0
DA:340,0
DA:341,0
DA:342,0
DA:344,0
DA:345,0
DA:346,0
DA:349,0
DA:350,0
DA:351,0
DA:359,0
DA:363,0
DA:370,0
DA:372,0
DA:376,0
DA:382,0
DA:383,0
LF:100
LH:2
BRDA:88,0,0,0
BRDA:97,1,0,0
BRDA:97,1,1,0
BRDA:100,2,0,0
BRDA:100,2,1,0
BRDA:103,3,0,0
BRDA:103,3,1,0
BRDA:107,4,0,0
BRDA:107,4,1,0
BRDA:113,5,0,0
BRDA:118,6,0,0
BRDA:123,7,0,0
BRDA:141,8,0,0
BRDA:141,8,1,0
BRDA:149,9,0,0
BRDA:149,9,1,0
BRDA:179,10,0,0
BRDA:183,11,0,0
BRDA:187,12,0,0
BRDA:191,13,0,0
BRDA:195,14,0,0
BRDA:207,15,0,0
BRDA:207,15,1,0
BRDA:207,15,2,0
BRDA:207,15,3,0
BRDA:207,15,4,0
BRDA:207,15,5,0
BRDA:221,16,0,0
BRDA:221,16,1,0
BRDA:224,17,0,0
BRDA:224,17,1,0
BRDA:247,18,0,0
BRDA:247,18,1,0
BRDA:254,19,0,0
BRDA:254,19,1,0
BRDA:260,20,0,0
BRDA:260,20,1,0
BRDA:266,21,0,0
BRDA:266,21,1,0
BRDA:276,22,0,0
BRDA:276,22,1,0
BRDA:280,23,0,0
BRDA:280,23,1,0
BRDA:288,24,0,0
BRDA:288,24,1,0
BRDA:294,25,0,0
BRDA:294,25,1,0
BRDA:303,26,0,0
BRDA:303,26,1,0
BRDA:325,27,0,0
BRDA:359,28,0,0
BRDA:359,28,1,0
BRDA:363,29,0,0
BRDA:363,29,1,0
BRDA:382,30,0,0
BRDA:382,31,0,0
BRDA:382,31,1,0
BRDA:384,32,0,0
BRDA:384,32,1,0
BRDA:385,33,0,0
BRDA:385,33,1,0
BRF:61
BRH:0
end_of_record
TN:
SF:src/agent/tools/GetProjectTreeTool.ts
FN:14,(anonymous_1)
FN:18,(anonymous_2)
FN:39,(anonymous_3)
FN:87,(anonymous_4)
FN:135,(anonymous_5)
FN:152,(anonymous_6)
FN:159,(anonymous_7)
FNF:7
FNH:2
FNDA:1,(anonymous_1)
FNDA:1,(anonymous_2)
FNDA:0,(anonymous_3)
FNDA:0,(anonymous_4)
FNDA:0,(anonymous_5)
FNDA:0,(anonymous_6)
FNDA:0,(anonymous_7)
DA:6,9
DA:7,9
DA:8,9
DA:9,9
DA:11,9
DA:13,9
DA:15,1
DA:19,1
DA:40,0
DA:41,0
DA:42,0
DA:44,0
DA:46,0
DA:49,0
DA:50,0
DA:51,0
DA:55,0
DA:56,0
DA:57,0
DA:65,0
DA:66,0
DA:76,0
DA:88,0
DA:107,0
DA:109,0
DA:110,0
DA:114,0
DA:115,0
DA:118,0
DA:120,0
DA:125,0
DA:126,0
DA:129,0
DA:136,0
DA:137,0
DA:140,0
DA:145,0
DA:146,0
DA:148,0
DA:149,0
DA:152,0
DA:153,0
DA:154,0
DA:155,0
DA:159,0
DA:160,0
DA:161,0
DA:162,0
DA:165,0
DA:166,0
DA:167,0
DA:169,0
DA:170,0
DA:171,0
DA:172,0
DA:177,0
DA:180,0
LF:57
LH:8
BRDA:40,0,0,0
BRDA:40,0,1,0
BRDA:41,1,0,0
BRDA:41,1,1,0
BRDA:42,2,0,0
BRDA:42,2,1,0
BRDA:50,3,0,0
BRDA:109,4,0,0
BRDA:125,5,0,0
BRDA:125,6,0,0
BRDA:125,6,1,0
BRDA:135,7,0,0
BRDA:136,8,0,0
BRDA:153,9,0,0
BRDA:154,10,0,0
BRDA:154,11,0,0
BRDA:154,11,1,0
BRDA:160,12,0,0
BRDA:160,13,0,0
BRDA:160,13,1,0
BRDA:161,14,0,0
BRDA:161,15,0,0
BRDA:161,15,1,0
BRDA:166,16,0,0
BRDA:166,16,1,0
BRDA:169,17,0,0
BRDA:169,18,0,0
BRDA:169,18,1,0
BRF:28
BRH:0
end_of_record
TN:
SF:src/agent/tools/GitTool.ts
FN:14,(anonymous_1)
FN:18,(anonymous_2)
FN:57,(anonymous_3)
FN:132,(anonymous_4)
FN:145,(anonymous_5)
FN:157,(anonymous_6)
FN:197,(anonymous_7)
FN:237,(anonymous_8)
FN:243,(anonymous_9)
FN:244,(anonymous_10)
FN:270,(anonymous_11)
FN:282,(anonymous_12)
FN:283,(anonymous_13)
FN:284,(anonymous_14)
FNF:14
FNH:2
FNDA:1,(anonymous_1)
FNDA:1,(anonymous_2)
FNDA:0,(anonymous_3)
FNDA:0,(anonymous_4)
FNDA:0,(anonymous_5)
FNDA:0,(anonymous_6)
FNDA:0,(anonymous_7)
FNDA:0,(anonymous_8)
FNDA:0,(anonymous_9)
FNDA:0,(anonymous_10)
FNDA:0,(anonymous_11)
FNDA:0,(anonymous_12)
FNDA:0,(anonymous_13)
FNDA:0,(anonymous_14)
DA:6,10
DA:7,10
DA:8,10
DA:9,10
DA:11,10
DA:13,10
DA:15,1
DA:19,1
DA:65,0
DA:67,0
DA:68,0
DA:70,0
DA:72,0
DA:74,0
DA:75,0
DA:79,0
DA:87,0
DA:88,0
DA:98,0
DA:99,0
DA:105,0
DA:107,0
DA:118,0
DA:133,0
DA:134,0
DA:135,0
DA:136,0
DA:138,0
DA:146,0
DA:148,0
DA:150,0
DA:153,0
DA:156,0
DA:157,0
DA:158,0
DA:160,0
DA:163,0
DA:164,0
DA:166,0
DA:169,0
DA:172,0
DA:175,0
DA:176,0
DA:178,0
DA:181,0
DA:182,0
DA:184,0
DA:187,0
DA:188,0
DA:190,0
DA:193,0
DA:196,0
DA:197,0
DA:198,0
DA:200,0
DA:203,0
DA:206,0
DA:207,0
DA:209,0
DA:212,0
DA:215,0
DA:216,0
DA:218,0
DA:221,0
DA:222,0
DA:224,0
DA:227,0
DA:228,0
DA:230,0
DA:238,0
DA:239,0
DA:243,0
DA:244,0
DA:245,0
DA:246,0
DA:248,0
DA:249,0
DA:250,0
DA:251,0
DA:252,0
DA:254,0
DA:257,0
DA:263,0
DA:271,0
DA:272,0
DA:276,0
DA:280,0
DA:282,0
DA:283,0
DA:284,0
DA:289,0
DA:295,0
LF:92
LH:8
BRDA:59,0,0,0
BRDA:60,1,0,0
BRDA:63,2,0,0
BRDA:64,3,0,0
BRDA:74,4,0,0
BRDA:74,5,0,0
BRDA:74,5,1,0
BRDA:74,5,2,0
BRDA:87,6,0,0
BRDA:123,7,0,0
BRDA:123,7,1,0
BRDA:124,8,0,0
BRDA:124,8,1,0
BRDA:148,9,0,0
BRDA:148,9,1,0
BRDA:148,9,2,0
BRDA:148,9,3,0
BRDA:148,9,4,0
BRDA:148,9,5,0
BRDA:148,9,6,0
BRDA:148,9,7,0
BRDA:148,9,8,0
BRDA:148,9,9,0
BRDA:148,9,10,0
BRDA:148,9,11,0
BRDA:148,9,12,0
BRDA:148,9,13,0
BRDA:148,9,14,0
BRDA:148,9,15,0
BRDA:148,9,16,0
BRDA:156,10,0,0
BRDA:163,11,0,0
BRDA:169,12,0,0
BRDA:169,12,1,0
BRDA:172,13,0,0
BRDA:172,13,1,0
BRDA:175,14,0,0
BRDA:181,15,0,0
BRDA:187,16,0,0
BRDA:196,17,0,0
BRDA:206,18,0,0
BRDA:215,19,0,0
BRDA:221,20,0,0
BRDA:227,21,0,0
BRDA:249,22,0,0
BRDA:249,22,1,0
BRDA:250,23,0,0
BRDA:250,23,1,0
BRDA:251,24,0,0
BRDA:251,24,1,0
BRDA:252,25,0,0
BRF:51
BRH:0
end_of_record
TN:
SF:src/agent/tools/ReadFilesTool.ts
FN:10,(anonymous_1)
FN:14,(anonymous_2)
FN:37,(anonymous_3)
FN:110,(anonymous_4)
FN:111,(anonymous_5)
FNF:5
FNH:2
FNDA:1,(anonymous_1)
FNDA:1,(anonymous_2)
FNDA:0,(anonymous_3)
FNDA:0,(anonymous_4)
FNDA:0,(anonymous_5)
DA:6,9
DA:7,9
DA:9,9
DA:11,1
DA:15,1
DA:38,0
DA:40,0
DA:41,0
DA:44,0
DA:45,0
DA:47,0
DA:48,0
DA:50,0
DA:55,0
DA:56,0
DA:61,0
DA:65,0
DA:67,0
DA:68,0
DA:73,0
DA:77,0
DA:78,0
DA:83,0
DA:87,0
DA:89,0
DA:98,0
DA:106,0
DA:110,0
DA:111,0
LF:29
LH:5
BRDA:38,0,0,0
BRDA:38,1,0,0
BRDA:40,2,0,0
BRDA:50,3,0,0
BRDA:50,3,1,0
BRDA:55,4,0,0
BRDA:67,5,0,0
BRDA:77,6,0,0
BRF:8
BRH:0
end_of_record
TN:
SF:src/agent/tools/ReportCompleteTool.ts
FN:14,(anonymous_0)
FN:18,(anonymous_1)
FN:45,(anonymous_2)
FNF:3
FNH:2
FNDA:1,(anonymous_0)
FNDA:1,(anonymous_1)
FNDA:0,(anonymous_2)
DA:9,9
DA:11,9
DA:12,12
DA:15,1
DA:19,1
DA:47,0
DA:51,0
DA:53,0
LF:8
LH:5
BRF:0
BRH:0
end_of_record
TN:
SF:src/agent/tools/ReportPhaseTool.ts
FN:14,(anonymous_0)
FN:18,(anonymous_1)
FN:36,(anonymous_2)
FNF:3
FNH:2
FNDA:1,(anonymous_0)
FNDA:1,(anonymous_1)
FNDA:0,(anonymous_2)
DA:9,9
DA:11,9
DA:12,12
DA:15,1
DA:19,1
DA:38,0
DA:42,0
DA:44,0
LF:8
LH:5
BRF:0
BRH:0
end_of_record
TN:
SF:src/agent/tools/RunCommandTool.ts
FN:18,(anonymous_0)
FN:22,(anonymous_1)
FN:54,(anonymous_2)
FN:85,(anonymous_3)
FN:108,(anonymous_4)
FN:235,(anonymous_5)
FN:242,(anonymous_6)
FN:257,(anonymous_7)
FN:271,(anonymous_8)
FN:285,(anonymous_9)
FN:300,(anonymous_10)
FNF:11
FNH:2
FNDA:1,(anonymous_0)
FNDA:1,(anonymous_1)
FNDA:0,(anonymous_2)
FNDA:0,(anonymous_3)
FNDA:0,(anonymous_4)
FNDA:0,(anonymous_5)
FNDA:0,(anonymous_6)
FNDA:0,(anonymous_7)
FNDA:0,(anonymous_8)
FNDA:0,(anonymous_9)
FNDA:0,(anonymous_10)
DA:7,9
DA:8,9
DA:11,9
DA:14,9
DA:15,9
DA:17,9
DA:19,1
DA:23,1
DA:55,0
DA:58,0
DA:59,0
DA:61,0
DA:62,0
DA:69,0
DA:72,0
DA:73,0
DA:74,0
DA:79,0
DA:86,0
DA:89,0
DA:90,0
DA:92,0
DA:93,0
DA:95,0
DA:96,0
DA:98,0
DA:99,0
DA:101,0
DA:102,0
DA:105,0
DA:115,0
DA:117,0
DA:118,0
DA:122,0
DA:133,0
DA:134,0
DA:135,0
DA:136,0
DA:140,0
DA:141,0
DA:144,0
DA:146,0
DA:147,0
DA:156,0
DA:157,0
DA:160,0
DA:165,0
DA:173,0
DA:174,0
DA:178,0
DA:180,0
DA:183,0
DA:184,0
DA:186,0
DA:198,0
DA:201,0
DA:202,0
DA:213,0
DA:214,0
DA:216,0
DA:242,0
DA:243,0
DA:244,0
DA:246,0
DA:253,0
DA:254,0
DA:255,0
DA:257,0
DA:258,0
DA:259,0
DA:262,0
DA:263,0
DA:266,0
DA:267,0
DA:271,0
DA:272,0
DA:273,0
DA:276,0
DA:277,0
DA:280,0
DA:281,0
DA:285,0
DA:286,0
DA:287,0
DA:300,0
DA:301,0
DA:302,0
LF:87
LH:8
BRDA:54,0,0,0
BRDA:55,1,0,0
BRDA:61,2,0,0
BRDA:72,3,0,0
BRDA:89,4,0,0
BRDA:89,5,0,0
BRDA:89,5,1,0
BRDA:92,6,0,0
BRDA:92,7,0,0
BRDA:92,7,1,0
BRDA:95,8,0,0
BRDA:95,9,0,0
BRDA:95,9,1,0
BRDA:98,10,0,0
BRDA:98,11,0,0
BRDA:98,11,1,0
BRDA:101,12,0,0
BRDA:101,13,0,0
BRDA:101,13,1,0
BRDA:111,14,0,0
BRDA:113,15,0,0
BRDA:117,16,0,0
BRDA:117,17,0,0
BRDA:117,17,1,0
BRDA:135,18,0,0
BRDA:140,19,0,0
BRDA:140,19,1,0
BRDA:146,20,0,0
BRDA:173,21,0,0
BRDA:194,22,0,0
BRDA:194,22,1,0
BRDA:201,23,0,0
BRDA:201,24,0,0
BRDA:201,24,1,0
BRDA:213,25,0,0
BRDA:213,25,1,0
BRDA:214,26,0,0
BRDA:214,26,1,0
BRDA:223,27,0,0
BRDA:223,27,1,0
BRDA:225,28,0,0
BRDA:225,28,1,0
BRDA:225,28,2,0
BRDA:225,28,3,0
BRDA:243,29,0,0
BRDA:243,29,1,0
BRDA:250,30,0,0
BRDA:250,30,1,0
BRDA:262,31,0,0
BRDA:266,32,0,0
BRDA:276,33,0,0
BRDA:280,34,0,0
BRDA:296,35,0,0
BRDA:296,35,1,0
BRF:54
BRH:0
end_of_record
TN:
SF:src/agent/tools/SummonAgentTool.ts
FN:23,(anonymous_0)
FN:27,(anonymous_1)
FN:61,(anonymous_2)
FN:204,(anonymous_3)
FN:213,(anonymous_4)
FN:220,(anonymous_5)
FN:222,(anonymous_6)
FNF:7
FNH:0
FNDA:0,(anonymous_0)
FNDA:0,(anonymous_1)
FNDA:0,(anonymous_2)
FNDA:0,(anonymous_3)
FNDA:0,(anonymous_4)
FNDA:0,(anonymous_5)
FNDA:0,(anonymous_6)
DA:8,9
DA:16,9
DA:18,9
DA:20,9
DA:21,3
DA:24,0
DA:28,0
DA:71,0
DA:73,0
DA:75,0
DA:76,0
DA:77,0
DA:81,0
DA:82,0
DA:90,0
DA:91,0
DA:94,0
DA:97,0
DA:109,0
DA:116,0
DA:129,0
DA:131,0
DA:134,0
DA:140,0
DA:142,0
DA:143,0
DA:150,0
DA:157,0
DA:165,0
DA:184,0
DA:186,0
DA:205,0
DA:206,0
DA:207,0
DA:218,0
DA:220,0
DA:222,0
DA:224,0
DA:226,0
DA:234,0
LF:40
LH:5
BRDA:76,0,0,0
BRDA:81,1,0,0
BRDA:103,2,0,0
BRDA:103,2,1,0
BRDA:104,3,0,0
BRDA:104,3,1,0
BRDA:140,4,0,0
BRDA:140,4,1,0
BRDA:142,5,0,0
BRDA:162,6,0,0
BRDA:162,6,1,0
BRDA:162,7,0,0
BRDA:162,7,1,0
BRDA:176,8,0,0
BRDA:176,8,1,0
BRDA:177,9,0,0
BRDA:177,9,1,0
BRDA:178,10,0,0
BRDA:178,10,1,0
BRDA:179,11,0,0
BRDA:179,11,1,0
BRF:21
BRH:0
end_of_record
TN:
SF:src/agent/tools/ToolManager.ts
FN:40,(anonymous_0)
FN:54,(anonymous_1)
FN:104,(anonymous_2)
FN:124,(anonymous_3)
FN:144,(anonymous_4)
FN:169,(anonymous_5)
FN:264,(anonymous_6)
FN:282,(anonymous_7)
FN:295,(anonymous_8)
FN:343,(anonymous_9)
FN:350,(anonymous_10)
FN:351,(anonymous_11)
FN:359,(anonymous_12)
FN:369,(anonymous_13)
FN:380,(anonymous_14)
FN:387,(anonymous_15)
FN:395,(anonymous_16)
FN:402,(anonymous_17)
FN:410,(anonymous_18)
FN:421,(anonymous_19)
FN:428,(anonymous_20)
FN:444,(anonymous_21)
FN:451,(anonymous_22)
FN:468,(anonymous_23)
FN:477,(anonymous_24)
FN:478,(anonymous_25)
FNF:26
FNH:8
FNDA:12,(anonymous_0)
FNDA:12,(anonymous_1)
FNDA:0,(anonymous_2)
FNDA:1,(anonymous_3)
FNDA:0,(anonymous_4)
FNDA:0,(anonymous_5)
FNDA:18,(anonymous_6)
FNDA:3,(anonymous_7)
FNDA:0,(anonymous_8)
FNDA:0,(anonymous_9)
FNDA:0,(anonymous_10)
FNDA:0,(anonymous_11)
FNDA:6,(anonymous_12)
FNDA:3,(anonymous_13)
FNDA:0,(anonymous_14)
FNDA:0,(anonymous_15)
FNDA:0,(anonymous_16)
FNDA:0,(anonymous_17)
FNDA:0,(anonymous_18)
FNDA:3,(anonymous_19)
FNDA:0,(anonymous_20)
FNDA:0,(anonymous_21)
FNDA:0,(anonymous_22)
FNDA:0,(anonymous_23)
FNDA:0,(anonymous_24)
FNDA:0,(anonymous_25)
DA:13,9
DA:14,9
DA:15,9
DA:16,9
DA:17,9
DA:19,9
DA:20,9
DA:21,9
DA:22,9
DA:23,9
DA:25,9
DA:26,9
DA:27,9
DA:29,9
DA:31,9
DA:32,12
DA:38,12
DA:41,12
DA:42,12
DA:43,12
DA:44,12
DA:56,12
DA:57,12
DA:58,12
DA:59,12
DA:60,12
DA:67,12
DA:70,12
DA:73,12
DA:74,12
DA:75,12
DA:78,12
DA:79,3
DA:80,3
DA:81,3
DA:83,3
DA:84,0
DA:86,9
DA:87,0
DA:90,12
DA:92,0
DA:95,0
DA:96,0
DA:97,0
DA:105,0
DA:106,0
DA:109,0
DA:110,0
DA:111,0
DA:112,0
DA:114,0
DA:115,0
DA:125,1
DA:127,1
DA:128,10
DA:135,1
DA:145,0
DA:147,0
DA:148,0
DA:155,0
DA:156,0
DA:162,0
DA:174,0
DA:176,0
DA:178,0
DA:179,0
DA:183,0
DA:184,0
DA:185,0
DA:191,0
DA:194,0
DA:196,0
DA:197,0
DA:201,0
DA:202,0
DA:203,0
DA:207,0
DA:208,0
DA:211,0
DA:220,0
DA:221,0
DA:223,0
DA:225,0
DA:226,0
DA:227,0
DA:228,0
DA:233,0
DA:236,0
DA:239,0
DA:240,0
DA:244,0
DA:245,0
DA:246,0
DA:247,0
DA:248,0
DA:250,0
DA:251,0
DA:255,0
DA:265,18
DA:266,0
DA:270,18
DA:271,18
DA:272,18
DA:275,0
DA:283,3
DA:285,3
DA:286,2
DA:289,3
DA:297,0
DA:298,0
DA:299,0
DA:302,0
DA:306,0
DA:307,0
DA:308,0
DA:309,0
DA:316,0
DA:318,0
DA:319,0
DA:323,0
DA:324,0
DA:326,0
DA:327,0
DA:328,0
DA:329,0
DA:334,0
DA:344,0
DA:351,0
DA:352,0
DA:360,6
DA:370,3
DA:371,0
DA:374,3
DA:381,0
DA:388,0
DA:396,0
DA:403,0
DA:411,0
DA:422,3
DA:429,0
DA:430,0
DA:434,0
DA:445,0
DA:457,0
DA:469,0
DA:478,0
DA:479,0
LF:147
LH:54
BRDA:78,0,0,3
BRDA:78,0,1,9
BRDA:83,1,0,0
BRDA:86,2,0,0
BRDA:90,3,0,0
BRDA:92,4,0,0
BRDA:92,4,1,0
BRDA:95,5,0,0
BRDA:95,5,1,0
BRDA:96,6,0,0
BRDA:96,6,1,0
BRDA:109,7,0,0
BRDA:114,8,0,0
BRDA:155,9,0,0
BRDA:176,10,0,0
BRDA:178,11,0,0
BRDA:184,12,0,0
BRDA:194,13,0,0
BRDA:196,14,0,0
BRDA:202,15,0,0
BRDA:223,16,0,0
BRDA:226,17,0,0
BRDA:226,18,0,0
BRDA:226,18,1,0
BRDA:227,19,0,0
BRDA:239,20,0,0
BRDA:239,21,0,0
BRDA:239,21,1,0
BRDA:245,22,0,0
BRDA:247,23,0,0
BRDA:250,24,0,0
BRDA:265,25,0,0
BRDA:266,26,0,0
BRDA:266,26,1,0
BRDA:271,27,0,18
BRDA:272,28,0,18
BRDA:272,28,1,18
BRDA:285,29,0,2
BRDA:297,30,0,0
BRDA:298,31,0,0
BRDA:307,32,0,0
BRDA:308,33,0,0
BRDA:318,34,0,0
BRDA:326,35,0,0
BRDA:328,36,0,0
BRDA:352,37,0,0
BRDA:352,37,1,0
BRDA:360,38,0,6
BRDA:360,38,1,6
BRDA:360,38,2,6
BRDA:360,38,3,6
BRDA:370,39,0,0
BRDA:381,40,0,0
BRDA:381,40,1,0
BRDA:396,41,0,0
BRDA:396,41,1,0
BRDA:413,42,0,0
BRDA:413,42,1,0
BRDA:422,43,0,3
BRDA:422,43,1,1
BRDA:429,44,0,0
BRDA:469,45,0,0
BRDA:469,45,1,0
BRDA:469,45,2,0
BRF:64
BRH:12
end_of_record
TN:
SF:src/agent/tools/ValidateProjectTool.ts
FN:13,(anonymous_1)
FN:20,(anonymous_2)
FN:24,(anonymous_3)
FN:62,(anonymous_4)
FN:121,(anonymous_5)
FN:145,(anonymous_6)
FN:160,(anonymous_7)
FN:178,(anonymous_8)
FN:189,(anonymous_9)
FNF:9
FNH:3
FNDA:12,(anonymous_1)
FNDA:1,(anonymous_2)
FNDA:1,(anonymous_3)
FNDA:0,(anonymous_4)
FNDA:0,(anonymous_5)
FNDA:0,(anonymous_6)
FNDA:0,(anonymous_7)
FNDA:0,(anonymous_8)
FNDA:0,(anonymous_9)
DA:6,9
DA:8,9
DA:10,9
DA:14,12
DA:21,1
DA:25,1
DA:69,0
DA:71,0
DA:73,0
DA:74,0
DA:77,0
DA:78,0
DA:88,0
DA:91,0
DA:92,0
DA:95,0
DA:98,0
DA:99,0
DA:122,0
DA:123,0
DA:126,0
DA:127,0
DA:128,0
DA:131,0
DA:132,0
DA:133,0
DA:134,0
DA:135,0
DA:136,0
DA:141,0
DA:142,0
DA:145,0
DA:146,0
DA:147,0
DA:150,0
DA:151,0
DA:154,0
DA:158,0
DA:159,0
DA:160,0
DA:161,0
DA:164,0
DA:165,0
DA:166,0
DA:170,0
DA:171,0
DA:176,0
DA:177,0
DA:178,0
DA:179,0
DA:181,0
DA:182,0
DA:187,0
DA:188,0
DA:189,0
DA:190,0
LF:56
LH:6
BRDA:64,0,0,0
BRDA:65,1,0,0
BRDA:66,2,0,0
BRDA:67,3,0,0
BRDA:68,4,0,0
BRDA:71,5,0,0
BRDA:71,5,1,0
BRDA:73,6,0,0
BRDA:91,7,0,0
BRDA:122,8,0,0
BRDA:122,8,1,0
BRDA:122,9,0,0
BRDA:122,9,1,0
BRDA:123,10,0,0
BRDA:123,10,1,0
BRDA:123,11,0,0
BRDA:123,11,1,0
BRDA:131,12,0,0
BRDA:134,13,0,0
BRDA:134,13,1,0
BRDA:135,14,0,0
BRDA:135,14,1,0
BRDA:141,15,0,0
BRDA:146,16,0,0
BRDA:146,16,1,0
BRDA:151,17,0,0
BRDA:151,17,1,0
BRDA:152,18,0,0
BRDA:152,18,1,0
BRDA:153,19,0,0
BRDA:153,19,1,0
BRDA:161,20,0,0
BRDA:161,20,1,0
BRDA:162,21,0,0
BRDA:162,21,1,0
BRDA:163,22,0,0
BRDA:163,22,1,0
BRDA:165,23,0,0
BRDA:170,24,0,0
BRDA:176,25,0,0
BRDA:181,26,0,0
BRDA:187,27,0,0
BRF:42
BRH:0
end_of_record
TN:
SF:src/agent/tools/WriteFilesTool.ts
FN:17,(anonymous_1)
FN:21,(anonymous_2)
FN:50,(anonymous_3)
FN:190,(anonymous_4)
FN:215,(anonymous_5)
FN:236,(anonymous_6)
FNF:6
FNH:2
FNDA:1,(anonymous_1)
FNDA:1,(anonymous_2)
FNDA:0,(anonymous_3)
FNDA:0,(anonymous_4)
FNDA:0,(anonymous_5)
FNDA:0,(anonymous_6)
DA:9,10
DA:10,10
DA:11,10
DA:12,10
DA:14,10
DA:15,14
DA:18,1
DA:22,1
DA:51,0
DA:54,0
DA:55,0
DA:63,0
DA:64,0
DA:69,0
DA:70,0
DA:77,0
DA:78,0
DA:79,0
DA:80,0
DA:81,0
DA:83,0
DA:89,0
DA:91,0
DA:92,0
DA:93,0
DA:96,0
DA:97,0
DA:101,0
DA:106,0
DA:107,0
DA:111,0
DA:112,0
DA:113,0
DA:114,0
DA:116,0
DA:117,0
DA:121,0
DA:129,0
DA:130,0
DA:131,0
DA:133,0
DA:134,0
DA:135,0
DA:136,0
DA:141,0
DA:142,0
DA:143,0
DA:145,0
DA:146,0
DA:149,0
DA:156,0
DA:157,0
DA:158,0
DA:159,0
DA:161,0
DA:162,0
DA:164,0
DA:165,0
DA:175,0
DA:176,0
DA:177,0
DA:179,0
DA:180,0
DA:184,0
DA:191,0
DA:199,0
DA:200,0
DA:203,0
DA:220,0
DA:222,0
DA:223,0
DA:224,0
DA:225,0
DA:228,0
DA:235,0
DA:236,0
DA:237,0
DA:238,0
DA:239,0
DA:242,0
DA:250,0
DA:251,0
DA:252,0
DA:259,0
LF:84
LH:8
BRDA:51,0,0,0
BRDA:51,1,0,0
BRDA:54,2,0,0
BRDA:54,3,0,0
BRDA:54,3,1,0
BRDA:54,3,2,0
BRDA:63,4,0,0
BRDA:69,5,0,0
BRDA:92,6,0,0
BRDA:92,7,0,0
BRDA:92,7,1,0
BRDA:96,8,0,0
BRDA:96,9,0,0
BRDA:96,9,1,0
BRDA:101,10,0,0
BRDA:101,10,1,0
BRDA:106,11,0,0
BRDA:116,12,0,0
BRDA:129,13,0,0
BRDA:135,14,0,0
BRDA:141,15,0,0
BRDA:141,15,1,0
BRDA:142,16,0,0
BRDA:142,16,1,0
BRDA:156,17,0,0
BRDA:158,18,0,0
BRDA:161,19,0,0
BRDA:161,19,1,0
BRDA:176,20,0,0
BRDA:176,20,1,0
BRDA:186,21,0,0
BRDA:186,21,1,0
BRDA:199,22,0,0
BRDA:229,23,0,0
BRDA:229,23,1,0
BRDA:237,24,0,0
BRDA:243,25,0,0
BRDA:243,25,1,0
BRDA:260,26,0,0
BRDA:260,26,1,0
BRF:40
BRH:0
end_of_record
TN:
SF:src/agent/validation/CompilationValidator.ts
FN:24,(anonymous_1)
FN:39,(anonymous_2)
FN:139,(anonymous_3)
FN:147,(anonymous_4)
FN:147,(anonymous_5)
FN:162,(anonymous_6)
FN:162,(anonymous_7)
FN:166,(anonymous_8)
FN:166,(anonymous_9)
FN:197,(anonymous_10)
FN:206,(anonymous_11)
FN:206,(anonymous_12)
FN:232,(anonymous_13)
FN:233,(anonymous_14)
FN:258,(anonymous_15)
FN:309,(anonymous_16)
FN:316,(anonymous_17)
FN:316,(anonymous_18)
FN:379,(anonymous_19)
FN:388,(anonymous_20)
FN:388,(anonymous_21)
FN:389,(anonymous_22)
FN:389,(anonymous_23)
FN:412,(anonymous_24)
FN:445,(anonymous_25)
FN:474,(anonymous_26)
FN:490,(anonymous_27)
FN:493,(anonymous_28)
FN:514,(anonymous_29)
FN:522,(anonymous_30)
FN:529,(anonymous_31)
FN:537,(anonymous_32)
FN:545,(anonymous_33)
FNF:33
FNH:0
FNDA:0,(anonymous_1)
FNDA:0,(anonymous_2)
FNDA:0,(anonymous_3)
FNDA:0,(anonymous_4)
FNDA:0,(anonymous_5)
FNDA:0,(anonymous_6)
FNDA:0,(anonymous_7)
FNDA:0,(anonymous_8)
FNDA:0,(anonymous_9)
FNDA:0,(anonymous_10)
FNDA:0,(anonymous_11)
FNDA:0,(anonymous_12)
FNDA:0,(anonymous_13)
FNDA:0,(anonymous_14)
FNDA:0,(anonymous_15)
FNDA:0,(anonymous_16)
FNDA:0,(anonymous_17)
FNDA:0,(anonymous_18)
FNDA:0,(anonymous_19)
FNDA:0,(anonymous_20)
FNDA:0,(anonymous_21)
FNDA:0,(anonymous_22)
FNDA:0,(anonymous_23)
FNDA:0,(anonymous_24)
FNDA:0,(anonymous_25)
FNDA:0,(anonymous_26)
FNDA:0,(anonymous_27)
FNDA:0,(anonymous_28)
FNDA:0,(anonymous_29)
FNDA:0,(anonymous_30)
FNDA:0,(anonymous_31)
FNDA:0,(anonymous_32)
FNDA:0,(anonymous_33)
DA:9,0
DA:10,0
DA:11,0
DA:20,0
DA:25,0
DA:32,0
DA:40,0
DA:42,0
DA:51,0
DA:53,0
DA:55,0
DA:56,0
DA:58,0
DA:59,0
DA:60,0
DA:61,0
DA:65,0
DA:66,0
DA:68,0
DA:69,0
DA:71,0
DA:72,0
DA:76,0
DA:77,0
DA:79,0
DA:80,0
DA:84,0
DA:85,0
DA:86,0
DA:88,0
DA:89,0
DA:94,0
DA:95,0
DA:96,0
DA:98,0
DA:99,0
DA:104,0
DA:105,0
DA:109,0
DA:115,0
DA:118,0
DA:122,0
DA:131,0
DA:132,0
DA:143,0
DA:145,0
DA:147,0
DA:148,0
DA:149,0
DA:157,0
DA:161,0
DA:162,0
DA:165,0
DA:166,0
DA:168,0
DA:169,0
DA:180,0
DA:182,0
DA:190,0
DA:201,0
DA:202,0
DA:204,0
DA:205,0
DA:206,0
DA:208,0
DA:209,0
DA:210,0
DA:214,0
DA:216,0
DA:217,0
DA:218,0
DA:225,0
DA:229,0
DA:230,0
DA:232,0
DA:233,0
DA:235,0
DA:242,0
DA:252,0
DA:261,0
DA:263,0
DA:265,0
DA:267,0
DA:268,0
DA:270,0
DA:276,0
DA:287,0
DA:293,0
DA:303,0
DA:312,0
DA:314,0
DA:315,0
DA:316,0
DA:318,0
DA:319,0
DA:322,0
DA:323,0
DA:326,0
DA:328,0
DA:329,0
DA:330,0
DA:332,0
DA:333,0
DA:337,0
DA:338,0
DA:339,0
DA:350,0
DA:363,0
DA:373,0
DA:382,0
DA:384,0
DA:385,0
DA:386,0
DA:388,0
DA:389,0
DA:391,0
DA:392,0
DA:395,0
DA:396,0
DA:398,0
DA:399,0
DA:411,0
DA:412,0
DA:414,0
DA:415,0
DA:416,0
DA:429,0
DA:439,0
DA:446,0
DA:447,0
DA:449,0
DA:451,0
DA:453,0
DA:454,0
DA:456,0
DA:468,0
DA:475,0
DA:484,0
DA:491,0
DA:493,0
DA:494,0
DA:496,0
DA:497,0
DA:499,0
DA:500,0
DA:501,0
DA:502,0
DA:507,0
DA:508,0
DA:515,0
DA:516,0
DA:523,0
DA:530,0
DA:531,0
DA:538,0
DA:539,0
DA:546,0
DA:547,0
LF:158
LH:0
BRDA:24,0,0,0
BRDA:32,1,0,0
BRDA:32,1,1,0
BRDA:58,2,0,0
BRDA:68,3,0,0
BRDA:71,4,0,0
BRDA:79,5,0,0
BRDA:84,6,0,0
BRDA:88,7,0,0
BRDA:94,8,0,0
BRDA:98,9,0,0
BRDA:105,10,0,0
BRDA:105,10,1,0
BRDA:148,11,0,0
BRDA:168,12,0,0
BRDA:168,13,0,0
BRDA:168,13,1,0
BRDA:208,14,0,0
BRDA:221,15,0,0
BRDA:221,15,1,0
BRDA:232,16,0,0
BRDA:232,16,1,0
BRDA:233,17,0,0
BRDA:233,17,1,0
BRDA:272,18,0,0
BRDA:272,18,1,0
BRDA:281,19,0,0
BRDA:281,19,1,0
BRDA:318,20,0,0
BRDA:323,21,0,0
BRDA:323,21,1,0
BRDA:329,22,0,0
BRDA:332,23,0,0
BRDA:332,24,0,0
BRDA:332,24,1,0
BRDA:338,25,0,0
BRDA:338,26,0,0
BRDA:338,26,1,0
BRDA:391,27,0,0
BRDA:398,28,0,0
BRDA:398,29,0,0
BRDA:398,29,1,0
BRDA:412,30,0,0
BRDA:412,30,1,0
BRDA:415,31,0,0
BRDA:415,32,0,0
BRDA:415,32,1,0
BRDA:453,33,0,0
BRDA:458,34,0,0
BRDA:458,34,1,0
BRDA:499,35,0,0
BRDA:499,35,1,0
BRDA:499,36,0,0
BRDA:499,36,1,0
BRDA:501,37,0,0
BRDA:501,38,0,0
BRDA:501,38,1,0
BRDA:531,39,0,0
BRDA:531,39,1,0
BRDA:546,40,0,0
BRDA:547,41,0,0
BRF:61
BRH:0
end_of_record
TN:
SF:src/agent/validation/QualityGateManager.ts
FN:29,(anonymous_0)
FN:38,(anonymous_1)
FN:188,(anonymous_2)
FN:251,(anonymous_3)
FN:259,(anonymous_4)
FN:267,(anonymous_5)
FN:275,(anonymous_6)
FN:283,(anonymous_7)
FN:291,(anonymous_8)
FN:299,(anonymous_9)
FN:307,(anonymous_10)
FN:315,(anonymous_11)
FN:323,(anonymous_12)
FN:338,(anonymous_13)
FN:350,(anonymous_14)
FN:358,(anonymous_15)
FN:366,(anonymous_16)
FN:374,(anonymous_17)
FN:382,(anonymous_18)
FN:390,(anonymous_19)
FN:398,(anonymous_20)
FN:406,(anonymous_21)
FN:414,(anonymous_22)
FN:422,(anonymous_23)
FN:433,(anonymous_24)
FN:441,(anonymous_25)
FNF:26
FNH:0
FNDA:0,(anonymous_0)
FNDA:0,(anonymous_1)
FNDA:0,(anonymous_2)
FNDA:0,(anonymous_3)
FNDA:0,(anonymous_4)
FNDA:0,(anonymous_5)
FNDA:0,(anonymous_6)
FNDA:0,(anonymous_7)
FNDA:0,(anonymous_8)
FNDA:0,(anonymous_9)
FNDA:0,(anonymous_10)
FNDA:0,(anonymous_11)
FNDA:0,(anonymous_12)
FNDA:0,(anonymous_13)
FNDA:0,(anonymous_14)
FNDA:0,(anonymous_15)
FNDA:0,(anonymous_16)
FNDA:0,(anonymous_17)
FNDA:0,(anonymous_18)
FNDA:0,(anonymous_19)
FNDA:0,(anonymous_20)
FNDA:0,(anonymous_21)
FNDA:0,(anonymous_22)
FNDA:0,(anonymous_23)
FNDA:0,(anonymous_24)
FNDA:0,(anonymous_25)
DA:15,0
DA:25,0
DA:30,0
DA:31,0
DA:32,0
DA:40,0
DA:63,0
DA:86,0
DA:109,0
DA:142,0
DA:189,0
DA:190,0
DA:191,0
DA:194,0
DA:195,0
DA:196,0
DA:198,0
DA:199,0
DA:200,0
DA:201,0
DA:203,0
DA:212,0
DA:213,0
DA:217,0
DA:233,0
DA:237,0
DA:238,0
DA:240,0
DA:256,0
DA:264,0
DA:272,0
DA:280,0
DA:288,0
DA:296,0
DA:304,0
DA:312,0
DA:320,0
DA:328,0
DA:329,0
DA:330,0
DA:332,0
DA:343,0
DA:344,0
DA:355,0
DA:363,0
DA:371,0
DA:379,0
DA:387,0
DA:395,0
DA:403,0
DA:411,0
DA:419,0
DA:427,0
DA:434,0
DA:436,0
DA:437,0
DA:441,0
DA:442,0
DA:443,0
DA:446,0
DA:447,0
DA:450,0
LF:62
LH:0
BRDA:190,0,0,0
BRDA:208,1,0,0
BRDA:208,1,1,0
BRDA:209,2,0,0
BRDA:209,2,1,0
BRDA:225,3,0,0
BRDA:225,3,1,0
BRDA:237,4,0,0
BRDA:237,4,1,0
BRDA:328,5,0,0
BRDA:328,5,1,0
BRDA:329,6,0,0
BRDA:329,6,1,0
BRDA:333,7,0,0
BRDA:333,7,1,0
BRDA:343,8,0,0
BRDA:343,8,1,0
BRDA:345,9,0,0
BRDA:345,9,1,0
BRDA:346,10,0,0
BRDA:346,10,1,0
BRDA:436,11,0,0
BRDA:443,12,0,0
BRDA:443,12,1,0
BRDA:446,13,0,0
BRF:25
BRH:0
end_of_record
TN:
SF:src/agent/validation/ValidationEngine.ts
FN:35,(anonymous_1)
FN:55,(anonymous_2)
FN:169,(anonymous_3)
FN:170,(anonymous_4)
FN:174,(anonymous_5)
FN:183,(anonymous_6)
FN:202,(anonymous_7)
FN:204,(anonymous_8)
FN:225,(anonymous_9)
FN:252,(anonymous_10)
FN:288,(anonymous_11)
FN:324,(anonymous_12)
FN:397,(anonymous_13)
FN:403,(anonymous_14)
FN:404,(anonymous_15)
FN:406,(anonymous_16)
FN:446,(anonymous_17)
FN:452,(anonymous_18)
FN:453,(anonymous_19)
FN:455,(anonymous_20)
FN:495,(anonymous_21)
FN:532,(anonymous_22)
FN:564,(anonymous_23)
FN:574,(anonymous_24)
FN:599,(anonymous_25)
FN:629,(anonymous_26)
FN:664,(anonymous_27)
FN:689,(anonymous_28)
FN:690,(anonymous_29)
FN:691,(anonymous_30)
FNF:30
FNH:1
FNDA:12,(anonymous_1)
FNDA:0,(anonymous_2)
FNDA:0,(anonymous_3)
FNDA:0,(anonymous_4)
FNDA:0,(anonymous_5)
FNDA:0,(anonymous_6)
FNDA:0,(anonymous_7)
FNDA:0,(anonymous_8)
FNDA:0,(anonymous_9)
FNDA:0,(anonymous_10)
FNDA:0,(anonymous_11)
FNDA:0,(anonymous_12)
FNDA:0,(anonymous_13)
FNDA:0,(anonymous_14)
FNDA:0,(anonymous_15)
FNDA:0,(anonymous_16)
FNDA:0,(anonymous_17)
FNDA:0,(anonymous_18)
FNDA:0,(anonymous_19)
FNDA:0,(anonymous_20)
FNDA:0,(anonymous_21)
FNDA:0,(anonymous_22)
FNDA:0,(anonymous_23)
FNDA:0,(anonymous_24)
FNDA:0,(anonymous_25)
FNDA:0,(anonymous_26)
FNDA:0,(anonymous_27)
FNDA:0,(anonymous_28)
FNDA:0,(anonymous_29)
FNDA:0,(anonymous_30)
DA:7,9
DA:8,9
DA:20,9
DA:21,9
DA:22,9
DA:23,9
DA:24,9
DA:25,9
DA:27,9
DA:36,12
DA:45,12
DA:46,12
DA:47,12
DA:48,12
DA:49,12
DA:56,0
DA:57,0
DA:59,0
DA:60,0
DA:61,0
DA:62,0
DA:64,0
DA:66,0
DA:67,0
DA:68,0
DA:69,0
DA:70,0
DA:71,0
DA:75,0
DA:76,0
DA:77,0
DA:78,0
DA:79,0
DA:80,0
DA:84,0
DA:85,0
DA:86,0
DA:87,0
DA:88,0
DA:89,0
DA:93,0
DA:94,0
DA:95,0
DA:96,0
DA:97,0
DA:98,0
DA:102,0
DA:103,0
DA:104,0
DA:105,0
DA:106,0
DA:107,0
DA:111,0
DA:112,0
DA:113,0
DA:114,0
DA:115,0
DA:116,0
DA:121,0
DA:122,0
DA:125,0
DA:128,0
DA:132,0
DA:133,0
DA:135,0
DA:147,0
DA:170,0
DA:171,0
DA:174,0
DA:175,0
DA:176,0
DA:187,0
DA:190,0
DA:192,0
DA:193,0
DA:197,0
DA:198,0
DA:199,0
DA:202,0
DA:203,0
DA:204,0
DA:205,0
DA:210,0
DA:211,0
DA:212,0
DA:215,0
DA:216,0
DA:226,0
DA:229,0
DA:231,0
DA:232,0
DA:234,0
DA:235,0
DA:237,0
DA:238,0
DA:240,0
DA:241,0
DA:243,0
DA:244,0
DA:246,0
DA:253,0
DA:255,0
DA:256,0
DA:258,0
DA:267,0
DA:289,0
DA:291,0
DA:292,0
DA:294,0
DA:303,0
DA:325,0
DA:327,0
DA:328,0
DA:332,0
DA:333,0
DA:335,0
DA:336,0
DA:347,0
DA:348,0
DA:349,0
DA:361,0
DA:362,0
DA:363,0
DA:366,0
DA:376,0
DA:398,0
DA:400,0
DA:401,0
DA:403,0
DA:404,0
DA:406,0
DA:416,0
DA:425,0
DA:447,0
DA:449,0
DA:450,0
DA:452,0
DA:453,0
DA:455,0
DA:465,0
DA:474,0
DA:496,0
DA:498,0
DA:499,0
DA:501,0
DA:510,0
DA:533,0
DA:536,0
DA:538,0
DA:539,0
DA:540,0
DA:541,0
DA:543,0
DA:548,0
DA:549,0
DA:550,0
DA:551,0
DA:554,0
DA:558,0
DA:565,0
DA:566,0
DA:568,0
DA:569,0
DA:570,0
DA:571,0
DA:574,0
DA:576,0
DA:577,0
DA:578,0
DA:579,0
DA:580,0
DA:585,0
DA:586,0
DA:593,0
DA:600,0
DA:602,0
DA:603,0
DA:606,0
DA:607,0
DA:608,0
DA:611,0
DA:613,0
DA:614,0
DA:615,0
DA:618,0
DA:621,0
DA:622,0
DA:624,0
DA:628,0
DA:629,0
DA:630,0
DA:632,0
DA:636,0
DA:637,0
DA:638,0
DA:640,0
DA:643,0
DA:646,0
DA:647,0
DA:648,0
DA:658,0
DA:665,0
DA:674,0
DA:675,0
DA:677,0
DA:678,0
DA:679,0
DA:680,0
DA:683,0
DA:690,0
DA:691,0
DA:693,0
DA:694,0
DA:695,0
DA:697,0
LF:215
LH:15
BRDA:55,0,0,0
BRDA:57,1,0,0
BRDA:57,1,1,0
BRDA:66,2,0,0
BRDA:70,3,0,0
BRDA:75,4,0,0
BRDA:79,5,0,0
BRDA:84,6,0,0
BRDA:88,7,0,0
BRDA:93,8,0,0
BRDA:97,9,0,0
BRDA:102,10,0,0
BRDA:106,11,0,0
BRDA:111,12,0,0
BRDA:115,13,0,0
BRDA:121,14,0,0
BRDA:121,15,0,0
BRDA:121,15,1,0
BRDA:193,16,0,0
BRDA:193,16,1,0
BRDA:198,17,0,0
BRDA:215,18,0,0
BRDA:215,19,0,0
BRDA:215,19,1,0
BRDA:226,20,0,0
BRDA:226,21,0,0
BRDA:226,21,1,0
BRDA:226,21,2,0
BRDA:231,22,0,0
BRDA:231,23,0,0
BRDA:231,23,1,0
BRDA:234,24,0,0
BRDA:237,25,0,0
BRDA:240,26,0,0
BRDA:243,27,0,0
BRDA:264,28,0,0
BRDA:264,28,1,0
BRDA:300,29,0,0
BRDA:300,29,1,0
BRDA:335,30,0,0
BRDA:347,31,0,0
BRDA:348,32,0,0
BRDA:362,33,0,0
BRDA:368,34,0,0
BRDA:368,34,1,0
BRDA:368,35,0,0
BRDA:368,35,1,0
BRDA:369,36,0,0
BRDA:369,36,1,0
BRDA:369,37,0,0
BRDA:369,37,1,0
BRDA:373,38,0,0
BRDA:373,38,1,0
BRDA:410,39,0,0
BRDA:410,39,1,0
BRDA:411,40,0,0
BRDA:411,40,1,0
BRDA:418,41,0,0
BRDA:418,41,1,0
BRDA:459,42,0,0
BRDA:459,42,1,0
BRDA:539,43,0,0
BRDA:539,44,0,0
BRDA:539,44,1,0
BRDA:540,45,0,0
BRDA:574,46,0,0
BRDA:574,46,1,0
BRDA:574,47,0,0
BRDA:574,47,1,0
BRDA:578,48,0,0
BRDA:585,49,0,0
BRDA:600,50,0,0
BRDA:600,50,1,0
BRDA:602,51,0,0
BRDA:602,52,0,0
BRDA:602,52,1,0
BRDA:611,53,0,0
BRDA:611,53,1,0
BRDA:611,53,2,0
BRDA:611,53,3,0
BRDA:611,53,4,0
BRDA:618,54,0,0
BRDA:618,55,0,0
BRDA:618,55,1,0
BRDA:618,55,2,0
BRDA:628,56,0,0
BRDA:636,57,0,0
BRDA:646,58,0,0
BRDA:651,59,0,0
BRDA:651,59,1,0
BRDA:678,60,0,0
BRDA:678,60,1,0
BRDA:679,61,0,0
BRDA:679,61,1,0
BRDA:683,62,0,0
BRDA:683,62,1,0
BRDA:693,63,0,0
BRDA:694,64,0,0
BRDA:694,65,0,0
BRDA:694,65,1,0
BRDA:695,66,0,0
BRDA:695,67,0,0
BRDA:695,67,1,0
BRF:103
BRH:0
end_of_record
TN:
SF:src/agent/validation/validators/CodeQualityValidator.ts
FN:36,(anonymous_1)
FN:46,(anonymous_2)
FN:77,(anonymous_3)
FN:126,(anonymous_4)
FN:149,(anonymous_5)
FN:176,(anonymous_6)
FN:210,(anonymous_7)
FN:252,(anonymous_8)
FN:264,(anonymous_9)
FN:336,(anonymous_10)
FN:418,(anonymous_11)
FN:486,(anonymous_12)
FNF:12
FNH:1
FNDA:12,(anonymous_1)
FNDA:0,(anonymous_2)
FNDA:0,(anonymous_3)
FNDA:0,(anonymous_4)
FNDA:0,(anonymous_5)
FNDA:0,(anonymous_6)
FNDA:0,(anonymous_7)
FNDA:0,(anonymous_8)
FNDA:0,(anonymous_9)
FNDA:0,(anonymous_10)
FNDA:0,(anonymous_11)
FNDA:0,(anonymous_12)
DA:6,9
DA:7,9
DA:9,9
DA:10,9
DA:12,9
DA:15,9
DA:16,9
DA:33,9
DA:37,12
DA:47,0
DA:50,0
DA:51,0
DA:53,0
DA:54,0
DA:61,0
DA:64,0
DA:65,0
DA:66,0
DA:71,0
DA:78,0
DA:79,0
DA:81,0
DA:83,0
DA:86,0
DA:87,0
DA:88,0
DA:89,0
DA:93,0
DA:94,0
DA:95,0
DA:96,0
DA:99,0
DA:100,0
DA:103,0
DA:109,0
DA:127,0
DA:128,0
DA:130,0
DA:132,0
DA:133,0
DA:134,0
DA:137,0
DA:138,0
DA:140,0
DA:141,0
DA:142,0
DA:145,0
DA:146,0
DA:149,0
DA:151,0
DA:158,0
DA:177,0
DA:178,0
DA:179,0
DA:181,0
DA:183,0
DA:184,0
DA:186,0
DA:188,0
DA:189,0
DA:190,0
DA:191,0
DA:192,0
DA:193,0
DA:195,0
DA:196,0
DA:197,0
DA:204,0
DA:211,0
DA:213,0
DA:215,0
DA:216,0
DA:218,0
DA:219,0
DA:221,0
DA:224,0
DA:229,0
DA:232,0
DA:233,0
DA:234,0
DA:235,0
DA:236,0
DA:237,0
DA:238,0
DA:246,0
DA:253,0
DA:254,0
DA:255,0
DA:257,0
DA:265,0
DA:266,0
DA:268,0
DA:270,0
DA:280,0
DA:281,0
DA:282,0
DA:284,0
DA:285,0
DA:286,0
DA:288,0
DA:289,0
DA:290,0
DA:291,0
DA:300,0
DA:304,0
DA:305,0
DA:309,0
DA:310,0
DA:312,0
DA:316,0
DA:317,0
DA:319,0
DA:330,0
DA:337,0
DA:339,0
DA:340,0
DA:343,0
DA:344,0
DA:354,0
DA:357,0
DA:359,0
DA:360,0
DA:361,0
DA:364,0
DA:365,0
DA:376,0
DA:377,0
DA:388,0
DA:389,0
DA:397,0
DA:402,0
DA:412,0
DA:419,0
DA:420,0
DA:422,0
DA:424,0
DA:433,0
DA:434,0
DA:435,0
DA:436,0
DA:438,0
DA:439,0
DA:441,0
DA:442,0
DA:444,0
DA:453,0
DA:457,0
DA:458,0
DA:461,0
DA:462,0
DA:464,0
DA:468,0
DA:473,0
DA:474,0
DA:476,0
DA:480,0
DA:487,0
DA:489,0
DA:490,0
DA:493,0
DA:494,0
DA:497,0
DA:498,0
DA:500,0
DA:501,0
DA:502,0
DA:505,0
DA:506,0
DA:517,0
DA:518,0
DA:519,0
DA:520,0
DA:532,0
DA:533,0
DA:541,0
LF:175
LH:9
BRDA:36,0,0,0
BRDA:47,1,0,0
BRDA:53,2,0,0
BRDA:64,3,0,0
BRDA:77,4,0,0
BRDA:86,5,0,0
BRDA:99,6,0,0
BRDA:105,7,0,0
BRDA:105,7,1,0
BRDA:126,8,0,0
BRDA:145,9,0,0
BRDA:149,10,0,0
BRDA:149,10,1,0
BRDA:154,11,0,0
BRDA:154,11,1,0
BRDA:176,12,0,0
BRDA:181,13,0,0
BRDA:181,13,1,0
BRDA:184,14,0,0
BRDA:190,15,0,0
BRDA:190,15,1,0
BRDA:192,16,0,0
BRDA:195,17,0,0
BRDA:213,18,0,0
BRDA:219,19,0,0
BRDA:224,20,0,0
BRDA:224,21,0,0
BRDA:224,21,1,0
BRDA:224,21,2,0
BRDA:224,21,3,0
BRDA:224,21,4,0
BRDA:232,22,0,0
BRDA:232,22,1,0
BRDA:235,23,0,0
BRDA:237,24,0,0
BRDA:280,25,0,0
BRDA:286,26,0,0
BRDA:289,27,0,0
BRDA:304,28,0,0
BRDA:309,29,0,0
BRDA:309,29,1,0
BRDA:316,30,0,0
BRDA:316,30,1,0
BRDA:343,31,0,0
BRDA:364,32,0,0
BRDA:364,33,0,0
BRDA:364,33,1,0
BRDA:376,34,0,0
BRDA:388,35,0,0
BRDA:433,36,0,0
BRDA:439,37,0,0
BRDA:441,38,0,0
BRDA:441,38,1,0
BRDA:442,39,0,0
BRDA:445,40,0,0
BRDA:445,40,1,0
BRDA:446,41,0,0
BRDA:446,41,1,0
BRDA:448,42,0,0
BRDA:448,42,1,0
BRDA:449,43,0,0
BRDA:449,43,1,0
BRDA:450,44,0,0
BRDA:450,44,1,0
BRDA:457,45,0,0
BRDA:461,46,0,0
BRDA:461,46,1,0
BRDA:473,47,0,0
BRDA:473,47,1,0
BRDA:493,48,0,0
BRDA:505,49,0,0
BRDA:517,50,0,0
BRDA:519,51,0,0
BRDA:519,52,0,0
BRDA:519,52,1,0
BRDA:532,53,0,0
BRF:76
BRH:0
end_of_record
TN:
SF:src/agent/validation/validators/CompletionBlocker.ts
FN:24,(anonymous_0)
FN:40,(anonymous_1)
FN:98,(anonymous_2)
FN:102,(anonymous_3)
FN:181,(anonymous_4)
FN:256,(anonymous_5)
FN:264,(anonymous_6)
FN:272,(anonymous_7)
FN:285,(anonymous_8)
FN:299,(anonymous_9)
FN:310,(anonymous_10)
FN:326,(anonymous_11)
FNF:12
FNH:0
FNDA:0,(anonymous_0)
FNDA:0,(anonymous_1)
FNDA:0,(anonymous_2)
FNDA:0,(anonymous_3)
FNDA:0,(anonymous_4)
FNDA:0,(anonymous_5)
FNDA:0,(anonymous_6)
FNDA:0,(anonymous_7)
FNDA:0,(anonymous_8)
FNDA:0,(anonymous_9)
FNDA:0,(anonymous_10)
FNDA:0,(anonymous_11)
DA:9,0
DA:10,0
DA:19,0
DA:25,0
DA:26,0
DA:30,0
DA:48,0
DA:53,0
DA:69,0
DA:71,0
DA:72,0
DA:73,0
DA:76,0
DA:77,0
DA:78,0
DA:79,0
DA:81,0
DA:85,0
DA:89,0
DA:90,0
DA:97,0
DA:98,0
DA:101,0
DA:102,0
DA:106,0
DA:107,0
DA:108,0
DA:109,0
DA:111,0
DA:115,0
DA:119,0
DA:120,0
DA:121,0
DA:125,0
DA:130,0
DA:131,0
DA:132,0
DA:135,0
DA:137,0
DA:138,0
DA:139,0
DA:140,0
DA:143,0
DA:148,0
DA:150,0
DA:155,0
DA:158,0
DA:162,0
DA:171,0
DA:172,0
DA:174,0
DA:189,0
DA:190,0
DA:191,0
DA:193,0
DA:196,0
DA:197,0
DA:198,0
DA:202,0
DA:203,0
DA:204,0
DA:208,0
DA:209,0
DA:210,0
DA:214,0
DA:216,0
DA:217,0
DA:219,0
DA:228,0
DA:232,0
DA:233,0
DA:234,0
DA:238,0
DA:239,0
DA:240,0
DA:245,0
DA:246,0
DA:247,0
DA:250,0
DA:257,0
DA:259,0
DA:260,0
DA:262,0
DA:263,0
DA:264,0
DA:265,0
DA:266,0
DA:270,0
DA:271,0
DA:272,0
DA:273,0
DA:274,0
DA:278,0
DA:279,0
DA:280,0
DA:281,0
DA:283,0
DA:284,0
DA:285,0
DA:286,0
DA:290,0
DA:291,0
DA:293,0
DA:300,0
DA:302,0
DA:303,0
[...]
DA:508,0
DA:510,0
DA:511,0
DA:512,0
DA:515,0
DA:526,0
DA:537,0
DA:539,0
DA:585,0
DA:587,0
DA:588,0
DA:591,0
DA:594,0
DA:595,0
DA:599,0
DA:600,0
DA:605,0
DA:606,0
DA:607,0
DA:608,0
DA:612,0
DA:613,0
DA:614,0
DA:615,0
DA:623,0
DA:624,0
DA:629,0
DA:632,0
DA:665,0
DA:666,0
DA:667,0
DA:669,0
DA:670,0
DA:671,0
DA:674,0
DA:675,0
DA:676,0
DA:679,0
DA:685,0
DA:686,0
DA:687,0
DA:692,0
DA:695,0
DA:696,0
DA:698,0
DA:707,0
DA:708,0
DA:710,0
DA:711,0
DA:712,0
DA:713,0
DA:714,0
DA:715,0
DA:718,0
DA:719,0
DA:726,0
DA:728,0
DA:742,4
DA:796,0
LF:166
LH:44
BRDA:166,0,0,3
BRDA:166,0,1,3
BRDA:167,1,0,3
BRDA:167,1,1,3
BRDA:172,2,0,3
BRDA:172,2,1,2
BRDA:192,3,0,1
BRDA:200,4,0,0
BRDA:205,5,0,0
BRDA:210,6,0,0
BRDA:215,7,0,0
BRDA:220,8,0,0
BRDA:225,9,0,0
BRDA:230,10,0,0
BRDA:235,11,0,0
BRDA:240,12,0,0
BRDA:244,13,0,0
BRDA:245,14,0,0
BRDA:245,14,1,0
BRDA:253,15,0,0
BRDA:258,16,0,0
BRDA:263,17,0,0
BRDA:268,18,0,0
BRDA:273,19,0,0
BRDA:278,20,0,0
BRDA:284,21,0,0
BRDA:289,22,0,0
BRDA:294,23,0,0
BRDA:306,24,0,0
BRDA:373,25,0,1
BRDA:373,25,1,0
BRDA:389,26,0,0
BRDA:389,26,1,0
BRDA:397,27,0,0
BRDA:406,28,0,0
BRDA:406,29,0,0
BRDA:412,30,0,0
BRDA:417,31,0,0
BRDA:422,32,0,0
BRDA:422,32,1,0
BRDA:431,33,0,0
BRDA:431,33,1,0
BRDA:477,34,0,0
BRDA:477,34,1,0
BRDA:480,35,0,0
BRDA:480,35,1,0
BRDA:481,36,0,0
BRDA:481,36,1,0
BRDA:482,37,0,0
BRDA:482,37,1,0
BRDA:483,38,0,0
BRDA:483,38,1,0
BRDA:484,39,0,0
BRDA:484,39,1,0
BRDA:497,40,0,0
BRDA:504,41,0,0
BRDA:504,42,0,0
BRDA:510,43,0,0
BRDA:553,44,0,0
BRDA:553,44,1,0
BRDA:554,45,0,0
BRDA:554,45,1,0
BRDA:557,46,0,0
BRDA:557,46,1,0
BRDA:587,47,0,0
BRDA:587,48,0,0
BRDA:587,48,1,0
BRDA:591,49,0,0
BRDA:591,49,1,0
BRDA:595,50,0,0
BRDA:595,50,1,0
BRDA:600,51,0,0
BRDA:600,51,1,0
BRDA:607,52,0,0
BRDA:607,52,1,0
BRDA:608,53,0,0
BRDA:608,53,1,0
BRDA:608,54,0,0
BRDA:608,54,1,0
BRDA:614,55,0,0
BRDA:614,55,1,0
BRDA:617,56,0,0
BRDA:617,56,1,0
BRDA:626,57,0,0
BRDA:626,57,1,0
BRDA:647,58,0,0
BRDA:669,59,0,0
BRDA:674,60,0,0
BRDA:685,61,0,0
BRDA:685,61,1,0
BRDA:687,62,0,0
BRDA:687,62,1,0
BRDA:692,63,0,0
BRDA:692,63,1,0
BRDA:696,64,0,0
BRDA:696,64,1,0
BRDA:696,65,0,0
BRDA:696,65,1,0
BRDA:701,66,0,0
BRDA:701,66,1,0
BRDA:702,67,0,0
BRDA:702,67,1,0
BRDA:712,68,0,0
BRDA:712,68,1,0
BRDA:713,69,0,0
BRDA:713,69,1,0
BRDA:744,70,0,3
BRDA:744,70,1,0
BRDA:746,71,0,0
BRDA:746,71,1,0
BRDA:749,72,0,3
BRDA:749,72,1,0
BRDA:751,73,0,0
BRDA:751,73,1,0
BRDA:754,74,0,3
BRDA:754,74,1,0
BRDA:756,75,0,0
BRDA:756,75,1,0
BRDA:759,76,0,3
BRDA:759,76,1,0
BRDA:761,77,0,0
BRDA:761,77,1,0
BRDA:765,78,0,3
BRDA:765,78,1,0
BRDA:767,79,0,0
BRDA:767,79,1,0
BRDA:771,80,0,3
BRDA:771,80,1,0
BRDA:773,81,0,0
BRDA:773,81,1,0
BRDA:777,82,0,3
BRDA:777,82,1,0
BRDA:779,83,0,0
BRDA:779,83,1,0
BRDA:783,84,0,3
BRDA:783,84,1,0
BRDA:785,85,0,0
BRDA:785,85,1,0
BRDA:788,86,0,3
BRDA:788,86,1,3
BRDA:798,87,0,0
BRDA:798,87,1,0
BRDA:800,88,0,0
BRDA:800,88,1,0
BRDA:803,89,0,0
BRDA:803,89,1,0
BRDA:805,90,0,0
BRDA:805,90,1,0
BRDA:808,91,0,0
BRDA:808,91,1,0
BRF:150
BRH:18
end_of_record
TN:
SF:src/database/dao/UserDAO.ts
FN:71,(anonymous_10)
FN:76,(anonymous_11)
FN:141,(anonymous_12)
FN:255,(anonymous_13)
FN:275,(anonymous_14)
FN:312,(anonymous_15)
FN:335,(anonymous_16)
FN:362,(anonymous_17)
FN:388,(anonymous_18)
FN:426,(anonymous_19)
FN:471,(anonymous_20)
FN:509,(anonymous_21)
FN:547,(anonymous_22)
FN:601,(anonymous_23)
FN:618,(anonymous_24)
FN:628,(anonymous_25)
FNF:16
FNH:7
FNDA:19,(anonymous_10)
FNDA:8,(anonymous_11)
FNDA:1,(anonymous_12)
FNDA:5,(anonymous_13)
FNDA:0,(anonymous_14)
FNDA:1,(anonymous_15)
FNDA:1,(anonymous_16)
FNDA:6,(anonymous_17)
FNDA:0,(anonymous_18)
FNDA:0,(anonymous_19)
FNDA:0,(anonymous_20)
FNDA:0,(anonymous_21)
FNDA:0,(anonymous_22)
FNDA:0,(anonymous_23)
FNDA:0,(anonymous_24)
FNDA:0,(anonymous_25)
DA:7,11
DA:8,11
DA:9,11
DA:11,11
DA:70,11
DA:71,19
DA:78,8
DA:80,8
DA:82,8
DA:92,8
DA:93,1
DA:96,7
DA:97,7
DA:100,0
DA:105,7
DA:109,7
DA:125,7
DA:126,0
DA:130,7
DA:131,7
DA:132,7
DA:133,7
DA:135,7
DA:143,1
DA:148,1
DA:153,1
DA:155,1
DA:161,0
DA:162,0
DA:165,0
DA:166,0
DA:167,0
DA:168,0
DA:171,0
DA:182,0
DA:189,0
DA:190,0
DA:193,0
DA:195,0
DA:196,0
DA:199,0
DA:200,0
DA:201,0
DA:205,0
DA:206,0
DA:209,0
DA:218,0
DA:219,0
DA:220,0
DA:223,0
DA:233,0
DA:234,0
DA:238,0
DA:239,0
DA:240,0
DA:241,0
DA:243,0
DA:259,5
DA:265,5
DA:266,5
DA:269,0
DA:276,0
DA:277,0
DA:280,0
DA:287,0
DA:288,0
DA:292,0
DA:297,0
DA:298,0
DA:302,0
DA:303,0
DA:306,0
DA:316,1
DA:322,0
DA:323,0
DA:326,0
DA:336,1
DA:339,1
DA:340,1
DA:343,1
DA:345,1
DA:346,1
DA:350,0
DA:351,0
DA:352,0
DA:353,0
DA:356,0
DA:363,6
DA:365,6
DA:366,6
DA:369,6
DA:371,6
DA:372,6
DA:376,0
DA:377,0
DA:378,0
DA:379,0
DA:382,0
DA:394,0
DA:400,0
DA:402,0
DA:409,0
DA:410,0
DA:414,0
DA:415,0
DA:416,0
DA:417,0
DA:420,0
DA:434,0
DA:435,0
DA:439,0
DA:443,0
DA:444,0
DA:448,0
DA:458,0
DA:459,0
DA:462,0
DA:473,0
DA:474,0
DA:478,0
DA:479,0
DA:480,0
DA:484,0
DA:485,0
DA:486,0
DA:487,0
DA:490,0
DA:494,0
DA:499,0
DA:500,0
DA:503,0
DA:510,0
DA:512,0
DA:514,0
DA:516,0
DA:517,0
DA:518,0
DA:528,0
DA:529,0
DA:532,0
DA:534,0
DA:540,0
DA:553,0
DA:554,0
DA:555,0
DA:559,0
DA:560,0
DA:564,0
DA:565,0
DA:568,0
DA:572,0
DA:573,0
DA:576,0
DA:577,0
DA:578,0
DA:581,0
DA:583,0
DA:591,0
DA:592,0
DA:595,0
DA:605,0
DA:619,0
DA:629,0
LF:163
LH:41
BRDA:80,0,0,8
BRDA:80,0,1,0
BRDA:88,1,0,8
BRDA:88,1,1,4
BRDA:92,2,0,1
BRDA:105,3,0,0
BRDA:105,3,1,7
BRDA:116,4,0,7
BRDA:116,4,1,3
BRDA:118,5,0,7
BRDA:118,5,1,6
BRDA:119,6,0,7
BRDA:119,6,1,7
BRDA:120,7,0,7
BRDA:120,7,1,0
BRDA:125,8,0,0
BRDA:153,9,0,1
BRDA:153,9,1,0
BRDA:153,10,0,1
BRDA:153,10,1,1
BRDA:161,11,0,0
BRDA:161,12,0,0
BRDA:161,12,1,0
BRDA:166,13,0,0
BRDA:166,13,1,0
BRDA:168,14,0,0
BRDA:168,14,1,0
BRDA:189,15,0,0
BRDA:189,16,0,0
BRDA:189,16,1,0
BRDA:195,17,0,0
BRDA:200,18,0,0
BRDA:205,19,0,0
BRDA:215,20,0,0
BRDA:215,20,1,0
BRDA:233,21,0,0
BRDA:265,22,0,5
BRDA:265,23,0,5
BRDA:265,23,1,0
BRDA:276,24,0,0
BRDA:287,25,0,0
BRDA:287,26,0,0
BRDA:287,26,1,0
BRDA:297,27,0,0
BRDA:302,28,0,0
BRDA:322,29,0,0
BRDA:322,30,0,0
BRDA:322,30,1,0
BRDA:327,31,0,0
BRDA:327,31,1,0
BRDA:328,32,0,0
BRDA:328,32,1,0
BRDA:339,33,0,1
BRDA:345,34,0,1
BRDA:345,35,0,1
BRDA:345,35,1,1
BRDA:350,36,0,0
BRDA:365,37,0,6
BRDA:371,38,0,6
BRDA:371,39,0,6
BRDA:371,39,1,0
BRDA:376,40,0,0
BRDA:400,41,0,0
BRDA:400,41,1,0
BRDA:409,42,0,0
BRDA:414,43,0,0
BRDA:427,44,0,0
BRDA:428,45,0,0
BRDA:434,46,0,0
BRDA:443,47,0,0
BRDA:458,48,0,0
BRDA:463,49,0,0
BRDA:463,49,1,0
BRDA:464,50,0,0
BRDA:464,50,1,0
BRDA:473,51,0,0
BRDA:473,52,0,0
BRDA:473,52,1,0
BRDA:479,53,0,0
BRDA:486,54,0,0
BRDA:499,55,0,0
BRDA:514,56,0,0
BRDA:514,57,0,0
BRDA:514,57,1,0
BRDA:517,58,0,0
BRDA:520,59,0,0
BRDA:520,59,1,0
BRDA:521,60,0,0
BRDA:521,60,1,0
BRDA:528,61,0,0
BRDA:536,62,0,0
BRDA:536,62,1,0
BRDA:537,63,0,0
BRDA:537,63,1,0
BRDA:554,64,0,0
BRDA:564,65,0,0
BRDA:572,66,0,0
BRDA:577,67,0,0
BRDA:591,68,0,0
BRF:99
BRH:24
end_of_record
TN:
SF:src/database/dao/ValidationDAO.ts
FN:39,(anonymous_0)
FN:46,(anonymous_1)
FN:97,(anonymous_2)
FN:128,(anonymous_3)
FN:136,(anonymous_4)
FN:142,(anonymous_5)
FN:158,(anonymous_6)
FN:166,(anonymous_7)
FN:172,(anonymous_8)
FN:188,(anonymous_9)
FN:200,(anonymous_10)
FN:210,(anonymous_11)
FN:227,(anonymous_12)
FN:259,(anonymous_13)
FN:294,(anonymous_14)
FN:318,(anonymous_15)
FN:337,(anonymous_16)
FN:355,(anonymous_17)
FNF:18
FNH:16
FNDA:13,(anonymous_0)
FNDA:3,(anonymous_1)
FNDA:1,(anonymous_2)
FNDA:5,(anonymous_3)
FNDA:2,(anonymous_4)
FNDA:2,(anonymous_5)
FNDA:1,(anonymous_6)
FNDA:1,(anonymous_7)
FNDA:1,(anonymous_8)
FNDA:2,(anonymous_9)
FNDA:1,(anonymous_10)
FNDA:0,(anonymous_11)
FNDA:1,(anonymous_12)
FNDA:0,(anonymous_13)
FNDA:3,(anonymous_14)
FNDA:3,(anonymous_15)
FNDA:2,(anonymous_16)
FNDA:1,(anonymous_17)
DA:36,6
DA:40,13
DA:50,3
DA:59,3
DA:71,3
DA:72,3
DA:74,3
DA:75,0
DA:79,3
DA:80,1
DA:84,3
DA:85,0
DA:89,3
DA:91,3
DA:102,1
DA:110,1
DA:121,1
DA:122,1
DA:129,5
DA:135,5
DA:136,4
DA:143,2
DA:150,2
DA:151,2
DA:152,2
DA:159,1
DA:165,1
DA:166,1
DA:173,1
DA:180,1
DA:181,1
DA:182,1
DA:197,2
DA:199,2
DA:200,2
DA:201,2
DA:204,2
DA:205,2
DA:206,2
DA:208,2
DA:209,1
DA:210,1
DA:211,0
DA:214,1
DA:228,1
DA:230,1
DA:238,1
DA:239,1
DA:252,1
DA:264,0
DA:266,0
DA:274,0
DA:275,0
DA:287,0
DA:298,3
DA:308,3
DA:319,3
DA:338,2
DA:356,1
DA:357,0
DA:358,0
DA:359,0
DA:360,0
DA:361,0
DA:362,0
LF:65
LH:51
BRDA:74,0,0,0
BRDA:79,1,0,1
BRDA:79,2,0,3
BRDA:79,2,1,2
BRDA:84,3,0,0
BRDA:84,4,0,3
BRDA:84,4,1,2
BRDA:122,5,0,1
BRDA:122,5,1,1
BRDA:136,6,0,4
BRDA:136,6,1,0
BRDA:151,7,0,2
BRDA:151,7,1,0
BRDA:152,8,0,1
BRDA:152,8,1,1
BRDA:166,9,0,1
BRDA:166,9,1,0
BRDA:181,10,0,1
BRDA:181,10,1,0
BRDA:182,11,0,1
BRDA:182,11,1,0
BRDA:201,12,0,1
BRDA:201,12,1,1
BRDA:209,13,0,1
BRDA:209,13,1,0
BRDA:210,14,0,1
BRDA:210,14,1,0
BRDA:211,15,0,0
BRDA:211,15,1,0
BRDA:228,16,0,0
BRDA:228,17,0,1
BRDA:228,17,1,1
BRDA:245,18,0,1
BRDA:245,18,1,0
BRDA:246,19,0,1
BRDA:246,19,1,0
BRDA:247,20,0,1
BRDA:247,20,1,0
BRDA:248,21,0,1
BRDA:248,21,1,0
BRDA:249,22,0,1
BRDA:249,22,1,0
BRDA:264,23,0,0
BRDA:264,24,0,0
BRDA:264,24,1,0
BRDA:279,25,0,0
BRDA:279,25,1,0
BRDA:280,26,0,0
BRDA:280,26,1,0
BRDA:282,27,0,0
BRDA:282,27,1,0
BRDA:283,28,0,0
BRDA:283,28,1,0
BRDA:284,29,0,0
BRDA:284,29,1,0
BRDA:324,30,0,3
BRDA:324,30,1,0
BRDA:325,31,0,3
BRDA:325,31,1,0
BRDA:326,32,0,3
BRDA:326,32,1,0
BRDA:327,33,0,3
BRDA:327,33,1,0
BRDA:328,34,0,3
BRDA:328,34,1,0
BRDA:329,35,0,3
BRDA:329,35,1,0
BRDA:344,36,0,2
BRDA:344,36,1,0
BRDA:345,37,0,2
BRDA:345,37,1,0
BRDA:346,38,0,2
BRDA:346,38,1,0
BRDA:347,39,0,2
BRDA:347,39,1,0
BRDA:356,40,0,1
BRDA:356,41,0,1
BRDA:356,41,1,0
BRDA:357,42,0,0
BRDA:357,43,0,0
BRDA:357,43,1,0
BRDA:358,44,0,0
BRDA:358,45,0,0
BRDA:358,45,1,0
BRDA:359,46,0,0
BRDA:359,47,0,0
BRDA:359,47,1,0
BRDA:360,48,0,0
BRDA:360,49,0,0
BRDA:360,49,1,0
BRDA:361,50,0,0
BRDA:361,51,0,0
BRDA:361,51,1,0
BRF:93
BRH:37
end_of_record
TN:
SF:src/database/dao/WebSocketDAO.ts
FN:50,(anonymous_0)
FN:55,(anonymous_1)
FN:95,(anonymous_2)
FN:116,(anonymous_3)
FN:139,(anonymous_4)
FN:159,(anonymous_5)
FN:182,(anonymous_6)
FN:202,(anonymous_7)
FN:227,(anonymous_8)
FN:283,(anonymous_9)
FN:292,(anonymous_10)
FN:303,(anonymous_11)
FN:343,(anonymous_12)
FN:359,(anonymous_13)
FNF:14
FNH:14
FNDA:42,(anonymous_0)
FNDA:27,(anonymous_1)
FNDA:3,(anonymous_2)
FNDA:8,(anonymous_3)
FNDA:2,(anonymous_4)
FNDA:3,(anonymous_5)
FNDA:1,(anonymous_6)
FNDA:3,(anonymous_7)
FNDA:3,(anonymous_8)
FNDA:2,(anonymous_9)
FNDA:2,(anonymous_10)
FNDA:3,(anonymous_11)
FNDA:2,(anonymous_12)
FNDA:4,(anonymous_13)
DA:6,9
DA:49,9
DA:50,42
DA:60,27
DA:62,27
DA:89,27
DA:99,3
DA:110,3
DA:120,8
DA:133,8
DA:143,2
DA:153,2
DA:162,3
DA:163,2
DA:166,1
DA:176,1
DA:186,1
DA:196,1
DA:208,3
DA:221,3
DA:232,3
DA:233,1
DA:237,2
DA:238,2
DA:240,2
DA:253,2
DA:266,2
DA:282,2
DA:283,2
DA:284,2
DA:287,2
DA:292,2
DA:307,3
DA:308,1
DA:312,2
DA:313,2
DA:318,0
DA:323,2
DA:337,2
DA:347,2
DA:353,2
DA:364,4
DA:369,4
DA:371,4
DA:372,2
DA:373,2
DA:376,4
DA:378,4
DA:384,4
LF:49
LH:48
BRDA:78,0,0,27
BRDA:78,0,1,24
BRDA:81,1,0,27
BRDA:81,1,1,26
BRDA:83,2,0,27
BRDA:83,2,1,20
BRDA:84,3,0,27
BRDA:84,3,1,23
BRDA:162,4,0,2
BRDA:232,5,0,1
BRDA:237,6,0,1
BRDA:237,6,1,1
BRDA:237,7,0,2
BRDA:237,7,1,1
BRDA:238,8,0,1
BRDA:238,8,1,1
BRDA:238,9,0,2
BRDA:238,9,1,1
BRDA:288,10,0,2
BRDA:288,10,1,0
BRDA:289,11,0,2
BRDA:289,11,1,0
BRDA:291,12,0,2
BRDA:291,12,1,0
BRDA:304,13,0,1
BRDA:307,14,0,1
BRDA:313,15,0,0
BRDA:314,16,0,2
BRDA:314,16,1,2
BRDA:314,16,2,2
BRDA:353,17,0,2
BRDA:353,17,1,1
BRDA:371,18,0,2
BRF:33
BRH:29
end_of_record
TN:
SF:src/utils/Logger.ts
FN:10,(anonymous_1)
FN:75,(anonymous_2)
FN:97,(anonymous_3)
FN:107,(anonymous_4)
FN:129,(anonymous_5)
FN:160,(anonymous_6)
FN:191,(anonymous_7)
FN:266,(anonymous_8)
FN:279,(anonymous_9)
FN:283,(anonymous_10)
FN:287,(anonymous_11)
FN:291,(anonymous_12)
FN:295,(anonymous_13)
FN:299,(anonymous_14)
FN:304,(anonymous_15)
FN:329,(anonymous_16)
FN:342,(anonymous_17)
FN:357,(anonymous_18)
FN:375,(anonymous_19)
FN:417,(anonymous_20)
FN:449,(anonymous_21)
FN:471,(anonymous_22)
FN:491,(anonymous_23)
FN:495,(anonymous_24)
FN:499,(anonymous_25)
FN:503,(anonymous_26)
FN:510,(anonymous_27)
FN:512,(anonymous_28)
FN:528,(anonymous_29)
FN:532,(anonymous_30)
FN:543,(anonymous_31)
FN:563,(anonymous_32)
FN:567,(anonymous_33)
FN:573,(anonymous_34)
FN:591,(anonymous_35)
FN:593,(anonymous_36)
FN:614,(anonymous_37)
FN:618,(anonymous_38)
FN:628,(anonymous_39)
FN:642,(anonymous_40)
FN:651,(anonymous_41)
FN:668,(anonymous_42)
FN:684,(anonymous_43)
FN:685,(anonymous_44)
FN:693,getLogger
FN:706,setLogger
FN:710,createLogger
FNF:47
FNH:33
FNDA:15,(anonymous_1)
FNDA:54,(anonymous_2)
FNDA:18,(anonymous_3)
FNDA:151,(anonymous_4)
FNDA:2079,(anonymous_5)
FNDA:2054,(anonymous_6)
FNDA:2054,(anonymous_7)
FNDA:3,(anonymous_8)
FNDA:2,(anonymous_9)
FNDA:5,(anonymous_10)
FNDA:2018,(anonymous_11)
FNDA:6,(anonymous_12)
FNDA:8,(anonymous_13)
FNDA:2,(anonymous_14)
FNDA:4,(anonymous_15)
FNDA:7,(anonymous_16)
FNDA:19,(anonymous_17)
FNDA:4,(anonymous_18)
FNDA:5,(anonymous_19)
FNDA:0,(anonymous_20)
FNDA:0,(anonymous_21)
FNDA:0,(anonymous_22)
FNDA:2,(anonymous_23)
FNDA:1,(anonymous_24)
FNDA:0,(anonymous_25)
FNDA:21,(anonymous_26)
FNDA:2,(anonymous_27)
FNDA:6,(anonymous_28)
FNDA:0,(anonymous_29)
FNDA:0,(anonymous_30)
FNDA:0,(anonymous_31)
FNDA:9,(anonymous_32)
FNDA:2,(anonymous_33)
FNDA:2,(anonymous_34)
FNDA:0,(anonymous_35)
FNDA:0,(anonymous_36)
FNDA:1,(anonymous_37)
FNDA:3,(anonymous_38)
FNDA:1,(anonymous_39)
FNDA:0,(anonymous_40)
FNDA:0,(anonymous_41)
FNDA:0,(anonymous_42)
FNDA:0,(anonymous_43)
FNDA:0,(anonymous_44)
FNDA:145,getLogger
FNDA:1,setLogger
FNDA:46,createLogger
DA:6,15
DA:7,15
DA:10,15
DA:11,15
DA:12,15
DA:13,15
DA:14,15
DA:15,15
DA:16,15
DA:61,15
DA:63,54
DA:64,54
DA:76,54
DA:88,54
DA:89,1
DA:90,1
DA:102,18
DA:103,18
DA:105,18
DA:108,151
DA:109,9
DA:112,142
DA:113,38
DA:114,1
DA:116,37
DA:117,37
DA:120,141
DA:135,2079
DA:136,30
DA:139,2049
DA:148,2049
DA:149,2049
DA:152,2049
DA:155,2049
DA:156,3
DA:161,2054
DA:163,2054
DA:166,11
DA:167,11
DA:169,5
DA:170,5
DA:173,2054
DA:174,4
DA:177,2054
DA:178,2
DA:179,2
DA:180,2
DA:183,2054
DA:187,2
DA:192,2054
DA:193,2054
DA:196,2054
DA:200,2054
DA:201,2054
DA:203,2054
DA:205,1
DA:206,1
DA:207,1
DA:209,5
DA:210,5
DA:211,5
DA:213,2032
DA:214,2032
DA:215,2032
DA:217,5
DA:218,5
DA:219,5
DA:221,9
DA:222,9
DA:223,9
DA:225,2
DA:226,2
DA:227,2
DA:230,2054
DA:233,2054
DA:234,4
DA:238,2054
DA:239,2
DA:242,2054
DA:245,2054
DA:246,13
DA:247,13
DA:252,0
DA:257,2054
DA:258,5
DA:267,3
DA:269,3
DA:270,3
DA:271,3
DA:274,1
DA:280,2
DA:284,5
DA:288,2018
DA:292,6
DA:296,8
DA:300,2
DA:311,4
DA:312,4
DA:314,4
DA:334,7
DA:348,19
DA:349,19
DA:363,4
DA:364,4
DA:383,5
DA:385,5
DA:405,5
DA:406,5
DA:407,5
DA:409,5
DA:410,0
DA:429,0
DA:431,0
DA:455,0
DA:477,0
DA:492,2
DA:496,1
DA:500,0
DA:504,21
DA:511,2
DA:512,6
DA:515,2
DA:516,2
DA:527,0
DA:528,0
DA:531,0
DA:532,0
DA:535,0
DA:536,0
DA:539,0
DA:540,0
DA:541,0
DA:543,0
DA:544,0
DA:545,0
DA:547,0
DA:549,0
DA:552,0
DA:564,9
DA:569,2
DA:574,2
DA:575,2
DA:577,2
DA:583,2
DA:584,2
DA:585,2
DA:592,0
DA:594,0
DA:597,0
DA:599,0
DA:605,0
DA:607,0
DA:615,1
DA:617,1
DA:619,3
DA:620,3
DA:621,3
DA:629,1
DA:647,0
DA:648,0
DA:650,0
DA:652,0
DA:653,0
DA:654,0
DA:656,0
DA:657,0
DA:658,0
DA:661,0
DA:669,0
DA:673,0
DA:684,0
DA:685,0
DA:691,15
DA:693,15
DA:694,145
DA:695,8
DA:703,145
DA:706,15
DA:707,1
DA:710,15
DA:711,46
LF:181
LH:139
BRDA:10,0,0,15
BRDA:10,0,1,15
BRDA:75,1,0,0
BRDA:88,2,0,1
BRDA:88,3,0,54
BRDA:88,3,1,4
BRDA:99,4,0,0
BRDA:100,5,0,0
BRDA:108,6,0,9
BRDA:112,7,0,38
BRDA:112,8,0,142
BRDA:112,8,1,123
BRDA:113,9,0,1
BRDA:122,10,0,15
BRDA:122,10,1,3
BRDA:135,11,0,30
BRDA:155,12,0,3
BRDA:163,13,0,9
BRDA:163,13,1,11
BRDA:163,13,2,5
BRDA:173,14,0,4
BRDA:177,15,0,2
BRDA:177,16,0,2054
BRDA:177,16,1,5
BRDA:180,17,0,2
BRDA:180,17,1,0
BRDA:183,18,0,2
BRDA:184,19,0,2054
BRDA:184,19,1,6
BRDA:193,20,0,2054
BRDA:193,20,1,0
BRDA:196,21,0,2054
BRDA:196,21,1,0
BRDA:203,22,0,1
BRDA:203,22,1,5
BRDA:203,22,2,2032
BRDA:203,22,3,5
BRDA:203,22,4,9
BRDA:203,22,5,2
BRDA:233,23,0,4
BRDA:233,24,0,2054
BRDA:233,24,1,4
BRDA:238,25,0,2
BRDA:238,26,0,2054
BRDA:238,26,1,2054
BRDA:238,26,2,2
BRDA:245,27,0,13
BRDA:245,28,0,2054
BRDA:245,28,1,22
BRDA:245,28,2,9
BRDA:246,29,0,13
BRDA:246,29,1,0
BRDA:257,30,0,5
BRDA:257,31,0,2054
BRDA:257,31,1,2054
BRDA:257,31,2,5
BRDA:260,32,0,5
BRDA:260,32,1,0
BRDA:260,33,0,5
BRDA:260,33,1,0
BRDA:260,34,0,5
BRDA:260,34,1,0
BRDA:260,35,0,5
BRDA:260,35,1,0
BRDA:267,36,0,0
BRDA:315,37,0,3
BRDA:315,37,1,1
BRDA:317,38,0,3
BRDA:317,38,1,1
BRDA:317,39,0,3
BRDA:317,39,1,1
BRDA:320,40,0,3
BRDA:320,40,1,1
BRDA:323,41,0,2
BRDA:323,41,1,2
BRDA:323,42,0,4
BRDA:323,42,1,3
BRDA:337,43,0,6
BRDA:337,43,1,1
BRDA:367,44,0,4
BRDA:367,44,1,0
BRDA:389,45,0,2
BRDA:389,45,1,3
BRDA:409,46,0,0
BRDA:429,47,0,0
BRDA:429,47,1,0
BRDA:499,48,0,0
BRDA:512,49,0,6
BRDA:512,49,1,0
BRDA:515,50,0,2
BRDA:528,51,0,0
BRDA:528,51,1,0
BRDA:532,52,0,0
BRDA:532,52,1,0
BRDA:544,53,0,0
BRDA:544,53,1,0
BRDA:546,54,0,0
BRDA:546,54,1,0
BRDA:546,55,0,0
BRDA:546,55,1,0
BRDA:548,56,0,0
BRDA:548,56,1,0
BRDA:548,57,0,0
BRDA:548,57,1,0
BRDA:549,58,0,0
BRDA:549,58,1,0
BRDA:594,59,0,0
BRDA:594,59,1,0
BRDA:594,59,2,0
BRDA:632,60,0,0
BRDA:632,60,1,1
BRDA:651,61,0,0
BRDA:657,62,0,0
BRDA:657,63,0,0
BRDA:657,63,1,0
BRDA:669,64,0,0
BRDA:669,64,1,0
BRDA:680,65,0,0
BRDA:680,65,1,0
BRDA:685,66,0,0
BRDA:685,66,1,0
BRDA:694,67,0,8
BRDA:696,68,0,8
BRDA:696,68,1,0
BRDA:710,69,0,3
BRF:125
BRH:76
end_of_record
TN:
SF:src/utils/ProgressReporter.ts
FN:38,(anonymous_1)
FN:62,(anonymous_2)
FN:64,(anonymous_3)
FN:71,(anonymous_4)
FN:75,(anonymous_5)
FN:85,(anonymous_6)
FN:112,(anonymous_7)
FN:113,(anonymous_8)
FN:123,(anonymous_9)
FN:137,(anonymous_10)
FN:160,(anonymous_11)
FN:187,(anonymous_12)
FN:211,(anonymous_13)
FN:247,(anonymous_14)
FN:266,(anonymous_15)
FN:298,(anonymous_16)
FN:304,(anonymous_17)
FN:311,(anonymous_18)
FN:318,(anonymous_19)
FN:320,(anonymous_20)
FN:329,(anonymous_21)
FN:334,(anonymous_22)
FN:340,(anonymous_23)
FN:345,(anonymous_24)
FN:351,(anonymous_25)
FN:360,(anonymous_26)
FNF:26
FNH:23
FNDA:31,(anonymous_1)
FNDA:31,(anonymous_2)
FNDA:0,(anonymous_3)
FNDA:43,(anonymous_4)
FNDA:3,(anonymous_5)
FNDA:0,(anonymous_6)
FNDA:46,(anonymous_7)
FNDA:19,(anonymous_8)
FNDA:5,(anonymous_9)
FNDA:18,(anonymous_10)
FNDA:16,(anonymous_11)
FNDA:2,(anonymous_12)
FNDA:3,(anonymous_13)
FNDA:2,(anonymous_14)
FNDA:3,(anonymous_15)
FNDA:2,(anonymous_16)
FNDA:3,(anonymous_17)
FNDA:2,(anonymous_18)
FNDA:16,(anonymous_19)
FNDA:16,(anonymous_20)
FNDA:20,(anonymous_21)
FNDA:9,(anonymous_22)
FNDA:0,(anonymous_23)
FNDA:7,(anonymous_24)
FNDA:32,(anonymous_25)
FNDA:2,(anonymous_26)
DA:6,3
DA:7,3
DA:30,3
DA:33,31
DA:34,31
DA:36,31
DA:39,31
DA:40,31
DA:41,31
DA:42,31
DA:44,31
DA:45,31
DA:47,31
DA:59,31
DA:63,31
DA:64,27
DA:65,0
DA:66,0
DA:72,43
DA:76,3
DA:79,2
DA:81,2
DA:82,2
DA:86,0
DA:87,0
DA:89,0
DA:91,0
DA:95,0
DA:96,0
DA:98,0
DA:113,46
DA:114,19
DA:115,19
DA:117,1
DA:124,5
DA:125,5
DA:126,5
DA:128,5
DA:130,5
DA:138,18
DA:139,18
DA:140,18
DA:141,18
DA:143,18
DA:145,18
DA:152,18
DA:166,16
DA:168,16
DA:169,11
DA:171,5
DA:174,16
DA:178,16
DA:180,16
DA:193,2
DA:194,2
DA:195,2
DA:197,2
DA:204,2
DA:218,3
DA:219,3
DA:220,3
DA:221,3
DA:223,3
DA:231,3
DA:248,2
DA:249,2
DA:250,2
DA:252,2
DA:258,2
DA:267,3
DA:268,3
DA:272,3
DA:273,3
DA:275,3
DA:276,3
DA:277,3
DA:278,3
DA:283,3
DA:288,3
DA:289,3
DA:290,3
DA:292,3
DA:293,0
DA:295,3
DA:299,2
DA:301,2
DA:302,1
DA:303,1
DA:305,3
DA:306,3
DA:311,1
DA:312,2
DA:319,16
DA:320,16
DA:321,16
DA:322,16
DA:323,13
DA:330,20
DA:331,20
DA:335,9
DA:341,0
DA:342,0
DA:346,7
DA:347,7
DA:352,32
DA:353,27
DA:354,27
DA:356,32
DA:369,2
DA:371,2
LF:110
LH:98
BRDA:41,0,0,0
BRDA:42,1,0,0
BRDA:63,2,0,27
BRDA:63,3,0,31
BRDA:63,3,1,4
BRDA:76,4,0,1
BRDA:87,5,0,0
BRDA:99,6,0,0
BRDA:99,6,1,0
BRDA:131,7,0,4
BRDA:131,7,1,1
BRDA:168,8,0,11
BRDA:168,8,1,5
BRDA:174,9,0,11
BRDA:174,9,1,5
BRDA:181,10,0,11
BRDA:181,10,1,5
BRDA:181,11,0,11
BRDA:181,11,1,5
BRDA:181,12,0,5
BRDA:181,12,1,11
BRDA:194,13,0,2
BRDA:194,13,1,0
BRDA:254,14,0,1
BRDA:254,14,1,1
BRDA:259,15,0,1
BRDA:259,15,1,1
BRDA:285,16,0,1
BRDA:285,16,1,2
BRDA:292,17,0,0
BRDA:301,18,0,1
BRDA:305,19,0,3
BRDA:305,19,1,2
BRDA:322,20,0,13
BRDA:352,21,0,27
BRDA:378,22,0,1
BRDA:378,22,1,1
BRF:37
BRH:30
end_of_record
